RUN	ResgasaSimulation	resgasasimulation	1582737476960	 	3.3.1
USER	Facturas	9	START	1582737479385	1582737479385
USER	Facturas	13	START	1582737479450	1582737479450
USER	Facturas	14	START	1582737479451	1582737479451
USER	Facturas	1	START	1582737479362	1582737479362
USER	Facturas	15	START	1582737479451	1582737479451
USER	Facturas	5	START	1582737479385	1582737479385
USER	Facturas	17	START	1582737479452	1582737479452
USER	Facturas	16	START	1582737479452	1582737479452
USER	Facturas	2	START	1582737479363	1582737479363
USER	Facturas	18	START	1582737479453	1582737479453
USER	Facturas	19	START	1582737479454	1582737479454
USER	Facturas	20	START	1582737479454	1582737479454
USER	Facturas	4	START	1582737479363	1582737479363
USER	Facturas	10	START	1582737479390	1582737479390
USER	Facturas	11	START	1582737479392	1582737479392
USER	Facturas	6	START	1582737479387	1582737479387
USER	Facturas	12	START	1582737479395	1582737479395
USER	Facturas	7	START	1582737479394	1582737479394
USER	Facturas	3	START	1582737479363	1582737479363
USER	Facturas	8	START	1582737479382	1582737479382
REQUEST	3		ResgasaToken	1582737479447	1582737479510	OK	 
REQUEST	18		ResgasaToken	1582737479454	1582737479511	OK	 
REQUEST	6		ResgasaToken	1582737479446	1582737479509	OK	 
REQUEST	17		ResgasaToken	1582737479453	1582737479506	OK	 
REQUEST	5		ResgasaToken	1582737479447	1582737479510	OK	 
REQUEST	4		ResgasaToken	1582737479447	1582737479510	OK	 
REQUEST	7		ResgasaToken	1582737479449	1582737479507	OK	 
REQUEST	14		ResgasaToken	1582737479451	1582737479644	OK	 
REQUEST	8		ResgasaToken	1582737479448	1582737479510	OK	 
REQUEST	16		ResgasaToken	1582737479453	1582737479657	OK	 
REQUEST	13		ResgasaToken	1582737479451	1582737479655	OK	 
REQUEST	20		ResgasaToken	1582737479455	1582737479655	OK	 
REQUEST	11		ResgasaToken	1582737479447	1582737479645	OK	 
REQUEST	12		ResgasaToken	1582737479447	1582737479660	OK	 
REQUEST	2		ResgasaToken	1582737479446	1582737479637	OK	 
REQUEST	1		ResgasaToken	1582737479446	1582737479662	OK	 
REQUEST	15		ResgasaToken	1582737479452	1582737479661	OK	 
REQUEST	10		ResgasaToken	1582737479447	1582737479694	OK	 
REQUEST	19		ResgasaToken	1582737479455	1582737479689	OK	 
REQUEST	9		ResgasaToken	1582737479447	1582737479698	OK	 
REQUEST	11		Factura	1582737479712	1582737496832	OK	 
REQUEST	20		Factura	1582737479710	1582737503574	OK	 
REQUEST	3		Factura	1582737479654	1582737503539	KO	status.find.is(200), but actually found 500
REQUEST	6		Factura	1582737479663	1582737506744	OK	 
REQUEST	8		Factura	1582737479705	1582737513100	OK	 
REQUEST	14		Factura	1582737479704	1582737515719	OK	 
REQUEST	15		Factura	1582737479716	1582737518686	OK	 
REQUEST	10		Factura	1582737479729	1582737523051	OK	 
REQUEST	17		Factura	1582737479695	1582737526772	OK	 
REQUEST	12		Factura	1582737479715	1582737531846	OK	 
REQUEST	2		Factura	1582737479713	1582737534257	OK	 
REQUEST	16		Factura	1582737479711	1582737538306	KO	status.find.is(200), but actually found 500
REQUEST	5		Factura	1582737479694	1582737538345	OK	 
REQUEST	4		Factura	1582737479699	1582737539701	KO	i.g.h.c.i.RequestTimeoutException: Request timeout to ws.resgasa.com.ec/190.12.0.158:89 after 60000 ms
REQUEST	18		Factura	1582737479659	1582737539702	KO	i.g.h.c.i.RequestTimeoutException: Request timeout to ws.resgasa.com.ec/190.12.0.158:89 after 60000 ms
REQUEST	7		Factura	1582737479696	1582737539697	KO	i.g.h.c.i.RequestTimeoutException: Request timeout to ws.resgasa.com.ec/190.12.0.158:89 after 60000 ms
REQUEST	13		Factura	1582737479709	1582737539709	KO	i.g.h.c.i.RequestTimeoutException: Request timeout to ws.resgasa.com.ec/190.12.0.158:89 after 60000 ms
REQUEST	1		Factura	1582737479722	1582737539722	KO	i.g.h.c.i.RequestTimeoutException: Request timeout to ws.resgasa.com.ec/190.12.0.158:89 after 60000 ms
REQUEST	19		Factura	1582737479723	1582737539727	KO	i.g.h.c.i.RequestTimeoutException: Request timeout to ws.resgasa.com.ec/190.12.0.158:89 after 60000 ms
REQUEST	9		Factura	1582737479731	1582737539731	KO	i.g.h.c.i.RequestTimeoutException: Request timeout to ws.resgasa.com.ec/190.12.0.158:89 after 60000 ms
REQUEST	11		Factura	1582737497832	1582737557832	KO	i.g.h.c.i.RequestTimeoutException: Request timeout to ws.resgasa.com.ec/190.12.0.158:89 after 60000 ms
REQUEST	3		Factura	1582737504441	1582737564442	KO	i.g.h.c.i.RequestTimeoutException: Request timeout to ws.resgasa.com.ec/190.12.0.158:89 after 60000 ms
REQUEST	20		Factura	1582737504592	1582737564592	KO	i.g.h.c.i.RequestTimeoutException: Request timeout to ws.resgasa.com.ec/190.12.0.158:89 after 60000 ms
REQUEST	6		Factura	1582737507631	1582737567631	KO	i.g.h.c.i.RequestTimeoutException: Request timeout to ws.resgasa.com.ec/190.12.0.158:89 after 60000 ms
REQUEST	14		Factura	1582737516732	1582737571917	OK	 
REQUEST	8		Factura	1582737513981	1582737573982	KO	i.g.h.c.i.RequestTimeoutException: Request timeout to ws.resgasa.com.ec/190.12.0.158:89 after 60000 ms
REQUEST	15		Factura	1582737519672	1582737576378	OK	 
REQUEST	12		Factura	1582737532841	1582737582642	OK	 
REQUEST	10		Factura	1582737524071	1582737583026	OK	 
REQUEST	17		Factura	1582737527651	1582737583733	KO	status.find.is(200), but actually found 500
REQUEST	1		Factura	1582737540711	1582737584464	OK	 
REQUEST	18		Factura	1582737540602	1582737589743	KO	status.find.is(200), but actually found 500
REQUEST	13		Factura	1582737540733	1582737591322	OK	 
REQUEST	9		Factura	1582737540751	1582737594824	OK	 
REQUEST	2		Factura	1582737535231	1582737595232	KO	i.g.h.c.i.RequestTimeoutException: Request timeout to ws.resgasa.com.ec/190.12.0.158:89 after 60000 ms
REQUEST	16		Factura	1582737539332	1582737597927	OK	 
REQUEST	5		Factura	1582737539241	1582737599241	KO	i.g.h.c.i.RequestTimeoutException: Request timeout to ws.resgasa.com.ec/190.12.0.158:89 after 60000 ms
REQUEST	7		Factura	1582737540581	1582737600582	KO	i.g.h.c.i.RequestTimeoutException: Request timeout to ws.resgasa.com.ec/190.12.0.158:89 after 60000 ms
REQUEST	4		Factura	1582737540601	1582737600602	KO	i.g.h.c.i.RequestTimeoutException: Request timeout to ws.resgasa.com.ec/190.12.0.158:89 after 60000 ms
REQUEST	19		Factura	1582737540731	1582737600731	KO	i.g.h.c.i.RequestTimeoutException: Request timeout to ws.resgasa.com.ec/190.12.0.158:89 after 60000 ms
REQUEST	11		Factura	1582737558831	1582737611520	OK	 
REQUEST	6		Factura	1582737568640	1582737617423	OK	 
REQUEST	3		Factura	1582737565441	1582737618035	OK	 
REQUEST	14		Factura	1582737572921	1582737619367	OK	 
REQUEST	15		Factura	1582737577391	1582737620060	OK	 
REQUEST	8		Factura	1582737574991	1582737620521	OK	 
REQUEST	12		Factura	1582737583641	1582737622226	OK	 
REQUEST	13		Factura	1582737592321	1582737625584	OK	 
REQUEST	20		Factura	1582737565601	1582737625601	KO	i.g.h.c.i.RequestTimeoutException: Request timeout to ws.resgasa.com.ec/190.12.0.158:89 after 60000 ms
REQUEST	10		Factura	1582737584033	1582737626443	OK	 
REQUEST	17		Factura	1582737584741	1582737628757	KO	status.find.is(200), but actually found 500
REQUEST	18		Factura	1582737590741	1582737628897	OK	 
REQUEST	2		Factura	1582737596231	1582737630785	OK	 
REQUEST	9		Factura	1582737595821	1582737633013	OK	 
REQUEST	16		Factura	1582737598931	1582737633943	KO	status.find.is(200), but actually found 500
REQUEST	19		Factura	1582737601740	1582737635338	OK	 
REQUEST	7		Factura	1582737601581	1582737636513	OK	 
REQUEST	5		Factura	1582737600251	1582737636832	KO	status.find.is(200), but actually found 500
REQUEST	11		Factura	1582737612521	1582737638635	OK	 
REQUEST	14		Factura	1582737620371	1582737640078	OK	 
REQUEST	1		Factura	1582737585472	1582737640220	KO	status.find.is(200), but actually found 500
REQUEST	4		Factura	1582737601591	1582737640636	OK	 
REQUEST	15		Factura	1582737621061	1582737642745	OK	 
REQUEST	3		Factura	1582737619041	1582737643660	OK	 
REQUEST	8		Factura	1582737621521	1582737644483	OK	 
REQUEST	12		Factura	1582737623231	1582737645418	KO	status.find.is(200), but actually found 500
REQUEST	13		Factura	1582737626591	1582737648690	OK	 
REQUEST	6		Factura	1582737618431	1582737648977	KO	status.find.is(200), but actually found 500
REQUEST	10		Factura	1582737627441	1582737649519	KO	status.find.is(200), but actually found 500
REQUEST	20		Factura	1582737626600	1582737650122	KO	status.find.is(200), but actually found 500
REQUEST	18		Factura	1582737629911	1582737651033	OK	 
REQUEST	17		Factura	1582737629760	1582737654153	OK	 
REQUEST	2		Factura	1582737631781	1582737654684	KO	status.find.is(200), but actually found 500
REQUEST	19		Factura	1582737636341	1582737654771	KO	status.find.is(200), but actually found 500
REQUEST	9		Factura	1582737634021	1582737658350	OK	 
REQUEST	7		Factura	1582737637521	1582737658932	OK	 
REQUEST	5		Factura	1582737637821	1582737659303	OK	 
REQUEST	14		Factura	1582737641080	1582737660379	OK	 
REQUEST	1		Factura	1582737641221	1582737662920	OK	 
REQUEST	15		Factura	1582737643741	1582737663204	KO	status.find.is(200), but actually found 500
REQUEST	4		Factura	1582737641641	1582737666221	OK	 
REQUEST	13		Factura	1582737649690	1582737667788	OK	 
REQUEST	16		Factura	1582737634931	1582737669886	OK	 
REQUEST	11		Factura	1582737639631	1582737673285	OK	 
REQUEST	20		Factura	1582737651121	1582737674113	OK	 
REQUEST	8		Factura	1582737645481	1582737675303	KO	status.find.is(200), but actually found 500
REQUEST	12		Factura	1582737646420	1582737675669	KO	status.find.is(200), but actually found 500
REQUEST	3		Factura	1582737644660	1582737675713	OK	 
REQUEST	18		Factura	1582737652031	1582737677685	OK	 
REQUEST	6		Factura	1582737649980	1582737678649	OK	 
REQUEST	10		Factura	1582737650530	1582737679280	KO	status.find.is(200), but actually found 500
REQUEST	9		Factura	1582737659351	1582737682420	OK	 
REQUEST	19		Factura	1582737655771	1582737683773	OK	 
REQUEST	2		Factura	1582737655691	1582737684341	OK	 
REQUEST	14		Factura	1582737661390	1582737685817	OK	 
REQUEST	5		Factura	1582737660311	1582737686108	KO	status.find.is(200), but actually found 500
REQUEST	7		Factura	1582737659940	1582737686941	OK	 
REQUEST	1		Factura	1582737663921	1582737689155	OK	 
REQUEST	17		Factura	1582737655151	1582737689909	OK	 
REQUEST	13		Factura	1582737668791	1582737691852	OK	 
REQUEST	4		Factura	1582737667231	1582737692887	OK	 
REQUEST	16		Factura	1582737670891	1582737694373	OK	 
REQUEST	8		Factura	1582737676300	1582737697633	OK	 
REQUEST	12		Factura	1582737676671	1582737698680	OK	 
REQUEST	11		Factura	1582737674291	1582737700755	OK	 
REQUEST	15		Factura	1582737664211	1582737702383	OK	 
REQUEST	20		Factura	1582737675121	1582737704369	KO	status.find.is(200), but actually found 500
REQUEST	6		Factura	1582737679651	1582737704382	OK	 
REQUEST	9		Factura	1582737683431	1582737706011	OK	 
REQUEST	18		Factura	1582737678682	1582737706450	KO	status.find.is(200), but actually found 500
REQUEST	3		Factura	1582737676711	1582737706501	KO	status.find.is(200), but actually found 500
REQUEST	5		Factura	1582737687111	1582737707511	OK	 
REQUEST	2		Factura	1582737685340	1582737708531	OK	 
REQUEST	10		Factura	1582737680282	1582737710342	OK	 
REQUEST	19		Factura	1582737684780	1582737710342	KO	status.find.is(200), but actually found 500
REQUEST	5		Factura	1582737708511	1582737710864	OK	 
REQUEST	14		Factura	1582737686821	1582737714381	KO	status.find.is(200), but actually found 500
REQUEST	1		Factura	1582737690160	1582737716345	OK	 
REQUEST	17		Factura	1582737690920	1582737717188	KO	status.find.is(200), but actually found 500
REQUEST	16		Factura	1582737695380	1582737719439	OK	 
REQUEST	4		Factura	1582737693890	1582737719859	OK	 
REQUEST	7		Factura	1582737687940	1582737720092	KO	status.find.is(200), but actually found 500
REQUEST	12		Factura	1582737699681	1582737723067	OK	 
REQUEST	13		Factura	1582737692861	1582737723538	KO	status.find.is(200), but actually found 500
REQUEST	15		Factura	1582737703380	1582737724931	OK	 
REQUEST	11		Factura	1582737701761	1582737726880	KO	status.find.is(200), but actually found 500
REQUEST	19		Factura	1582737711341	1582737726898	OK	 
REQUEST	8		Factura	1582737698640	1582737727074	KO	status.find.is(200), but actually found 500
REQUEST	9		Factura	1582737707011	1582737729562	OK	 
REQUEST	20		Factura	1582737705381	1582737730615	OK	 
REQUEST	6		Factura	1582737705382	1582737730900	KO	status.find.is(200), but actually found 500
REQUEST	2		Factura	1582737709531	1582737734152	OK	 
REQUEST	10		Factura	1582737711340	1582737734302	KO	status.find.is(200), but actually found 500
REQUEST	3		Factura	1582737707511	1582737735068	OK	 
REQUEST	18		Factura	1582737707461	1582737736559	OK	 
REQUEST	16		Factura	1582737720440	1582737739598	OK	 
REQUEST	14		Factura	1582737715371	1582737739789	KO	status.find.is(200), but actually found 500
REQUEST	1		Factura	1582737717341	1582737743465	OK	 
REQUEST	5		Factura	1582737711870	1582737744010	KO	status.find.is(200), but actually found 500
REQUEST	7		Factura	1582737721091	1582737744301	OK	 
REQUEST	17		Factura	1582737718170	1582737745074	OK	 
REQUEST	12		Factura	1582737724061	1582737748417	OK	 
REQUEST	15		Factura	1582737725940	1582737749557	OK	 
REQUEST	13		Factura	1582737724541	1582737750552	OK	 
REQUEST	4		Factura	1582737720860	1582737751045	KO	status.find.is(200), but actually found 500
REQUEST	11		Factura	1582737727881	1582737752535	OK	 
REQUEST	19		Factura	1582737727911	1582737752794	KO	status.find.is(200), but actually found 500
REQUEST	8		Factura	1582737728070	1582737754074	OK	 
REQUEST	9		Factura	1582737730561	1582737757966	OK	 
REQUEST	6		Factura	1582737731901	1582737759943	OK	 
REQUEST	20		Factura	1582737731611	1582737760416	OK	 
REQUEST	10		Factura	1582737735300	1582737760744	OK	 
REQUEST	2		Factura	1582737735161	1582737762378	OK	 
REQUEST	3		Factura	1582737736071	1582737762644	KO	status.find.is(200), but actually found 500
REQUEST	18		Factura	1582737737561	1582737764899	OK	 
REQUEST	16		Factura	1582737740601	1582737765138	KO	status.find.is(200), but actually found 500
REQUEST	10		Factura	1582737761751	1582737765284	OK	 
REQUEST	5		Factura	1582737745011	1582737766249	OK	 
REQUEST	7		Factura	1582737745310	1582737768828	OK	 
REQUEST	17		Factura	1582737746091	1582737771738	OK	 
REQUEST	15		Factura	1582737750550	1582737772948	OK	 
REQUEST	1		Factura	1582737744470	1582737773311	OK	 
REQUEST	14		Factura	1582737740790	1582737773966	KO	status.find.is(200), but actually found 500
REQUEST	4		Factura	1582737752041	1582737774131	OK	 
REQUEST	12		Factura	1582737749430	1582737776897	OK	 
REQUEST	11		Factura	1582737753540	1582737777086	KO	status.find.is(200), but actually found 500
REQUEST	13		Factura	1582737751550	1582737781632	KO	status.find.is(200), but actually found 500
REQUEST	8		Factura	1582737755080	1582737781666	OK	 
REQUEST	19		Factura	1582737753781	1582737782631	OK	 
REQUEST	6		Factura	1582737760941	1582737783877	OK	 
REQUEST	20		Factura	1582737761410	1582737786349	OK	 
REQUEST	3		Factura	1582737763641	1582737788800	OK	 
REQUEST	9		Factura	1582737758971	1582737789058	KO	status.find.is(200), but actually found 500
REQUEST	16		Factura	1582737766141	1582737792687	OK	 
REQUEST	10		Factura	1582737766281	1582737794125	KO	status.find.is(200), but actually found 500
REQUEST	18		Factura	1582737765900	1582737795416	OK	 
REQUEST	17		Factura	1582737772740	1582737796451	OK	 
REQUEST	5		Factura	1582737767251	1582737797241	KO	status.find.is(200), but actually found 500
REQUEST	2		Factura	1582737763381	1582737797323	OK	 
REQUEST	7		Factura	1582737769830	1582737799871	OK	 
REQUEST	1		Factura	1582737774320	1582737801140	KO	status.find.is(200), but actually found 500
REQUEST	4		Factura	1582737775140	1582737802051	OK	 
REQUEST	12		Factura	1582737777891	1582737804395	OK	 
REQUEST	11		Factura	1582737778080	1582737807763	OK	 
REQUEST	15		Factura	1582737773960	1582737808535	OK	 
REQUEST	19		Factura	1582737783640	1582737810054	OK	 
REQUEST	13		Factura	1582737782630	1582737810987	OK	 
REQUEST	14		Factura	1582737774971	1582737811513	OK	 
REQUEST	8		Factura	1582737782671	1582737813630	OK	 
REQUEST	6		Factura	1582737784890	1582737814414	KO	status.find.is(200), but actually found 500
REQUEST	20		Factura	1582737787360	1582737817003	KO	status.find.is(200), but actually found 500
REQUEST	9		Factura	1582737790061	1582737817016	OK	 
REQUEST	7		Factura	1582737800870	1582737819568	OK	 
REQUEST	10		Factura	1582737795131	1582737821716	OK	 
REQUEST	3		Factura	1582737789811	1582737822517	KO	status.find.is(200), but actually found 500
REQUEST	2		Factura	1582737798321	1582737822530	OK	 
REQUEST	5		Factura	1582737798241	1582737823710	OK	 
REQUEST	16		Factura	1582737793690	1582737824010	KO	status.find.is(200), but actually found 500
REQUEST	4		Factura	1582737803051	1582737826127	OK	 
REQUEST	17		Factura	1582737797450	1582737826710	OK	 
REQUEST	11		Factura	1582737808770	1582737828260	OK	 
REQUEST	12		Factura	1582737805401	1582737829827	OK	 
REQUEST	1		Factura	1582737802141	1582737830488	KO	status.find.is(200), but actually found 500
REQUEST	8		Factura	1582737814640	1582737832181	OK	 
REQUEST	18		Factura	1582737796410	1582737832184	KO	status.find.is(200), but actually found 500
REQUEST	19		Factura	1582737811050	1582737834280	OK	 
REQUEST	13		Factura	1582737812001	1582737834938	OK	 
REQUEST	14		Factura	1582737812511	1582737836127	OK	 
REQUEST	6		Factura	1582737815410	1582737836374	OK	 
REQUEST	9		Factura	1582737818011	1582737840039	KO	status.find.is(200), but actually found 500
REQUEST	7		Factura	1582737820570	1582737840074	OK	 
REQUEST	2		Factura	1582737823531	1582737840795	OK	 
REQUEST	4		Factura	1582737827120	1582737844079	OK	 
REQUEST	20		Factura	1582737818001	1582737844678	KO	status.find.is(200), but actually found 500
REQUEST	10		Factura	1582737822721	1582737846624	OK	 
REQUEST	16		Factura	1582737825011	1582737849322	OK	 
REQUEST	5		Factura	1582737824720	1582737851624	OK	 
REQUEST	15		Factura	1582737809530	1582737851698	KO	status.find.is(200), but actually found 500
REQUEST	11		Factura	1582737829270	1582737854708	KO	status.find.is(200), but actually found 500
REQUEST	1		Factura	1582737831490	1582737854734	OK	 
REQUEST	3		Factura	1582737823521	1582737856035	KO	status.find.is(200), but actually found 500
REQUEST	8		Factura	1582737833181	1582737857056	OK	 
REQUEST	12		Factura	1582737830841	1582737859565	OK	 
REQUEST	19		Factura	1582737835291	1582737861140	OK	 
REQUEST	13		Factura	1582737835940	1582737862732	OK	 
REQUEST	6		Factura	1582737837370	1582737864422	OK	 
REQUEST	18		Factura	1582737833191	1582737866775	OK	 
REQUEST	9		Factura	1582737841049	1582737867327	KO	status.find.is(200), but actually found 500
REQUEST	2		Factura	1582737841800	1582737867638	OK	 
REQUEST	4		Factura	1582737845090	1582737871079	OK	 
REQUEST	14		Factura	1582737837130	1582737871107	KO	status.find.is(200), but actually found 500
REQUEST	20		Factura	1582737845691	1582737873868	OK	 
REQUEST	4		Factura	1582737872080	1582737873962	OK	 
REQUEST	10		Factura	1582737847621	1582737874760	KO	status.find.is(200), but actually found 500
REQUEST	17		Factura	1582737827721	1582737874880	OK	 
REQUEST	7		Factura	1582737841070	1582737877741	OK	 
REQUEST	16		Factura	1582737850321	1582737878550	KO	status.find.is(200), but actually found 500
REQUEST	15		Factura	1582737852711	1582737879266	KO	status.find.is(200), but actually found 500
REQUEST	5		Factura	1582737852621	1582737883346	OK	 
REQUEST	3		Factura	1582737857030	1582737885254	OK	 
REQUEST	1		Factura	1582737855730	1582737885872	KO	status.find.is(200), but actually found 500
REQUEST	19		Factura	1582737862141	1582737888747	OK	 
REQUEST	13		Factura	1582737863730	1582737889762	OK	 
REQUEST	12		Factura	1582737860560	1582737889901	KO	status.find.is(200), but actually found 500
REQUEST	11		Factura	1582737855711	1582737890023	KO	status.find.is(200), but actually found 500
REQUEST	2		Factura	1582737868640	1582737890694	OK	 
REQUEST	8		Factura	1582737858061	1582737891944	KO	status.find.is(200), but actually found 500
REQUEST	18		Factura	1582737867781	1582737894308	OK	 
REQUEST	6		Factura	1582737865431	1582737894486	KO	status.find.is(200), but actually found 500
REQUEST	9		Factura	1582737868321	1582737895300	OK	 
REQUEST	18		Factura	1582737895300	1582737897339	OK	 
REQUEST	14		Factura	1582737872110	1582737898049	KO	status.find.is(200), but actually found 500
REQUEST	10		Factura	1582737875770	1582737898079	OK	 
REQUEST	4		Factura	1582737874961	1582737899248	OK	 
REQUEST	16		Factura	1582737879551	1582737901669	OK	 
REQUEST	17		Factura	1582737875881	1582737902126	KO	status.find.is(200), but actually found 500
REQUEST	20		Factura	1582737874870	1582737902504	KO	status.find.is(200), but actually found 500
REQUEST	7		Factura	1582737878751	1582737904856	OK	 
REQUEST	15		Factura	1582737880260	1582737905901	OK	 
REQUEST	11		Factura	1582737891020	1582737906947	OK	 
REQUEST	5		Factura	1582737884351	1582737908293	KO	status.find.is(200), but actually found 500
REQUEST	3		Factura	1582737886261	1582737909408	OK	 
REQUEST	8		Factura	1582737892950	1582737909885	OK	 
REQUEST	13		Factura	1582737890760	1582737909952	KO	status.find.is(200), but actually found 500
REQUEST	19		Factura	1582737889751	1582737912339	OK	 
REQUEST	12		Factura	1582737890900	1582737912778	KO	status.find.is(200), but actually found 500
REQUEST	1		Factura	1582737886880	1582737915319	OK	 
REQUEST	6		Factura	1582737895480	1582737916133	OK	 
REQUEST	2		Factura	1582737891700	1582737917971	OK	 
REQUEST	9		Factura	1582737896311	1582737921726	KO	status.find.is(200), but actually found 500
REQUEST	10		Factura	1582737899080	1582737921811	OK	 
REQUEST	14		Factura	1582737899051	1582737922557	OK	 
REQUEST	20		Factura	1582737903501	1582737923882	OK	 
REQUEST	17		Factura	1582737903120	1582737925046	KO	status.find.is(200), but actually found 500
REQUEST	4		Factura	1582737900260	1582737926770	OK	 
REQUEST	7		Factura	1582737905851	1582737927733	OK	 
REQUEST	16		Factura	1582737902681	1582737928340	OK	 
REQUEST	1		Factura	1582737916320	1582737930809	OK	 
REQUEST	5		Factura	1582737909291	1582737934070	OK	 
REQUEST	18		Factura	1582737898350	1582737934682	OK	 
REQUEST	8		Factura	1582737910881	1582737936452	OK	 
REQUEST	11		Factura	1582737907961	1582737936824	KO	status.find.is(200), but actually found 500
REQUEST	15		Factura	1582737906910	1582737938450	OK	 
REQUEST	12		Factura	1582737913780	1582737940039	KO	status.find.is(200), but actually found 500
REQUEST	6		Factura	1582737917141	1582737940559	OK	 
REQUEST	2		Factura	1582737918980	1582737942839	OK	 
REQUEST	19		Factura	1582737913340	1582737946448	OK	 
REQUEST	13		Factura	1582737910951	1582737947441	OK	 
REQUEST	14		Factura	1582737923561	1582737950071	OK	 
REQUEST	9		Factura	1582737922721	1582737951262	KO	status.find.is(200), but actually found 500
REQUEST	20		Factura	1582737924880	1582737952142	OK	 
REQUEST	17		Factura	1582737926040	1582737953759	OK	 
REQUEST	3		Factura	1582737910411	1582737956332	OK	 
REQUEST	7		Factura	1582737928740	1582737957162	OK	 
REQUEST	1		Factura	1582737931811	1582737957166	KO	status.find.is(200), but actually found 500
REQUEST	4		Factura	1582737927770	1582737961529	OK	 
REQUEST	18		Factura	1582737935681	1582737962562	KO	status.find.is(200), but actually found 500
REQUEST	16		Factura	1582737929340	1582737962918	OK	 
REQUEST	5		Factura	1582737935081	1582737963869	KO	status.find.is(200), but actually found 500
REQUEST	8		Factura	1582737937461	1582737965687	OK	 
REQUEST	10		Factura	1582737922810	1582737966275	OK	 
REQUEST	12		Factura	1582737941040	1582737966993	OK	 
REQUEST	10		Factura	1582737967280	1582737969381	OK	 
REQUEST	6		Factura	1582737941570	1582737970298	OK	 
REQUEST	13		Factura	1582737948450	1582737972883	OK	 
REQUEST	15		Factura	1582737939450	1582737972913	KO	status.find.is(200), but actually found 500
REQUEST	11		Factura	1582737937810	1582737973524	OK	 
REQUEST	2		Factura	1582737943840	1582737974554	KO	status.find.is(200), but actually found 500
REQUEST	19		Factura	1582737947450	1582737974701	KO	status.find.is(200), but actually found 500
REQUEST	20		Factura	1582737953150	1582737975996	OK	 
REQUEST	14		Factura	1582737951070	1582737980260	KO	status.find.is(200), but actually found 500
REQUEST	9		Factura	1582737952260	1582737980323	OK	 
REQUEST	3		Factura	1582737957330	1582737982126	KO	status.find.is(200), but actually found 500
REQUEST	4		Factura	1582737962530	1582737983058	OK	 
REQUEST	17		Factura	1582737954771	1582737984702	OK	 
REQUEST	18		Factura	1582737963560	1582737986653	OK	 
REQUEST	8		Factura	1582737966691	1582737986978	OK	 
REQUEST	5		Factura	1582737964860	1582737987298	KO	status.find.is(200), but actually found 500
REQUEST	7		Factura	1582737958161	1582737988013	KO	status.find.is(200), but actually found 500
REQUEST	1		Factura	1582737958161	1582737990173	KO	status.find.is(200), but actually found 500
REQUEST	12		Factura	1582737967990	1582737992165	OK	 
REQUEST	6		Factura	1582737971301	1582737993177	OK	 
REQUEST	16		Factura	1582737963921	1582737994008	KO	status.find.is(200), but actually found 500
REQUEST	10		Factura	1582737970391	1582737996050	OK	 
REQUEST	11		Factura	1582737974531	1582737996516	KO	status.find.is(200), but actually found 500
REQUEST	20		Factura	1582737976990	1582737997089	KO	status.find.is(200), but actually found 500
REQUEST	19		Factura	1582737975700	1582737998843	OK	 
REQUEST	15		Factura	1582737973911	1582738000424	KO	status.find.is(200), but actually found 500
REQUEST	13		Factura	1582737973881	1582738001171	OK	 
REQUEST	14		Factura	1582737981261	1582738002047	KO	status.find.is(200), but actually found 500
REQUEST	3		Factura	1582737983120	1582738003846	OK	 
REQUEST	17		Factura	1582737985700	1582738008742	OK	 
REQUEST	9		Factura	1582737981331	1582738009762	KO	status.find.is(200), but actually found 500
REQUEST	2		Factura	1582737975551	1582738010456	KO	status.find.is(200), but actually found 500
REQUEST	8		Factura	1582737987981	1582738012746	KO	status.find.is(200), but actually found 500
REQUEST	5		Factura	1582737988311	1582738012765	OK	 
REQUEST	7		Factura	1582737989010	1582738015367	OK	 
REQUEST	18		Factura	1582737987661	1582738015638	KO	status.find.is(200), but actually found 500
REQUEST	4		Factura	1582737984050	1582738018244	OK	 
REQUEST	11		Factura	1582737997510	1582738021075	KO	status.find.is(200), but actually found 500
REQUEST	13		Factura	1582738002180	1582738021110	OK	 
REQUEST	1		Factura	1582737991180	1582738021203	KO	status.find.is(200), but actually found 500
REQUEST	20		Factura	1582737998101	1582738024469	OK	 
REQUEST	12		Factura	1582737993170	1582738025498	KO	status.find.is(200), but actually found 500
REQUEST	6		Factura	1582737994171	1582738026829	OK	 
REQUEST	20		Factura	1582738025471	1582738027404	OK	 
REQUEST	14		Factura	1582738003051	1582738030519	OK	 
REQUEST	19		Factura	1582737999841	1582738034606	OK	 
REQUEST	10		Factura	1582737997051	1582738034985	KO	status.find.is(200), but actually found 500
REQUEST	16		Factura	1582737995011	1582738036463	OK	 
REQUEST	17		Factura	1582738009751	1582738038482	KO	status.find.is(200), but actually found 500
REQUEST	9		Factura	1582738010760	1582738038533	OK	 
REQUEST	3		Factura	1582738004851	1582738038690	KO	status.find.is(200), but actually found 500
REQUEST	8		Factura	1582738013740	1582738040818	OK	 
REQUEST	15		Factura	1582738001421	1582738042732	OK	 
REQUEST	2		Factura	1582738011450	1582738043969	KO	status.find.is(200), but actually found 500
REQUEST	7		Factura	1582738016380	1582738044881	OK	 
REQUEST	15		Factura	1582738043740	1582738045982	OK	 
REQUEST	18		Factura	1582738016640	1582738048130	OK	 
REQUEST	5		Factura	1582738013770	1582738048753	KO	status.find.is(200), but actually found 500
REQUEST	13		Factura	1582738022111	1582738048869	KO	status.find.is(200), but actually found 500
REQUEST	1		Factura	1582738022201	1582738049020	OK	 
REQUEST	4		Factura	1582738019251	1582738052063	OK	 
REQUEST	12		Factura	1582738026511	1582738055110	OK	 
REQUEST	14		Factura	1582738031520	1582738056233	KO	status.find.is(200), but actually found 500
REQUEST	20		Factura	1582738028401	1582738057021	OK	 
USER	Facturas	20	END	1582737479454	1582738058037
REQUEST	6		Factura	1582738027830	1582738058167	KO	status.find.is(200), but actually found 500
REQUEST	19		Factura	1582738035611	1582738061031	OK	 
REQUEST	11		Factura	1582738022080	1582738061064	KO	status.find.is(200), but actually found 500
REQUEST	9		Factura	1582738039530	1582738064097	OK	 
REQUEST	3		Factura	1582738039700	1582738064796	OK	 
REQUEST	16		Factura	1582738037461	1582738067043	OK	 
REQUEST	10		Factura	1582738035981	1582738067544	KO	status.find.is(200), but actually found 500
USER	Facturas	10	END	1582737479390	1582738068549
REQUEST	17		Factura	1582738039480	1582738069024	OK	 
REQUEST	5		Factura	1582738049750	1582738073568	OK	 
REQUEST	2		Factura	1582738044980	1582738073864	KO	status.find.is(200), but actually found 500
REQUEST	7		Factura	1582738045881	1582738074034	OK	 
USER	Facturas	5	END	1582737479385	1582738074570
REQUEST	8		Factura	1582738041821	1582738074749	OK	 
USER	Facturas	8	END	1582737479382	1582738075750
REQUEST	4		Factura	1582738053060	1582738075839	OK	 
USER	Facturas	4	END	1582737479363	1582738076850
REQUEST	1		Factura	1582738050030	1582738076964	OK	 
REQUEST	15		Factura	1582738046980	1582738077203	KO	status.find.is(200), but actually found 500
REQUEST	13		Factura	1582738049870	1582738082176	OK	 
USER	Facturas	13	END	1582737479450	1582738083180
REQUEST	12		Factura	1582738056100	1582738086911	OK	 
USER	Facturas	12	END	1582737479395	1582738087920
REQUEST	18		Factura	1582738049130	1582738087923	KO	status.find.is(200), but actually found 500
REQUEST	11		Factura	1582738062070	1582738087940	OK	 
USER	Facturas	11	END	1582737479392	1582738088940
REQUEST	14		Factura	1582738057231	1582738090453	KO	status.find.is(200), but actually found 500
REQUEST	19		Factura	1582738062040	1582738090550	OK	 
USER	Facturas	14	END	1582737479451	1582738091459
USER	Facturas	19	END	1582737479454	1582738091549
REQUEST	16		Factura	1582738068039	1582738093045	OK	 
REQUEST	9		Factura	1582738065101	1582738094531	OK	 
USER	Facturas	9	END	1582737479385	1582738095539
REQUEST	3		Factura	1582738065790	1582738096005	OK	 
REQUEST	17		Factura	1582738070020	1582738104003	OK	 
REQUEST	2		Factura	1582738074861	1582738105584	KO	status.find.is(200), but actually found 500
USER	Facturas	2	END	1582737479363	1582738106590
REQUEST	15		Factura	1582738078210	1582738107926	KO	status.find.is(200), but actually found 500
REQUEST	6		Factura	1582738059171	1582738107983	OK	 
USER	Facturas	15	END	1582737479451	1582738108920
USER	Facturas	6	END	1582737479387	1582738108980
REQUEST	7		Factura	1582738075031	1582738109953	OK	 
USER	Facturas	7	END	1582737479394	1582738110960
REQUEST	1		Factura	1582738077960	1582738111502	KO	status.find.is(200), but actually found 500
USER	Facturas	1	END	1582737479362	1582738112499
REQUEST	3		Factura	1582738097010	1582738114234	OK	 
REQUEST	18		Factura	1582738088920	1582738114283	KO	status.find.is(200), but actually found 500
USER	Facturas	3	END	1582737479363	1582738115240
USER	Facturas	18	END	1582737479453	1582738115290
REQUEST	16		Factura	1582738094050	1582738115953	OK	 
USER	Facturas	16	END	1582737479452	1582738116949
REQUEST	17		Factura	1582738105010	1582738118818	OK	 
USER	Facturas	17	END	1582737479452	1582738119819
