RUN	ResgasaSimulation	resgasasimulation	1582731365470	 	3.3.1
USER	Pedido	8	START	1582731368022	1582731368022
USER	Pedido	4	START	1582731368011	1582731368011
USER	Pedido	1	START	1582731368011	1582731368011
USER	Pedido	6	START	1582731368021	1582731368021
USER	Pedido	11	START	1582731368043	1582731368043
USER	Pedido	16	START	1582731368131	1582731368131
USER	Pedido	15	START	1582731368130	1582731368130
USER	Pedido	19	START	1582731368134	1582731368134
USER	Pedido	13	START	1582731368129	1582731368129
USER	Pedido	20	START	1582731368135	1582731368135
USER	Pedido	18	START	1582731368132	1582731368132
USER	Pedido	3	START	1582731368011	1582731368011
USER	Pedido	2	START	1582731368011	1582731368011
USER	Pedido	17	START	1582731368131	1582731368131
USER	Pedido	14	START	1582731368129	1582731368129
USER	Pedido	9	START	1582731368024	1582731368024
USER	Pedido	5	START	1582731368019	1582731368019
USER	Pedido	12	START	1582731368049	1582731368049
USER	Pedido	10	START	1582731368026	1582731368026
USER	Pedido	7	START	1582731368022	1582731368022
REQUEST	7		ResgasaToken	1582731368127	1582731368231	OK	 
REQUEST	11		ResgasaToken	1582731368125	1582731368202	OK	 
REQUEST	8		ResgasaToken	1582731368128	1582731368202	OK	 
REQUEST	19		ResgasaToken	1582731368135	1582731368404	OK	 
REQUEST	14		ResgasaToken	1582731368130	1582731368198	OK	 
REQUEST	16		ResgasaToken	1582731368132	1582731368404	OK	 
REQUEST	12		ResgasaToken	1582731368128	1582731368228	OK	 
REQUEST	2		ResgasaToken	1582731368128	1582731368224	OK	 
REQUEST	13		ResgasaToken	1582731368135	1582731368216	OK	 
REQUEST	6		ResgasaToken	1582731368129	1582731368408	OK	 
REQUEST	18		ResgasaToken	1582731368136	1582731368411	OK	 
REQUEST	3		ResgasaToken	1582731368124	1582731368413	OK	 
REQUEST	4		ResgasaToken	1582731368128	1582731368413	OK	 
REQUEST	1		ResgasaToken	1582731368130	1582731368238	OK	 
REQUEST	20		ResgasaToken	1582731368135	1582731368416	OK	 
REQUEST	15		ResgasaToken	1582731368133	1582731368417	OK	 
REQUEST	10		ResgasaToken	1582731368127	1582731368413	OK	 
REQUEST	17		ResgasaToken	1582731368137	1582731368417	OK	 
REQUEST	9		ResgasaToken	1582731368129	1582731368430	OK	 
REQUEST	5		ResgasaToken	1582731368129	1582731368426	OK	 
REQUEST	3		Pedido	1582731368458	1582731368702	KO	status.find.is(200), but actually found 500
REQUEST	16		Pedido	1582731368441	1582731368700	KO	status.find.is(200), but actually found 500
REQUEST	8		Pedido	1582731368434	1582731368761	KO	status.find.is(200), but actually found 500
REQUEST	15		Pedido	1582731368466	1582731380326	OK	 
REQUEST	13		Pedido	1582731368460	1582731383931	OK	 
REQUEST	9		Pedido	1582731368474	1582731386974	OK	 
REQUEST	16		Pedido	1582731369744	1582731390221	OK	 
REQUEST	10		Pedido	1582731368469	1582731392858	OK	 
REQUEST	2		Pedido	1582731368455	1582731395726	OK	 
REQUEST	11		Pedido	1582731368432	1582731398294	OK	 
REQUEST	18		Pedido	1582731368457	1582731401588	OK	 
REQUEST	17		Pedido	1582731368471	1582731404407	OK	 
REQUEST	15		Pedido	1582731381333	1582731404864	KO	status.find.is(200), but actually found 500
REQUEST	12		Pedido	1582731368445	1582731407448	OK	 
REQUEST	10		Pedido	1582731393873	1582731408768	OK	 
REQUEST	4		Pedido	1582731368461	1582731411827	OK	 
REQUEST	13		Pedido	1582731384762	1582731413402	OK	 
REQUEST	8		Pedido	1582731369584	1582731416576	OK	 
REQUEST	18		Pedido	1582731402613	1582731419526	OK	 
REQUEST	17		Pedido	1582731405413	1582731419975	KO	status.find.is(200), but actually found 500
REQUEST	14		Pedido	1582731368449	1582731422842	OK	 
REQUEST	5		Pedido	1582731368473	1582731425735	OK	 
REQUEST	19		Pedido	1582731368436	1582731428437	KO	i.g.h.c.i.RequestTimeoutException: Request timeout to ws.resgasa.com.ec/190.12.0.158:89 after 60000 ms
REQUEST	7		Pedido	1582731368439	1582731428439	KO	i.g.h.c.i.RequestTimeoutException: Request timeout to ws.resgasa.com.ec/190.12.0.158:89 after 60000 ms
REQUEST	20		Pedido	1582731368465	1582731428465	KO	i.g.h.c.i.RequestTimeoutException: Request timeout to ws.resgasa.com.ec/190.12.0.158:89 after 60000 ms
REQUEST	6		Pedido	1582731368453	1582731428453	KO	i.g.h.c.i.RequestTimeoutException: Request timeout to ws.resgasa.com.ec/190.12.0.158:89 after 60000 ms
REQUEST	1		Pedido	1582731368463	1582731428467	KO	i.g.h.c.i.RequestTimeoutException: Request timeout to ws.resgasa.com.ec/190.12.0.158:89 after 60000 ms
REQUEST	4		Pedido	1582731412843	1582731428748	OK	 
REQUEST	3		Pedido	1582731369753	1582731429754	KO	i.g.h.c.i.RequestTimeoutException: Request timeout to ws.resgasa.com.ec/190.12.0.158:89 after 60000 ms
REQUEST	10		Pedido	1582731409762	1582731431900	OK	 
REQUEST	12		Pedido	1582731408293	1582731435061	KO	status.find.is(200), but actually found 500
REQUEST	13		Pedido	1582731414402	1582731435562	KO	status.find.is(200), but actually found 500
REQUEST	8		Pedido	1582731417572	1582731436115	KO	status.find.is(200), but actually found 500
REQUEST	9		Pedido	1582731387994	1582731436222	OK	 
REQUEST	15		Pedido	1582731405884	1582731437784	OK	 
REQUEST	4		Pedido	1582731429752	1582731442087	OK	 
REQUEST	1		Pedido	1582731429312	1582731443263	OK	 
REQUEST	16		Pedido	1582731391224	1582731446584	KO	status.find.is(200), but actually found 500
REQUEST	2		Pedido	1582731396573	1582731447211	KO	status.find.is(200), but actually found 500
REQUEST	18		Pedido	1582731420522	1582731447798	KO	status.find.is(200), but actually found 500
REQUEST	17		Pedido	1582731420983	1582731448034	OK	 
REQUEST	13		Pedido	1582731436564	1582731451315	OK	 
REQUEST	9		Pedido	1582731437232	1582731454500	OK	 
REQUEST	3		Pedido	1582731430754	1582731455788	OK	 
REQUEST	11		Pedido	1582731399113	1582731456803	OK	 
REQUEST	20		Pedido	1582731429483	1582731458637	OK	 
REQUEST	15		Pedido	1582731438782	1582731461131	OK	 
REQUEST	18		Pedido	1582731448812	1582731461749	OK	 
REQUEST	7		Pedido	1582731429292	1582731462451	KO	status.find.is(200), but actually found 500
REQUEST	4		Pedido	1582731443093	1582731462478	OK	 
REQUEST	17		Pedido	1582731449043	1582731465683	OK	 
REQUEST	2		Pedido	1582731448203	1582731468167	OK	 
REQUEST	9		Pedido	1582731455503	1582731468509	KO	status.find.is(200), but actually found 500
REQUEST	10		Pedido	1582731432912	1582731470548	OK	 
REQUEST	12		Pedido	1582731436063	1582731471035	KO	status.find.is(200), but actually found 500
REQUEST	6		Pedido	1582731429484	1582731473672	OK	 
REQUEST	19		Pedido	1582731429463	1582731476644	OK	 
REQUEST	11		Pedido	1582731457813	1582731477092	KO	status.find.is(200), but actually found 500
REQUEST	1		Pedido	1582731444263	1582731477101	KO	status.find.is(200), but actually found 500
REQUEST	20		Pedido	1582731459643	1582731477474	OK	 
REQUEST	15		Pedido	1582731462133	1582731478574	OK	 
REQUEST	8		Pedido	1582731437132	1582731481867	OK	 
REQUEST	4		Pedido	1582731463483	1582731483067	OK	 
REQUEST	14		Pedido	1582731423663	1582731483664	KO	i.g.h.c.i.RequestTimeoutException: Request timeout to ws.resgasa.com.ec/190.12.0.158:89 after 60000 ms
REQUEST	9		Pedido	1582731469502	1582731483865	OK	 
REQUEST	10		Pedido	1582731471543	1582731486626	OK	 
REQUEST	5		Pedido	1582731426752	1582731486753	KO	i.g.h.c.i.RequestTimeoutException: Request timeout to ws.resgasa.com.ec/190.12.0.158:89 after 60000 ms
REQUEST	7		Pedido	1582731463453	1582731487812	OK	 
REQUEST	17		Pedido	1582731466682	1582731491218	KO	status.find.is(200), but actually found 500
REQUEST	18		Pedido	1582731462751	1582731491993	OK	 
REQUEST	1		Pedido	1582731478103	1582731493212	OK	 
REQUEST	8		Pedido	1582731482863	1582731494580	OK	 
REQUEST	9		Pedido	1582731484873	1582731496208	OK	 
REQUEST	16		Pedido	1582731447582	1582731497550	OK	 
REQUEST	15		Pedido	1582731479573	1582731498517	OK	 
REQUEST	12		Pedido	1582731472032	1582731499715	OK	 
REQUEST	17		Pedido	1582731492212	1582731500649	OK	 
REQUEST	18		Pedido	1582731492992	1582731501745	OK	 
REQUEST	7		Pedido	1582731488822	1582731505384	OK	 
REQUEST	4		Pedido	1582731484063	1582731506645	OK	 
REQUEST	8		Pedido	1582731495582	1582731507773	OK	 
REQUEST	1		Pedido	1582731494222	1582731510439	OK	 
REQUEST	3		Pedido	1582731456791	1582731511386	OK	 
REQUEST	13		Pedido	1582731452323	1582731512323	KO	