RUN	ResgasaSimulation	resgasasimulation	1582315205670	 	3.3.1
USER	Pedido	3	START	1582315209393	1582315209393
USER	Pedido	12	START	1582315209408	1582315209408
USER	Pedido	11	START	1582315209403	1582315209403
USER	Pedido	14	START	1582315209543	1582315209543
USER	Pedido	6	START	1582315209401	1582315209401
USER	Pedido	1	START	1582315209392	1582315209392
USER	Pedido	4	START	1582315209398	1582315209398
USER	Pedido	2	START	1582315209392	1582315209392
USER	Pedido	9	START	1582315209402	1582315209402
USER	Pedido	17	START	1582315209548	1582315209548
USER	Pedido	19	START	1582315209549	1582315209549
USER	Pedido	20	START	1582315209550	1582315209550
USER	Pedido	21	START	1582315209551	1582315209551
USER	Pedido	18	START	1582315209548	1582315209548
USER	Pedido	22	START	1582315209551	1582315209551
USER	Pedido	25	START	1582315209554	1582315209554
USER	Pedido	26	START	1582315209556	1582315209556
USER	Pedido	27	START	1582315209557	1582315209557
USER	Pedido	28	START	1582315209557	1582315209557
USER	Pedido	23	START	1582315209552	1582315209552
USER	Pedido	29	START	1582315209558	1582315209558
USER	Pedido	30	START	1582315209559	1582315209559
USER	Pedido	31	START	1582315209559	1582315209559
USER	Pedido	32	START	1582315209560	1582315209560
USER	Pedido	15	START	1582315209544	1582315209544
USER	Pedido	24	START	1582315209553	1582315209553
USER	Pedido	33	START	1582315209561	1582315209561
USER	Pedido	34	START	1582315209562	1582315209562
USER	Pedido	36	START	1582315209563	1582315209563
USER	Pedido	37	START	1582315209565	1582315209565
USER	Pedido	40	START	1582315209566	1582315209566
USER	Pedido	35	START	1582315209562	1582315209562
USER	Pedido	39	START	1582315209566	1582315209566
USER	Pedido	38	START	1582315209566	1582315209566
USER	Pedido	7	START	1582315209399	1582315209399
USER	Pedido	10	START	1582315209403	1582315209403
USER	Pedido	16	START	1582315209546	1582315209546
USER	Pedido	8	START	1582315209401	1582315209401
USER	Pedido	5	START	1582315209398	1582315209398
USER	Pedido	13	START	1582315209541	1582315209541
REQUEST	21		ResgasaToken	1582315209552	1582315209730	OK	 
REQUEST	26		ResgasaToken	1582315209557	1582315209797	OK	 
REQUEST	12		ResgasaToken	1582315209534	1582315209740	OK	 
REQUEST	23		ResgasaToken	1582315209559	1582315209796	OK	 
REQUEST	24		ResgasaToken	1582315209554	1582315209730	OK	 
REQUEST	17		ResgasaToken	1582315209550	1582315209739	OK	 
REQUEST	32		ResgasaToken	1582315209562	1582315209954	OK	 
REQUEST	14		ResgasaToken	1582315209546	1582315209730	OK	 
REQUEST	10		ResgasaToken	1582315209534	1582315209958	OK	 
REQUEST	7		ResgasaToken	1582315209548	1582315209959	OK	 
REQUEST	11		ResgasaToken	1582315209535	1582315209794	OK	 
REQUEST	4		ResgasaToken	1582315209534	1582315209958	OK	 
REQUEST	18		ResgasaToken	1582315209553	1582315209960	OK	 
REQUEST	6		ResgasaToken	1582315209534	1582315209964	OK	 
REQUEST	13		ResgasaToken	1582315209543	1582315209965	OK	 
REQUEST	31		ResgasaToken	1582315209561	1582315209962	OK	 
REQUEST	1		ResgasaToken	1582315209534	1582315209954	OK	 
REQUEST	9		ResgasaToken	1582315209534	1582315209977	OK	 
REQUEST	15		ResgasaToken	1582315209562	1582315209976	OK	 
REQUEST	22		ResgasaToken	1582315209554	1582315209981	OK	 
REQUEST	34		ResgasaToken	1582315209564	1582315209977	OK	 
REQUEST	29		ResgasaToken	1582315209559	1582315209976	OK	 
REQUEST	39		ResgasaToken	1582315209567	1582315209983	OK	 
REQUEST	25		ResgasaToken	1582315209555	1582315209984	OK	 
REQUEST	30		ResgasaToken	1582315209560	1582315209986	OK	 
REQUEST	2		ResgasaToken	1582315209548	1582315209987	OK	 
REQUEST	37		ResgasaToken	1582315209566	1582315209986	OK	 
REQUEST	5		ResgasaToken	1582315209585	1582315209992	OK	 
REQUEST	20		ResgasaToken	1582315209551	1582315209971	OK	 
REQUEST	40		ResgasaToken	1582315209567	1582315209960	OK	 
REQUEST	35		ResgasaToken	1582315209567	1582315209970	OK	 
REQUEST	38		ResgasaToken	1582315209572	1582315209988	OK	 
REQUEST	16		ResgasaToken	1582315209586	1582315209995	OK	 
REQUEST	19		ResgasaToken	1582315209550	1582315209995	OK	 
REQUEST	8		ResgasaToken	1582315209586	1582315209998	OK	 
REQUEST	28		ResgasaToken	1582315209558	1582315209997	OK	 
REQUEST	33		ResgasaToken	1582315209564	1582315209993	OK	 
REQUEST	36		ResgasaToken	1582315209565	1582315210003	OK	 
REQUEST	27		ResgasaToken	1582315209558	1582315210000	OK	 
REQUEST	3		ResgasaToken	1582315209535	1582315210006	OK	 
REQUEST	24		Pedido	1582315210019	1582315210092	OK	 
REQUEST	32		Pedido	1582315210026	1582315210138	KO	status.find.is(200), but actually found 500
REQUEST	13		Pedido	1582315210050	1582315210198	OK	 
REQUEST	14		Pedido	1582315210024	1582315210202	OK	 
REQUEST	16		Pedido	1582315210086	1582315210263	OK	 
REQUEST	37		Pedido	1582315210076	1582315210282	OK	 
REQUEST	35		Pedido	1582315210082	1582315210329	OK	 
REQUEST	34		Pedido	1582315210069	1582315210355	OK	 
REQUEST	2		Pedido	1582315210079	1582315210364	OK	 
REQUEST	3		Pedido	1582315210102	1582315210366	KO	status.find.is(200), but actually found 500
REQUEST	33		Pedido	1582315210095	1582315210382	KO	status.find.is(200), but actually found 500
REQUEST	27		Pedido	1582315210097	1582315210379	KO	status.find.is(200), but actually found 500
REQUEST	8		Pedido	1582315210090	1582315210390	OK	 
REQUEST	38		Pedido	1582315210085	1582315210395	KO	status.find.is(200), but actually found 500
REQUEST	30		Pedido	1582315210075	1582315210417	KO	status.find.is(200), but actually found 500
REQUEST	29		Pedido	1582315210071	1582315210460	KO	status.find.is(200), but actually found 500
REQUEST	28		Pedido	1582315210092	1582315210460	KO	status.find.is(200), but actually found 500
REQUEST	32		Pedido	1582315211154	1582315211273	OK	 
REQUEST	13		Pedido	1582315211203	1582315211291	OK	 
REQUEST	32		Pedido	1582315212284	1582315212368	OK	 
REQUEST	12		Pedido	1582315210022	1582315245323	OK	 
REQUEST	39		Pedido	1582315210074	1582315260517	OK	 
REQUEST	26		Pedido	1582315210009	1582315270010	KO	i.g.h.c.i.RequestTimeoutException: Request timeout to ws.resgasa.com.ec/190.12.0.158:90 after 60000 ms
REQUEST	23		Pedido	1582315210021	1582315270021	KO	i.g.h.c.i.RequestTimeoutException: Request timeout to ws.resgasa.com.ec/190.12.0.158:90 after 60000 ms
REQUEST	17		Pedido	1582315210011	1582315270012	KO	i.g.h.c.i.RequestTimeoutException: Request timeout to ws.resgasa.com.ec/190.12.0.158:90 after 60000 ms
REQUEST	7		Pedido	1582315210031	1582315270031	KO	i.g.h.c.i.RequestTimeoutException: Request timeout to ws.resgasa.com.ec/190.12.0.158:90 after 60000 ms
REQUEST	11		Pedido	1582315210040	1582315270041	KO	i.g.h.c.i.RequestTimeoutException: Request timeout to ws.resgasa.com.ec/190.12.0.158:90 after 60000 ms
REQUEST	21		Pedido	1582315210038	1582315270039	KO	i.g.h.c.i.RequestTimeoutException: Request timeout to ws.resgasa.com.ec/190.12.0.158:90 after 60000 ms
REQUEST	4		Pedido	1582315210043	1582315270044	KO	i.g.h.c.i.RequestTimeoutException: Request timeout to ws.resgasa.com.ec/190.12.0.158:90 after 60000 ms
REQUEST	1		Pedido	1582315210060	1582315270061	KO	i.g.h.c.i.RequestTimeoutException: Request timeout to ws.resgasa.com.ec/190.12.0.158:90 after 60000 ms
REQUEST	6		Pedido	1582315210062	1582315270062	KO	i.g.h.c.i.RequestTimeoutException: Request timeout to ws.resgasa.com.ec/190.12.0.158:90 after 60000 ms
REQUEST	9		Pedido	1582315210064	1582315270064	KO	i.g.h.c.i.RequestTimeoutException: Request timeout to ws.resgasa.com.ec/190.12.0.158:90 after 60000 ms
REQUEST	31		Pedido	1582315210054	1582315270055	KO	i.g.h.c.i.RequestTimeoutException: Request timeout to ws.resgasa.com.ec/190.12.0.158:90 after 60000 ms
REQUEST	15		Pedido	1582315210066	1582315270073	KO	i.g.h.c.i.RequestTimeoutException: Request timeout to ws.resgasa.com.ec/190.12.0.158:90 after 60000 ms
REQUEST	10		Pedido	1582315210028	1582315270047	KO	i.g.h.c.i.RequestTimeoutException: Request timeout to ws.resgasa.com.ec/190.12.0.158:90 after 60000 ms
REQUEST	22		Pedido	1582315210068	1582315270069	KO	