RUN	ResgasaSimulation	resgasasimulation	1582731954729	 	3.3.1
USER	Pedido	10	START	1582731957764	1582731957764
USER	Pedido	3	START	1582731957743	1582731957743
USER	Pedido	13	START	1582731957840	1582731957840
USER	Pedido	15	START	1582731957844	1582731957844
USER	Pedido	11	START	1582731957771	1582731957771
USER	Pedido	17	START	1582731957846	1582731957846
USER	Pedido	16	START	1582731957846	1582731957846
USER	Pedido	18	START	1582731957847	1582731957847
USER	Pedido	9	START	1582731957766	1582731957766
USER	Pedido	20	START	1582731957849	1582731957849
USER	Pedido	19	START	1582731957848	1582731957848
USER	Pedido	8	START	1582731957744	1582731957744
USER	Pedido	1	START	1582731957743	1582731957743
USER	Pedido	6	START	1582731957744	1582731957744
USER	Pedido	5	START	1582731957744	1582731957744
USER	Pedido	4	START	1582731957743	1582731957743
USER	Pedido	12	START	1582731957779	1582731957779
USER	Pedido	2	START	1582731957743	1582731957743
USER	Pedido	7	START	1582731957744	1582731957744
USER	Pedido	14	START	1582731957843	1582731957843
REQUEST	2		ResgasaToken	1582731957834	1582731957918	OK	 
REQUEST	12		ResgasaToken	1582731957860	1582731957917	OK	 
REQUEST	11		ResgasaToken	1582731957834	1582731957917	OK	 
REQUEST	6		ResgasaToken	1582731957861	1582731957921	OK	 
REQUEST	1		ResgasaToken	1582731957834	1582731957919	OK	 
REQUEST	5		ResgasaToken	1582731957836	1582731957917	OK	 
REQUEST	15		ResgasaToken	1582731957846	1582731957918	OK	 
REQUEST	16		ResgasaToken	1582731957847	1582731957922	OK	 
REQUEST	4		ResgasaToken	1582731957835	1582731958053	OK	 
REQUEST	7		ResgasaToken	1582731957835	1582731958067	OK	 
REQUEST	13		ResgasaToken	1582731957843	1582731958067	OK	 
REQUEST	18		ResgasaToken	1582731957848	1582731958051	OK	 
REQUEST	3		ResgasaToken	1582731957835	1582731958058	OK	 
REQUEST	20		ResgasaToken	1582731957850	1582731958069	OK	 
REQUEST	8		ResgasaToken	1582731957860	1582731958069	OK	 
REQUEST	9		ResgasaToken	1582731957834	1582731958064	OK	 
REQUEST	19		ResgasaToken	1582731957851	1582731958083	OK	 
REQUEST	14		ResgasaToken	1582731957844	1582731958057	OK	 
REQUEST	10		ResgasaToken	1582731957835	1582731958082	OK	 
REQUEST	17		ResgasaToken	1582731957847	1582731958089	OK	 
REQUEST	7		Pedido	1582731958122	1582731958226	KO	status.find.is(200), but actually found 500
REQUEST	2		Pedido	1582731958092	1582731963800	OK	 
REQUEST	10		Pedido	1582731958142	1582731972759	OK	 
REQUEST	17		Pedido	1582731958145	1582731975556	OK	 
REQUEST	4		Pedido	1582731958114	1582731978386	OK	 
REQUEST	12		Pedido	1582731958096	1582731978855	KO	status.find.is(200), but actually found 500
REQUEST	9		Pedido	1582731958140	1582731979312	OK	 
REQUEST	13		Pedido	1582731958119	1582731982393	OK	 
REQUEST	19		Pedido	1582731958138	1582731985252	OK	 
REQUEST	5		Pedido	1582731958110	1582731988159	OK	 
REQUEST	16		Pedido	1582731958116	1582731988841	OK	 
REQUEST	11		Pedido	1582731958101	1582731989317	KO	status.find.is(200), but actually found 500
REQUEST	15		Pedido	1582731958108	1582731991401	OK	 
REQUEST	1		Pedido	1582731958106	1582731994314	OK	 
REQUEST	3		Pedido	1582731958128	1582731997007	OK	 
REQUEST	7		Pedido	1582731959251	1582731999636	OK	 
REQUEST	6		Pedido	1582731958103	1582732000099	KO	status.find.is(200), but actually found 500
REQUEST	8		Pedido	1582731958135	1582732000343	OK	 
REQUEST	18		Pedido	1582731958124	1582732003236	OK	 
REQUEST	19		Pedido	1582731986271	1582732004370	OK	 
REQUEST	16		Pedido	1582731989722	1582732007554	OK	 
REQUEST	14		Pedido	1582731958131	1582732010181	OK	 
REQUEST	10		Pedido	1582731973773	1582732012697	OK	 
REQUEST	3		Pedido	1582731998001	1582732013670	OK	 
REQUEST	6		Pedido	1582732000981	1582732014617	OK	 
REQUEST	9		Pedido	1582731980310	1582732017422	OK	 
REQUEST	20		Pedido	1582731958130	1582732018130	KO	i.g.h.c.i.RequestTimeoutException: Request timeout to ws.resgasa.com.ec/190.12.0.158:89 after 60000 ms
REQUEST	5		Pedido	1582731989042	1582732018355	OK	 
REQUEST	16		Pedido	1582732008551	1582732019200	OK	 
REQUEST	15		Pedido	1582731992281	1582732019686	KO	status.find.is(200), but actually found 500
REQUEST	12		Pedido	1582731979750	1582732021720	OK	 
REQUEST	2		Pedido	1582731964692	1582732024472	OK	 
REQUEST	4		Pedido	1582731979391	1582732024951	KO	status.find.is(200), but actually found 500
REQUEST	1		Pedido	1582731995192	1582732025438	OK	 
REQUEST	13		Pedido	1582731983402	1582732025463	KO	status.find.is(200), but actually found 500
REQUEST	5		Pedido	1582732019352	1582732031415	OK	 
REQUEST	8		Pedido	1582732001351	1582732032844	OK	 
REQUEST	6		Pedido	1582732015621	1582732035849	OK	 
REQUEST	17		Pedido	1582731976572	1582732036573	KO	i.g.h.c.i.RequestTimeoutException: Request timeout to ws.resgasa.com.ec/190.12.0.158:89 after 60000 ms
REQUEST	7		Pedido	1582732000631	1582732038832	OK	 
REQUEST	11		Pedido	1582731990201	1582732039874	OK	 
REQUEST	18		Pedido	1582732004221	1582732042594	OK	 
REQUEST	1		Pedido	1582732026441	1582732045078	OK	 
REQUEST	1		Pedido	1582732046091	1582732046142	OK	 
REQUEST	20		Pedido	1582732019150	1582732046497	OK	 
REQUEST	12		Pedido	1582732022720	1582732046989	KO	status.find.is(200), but actually found 500
REQUEST	9		Pedido	1582732018430	1582732048902	OK	 
REQUEST	8		Pedido	1582732033842	1582732050195	OK	 
REQUEST	19		Pedido	1582732005371	1582732053603	OK	 
REQUEST	13		Pedido	1582732026471	1582732054659	OK	 
REQUEST	6		Pedido	1582732036861	1582732055939	OK	 
REQUEST	17		Pedido	1582732037580	1582732056858	OK	 
REQUEST	14		Pedido	1582732011171	1582732058158	OK	 
REQUEST	1		Pedido	1582732047143	1582732059027	OK	 
REQUEST	11		Pedido	1582732040871	1582732060013	OK	 
REQUEST	10		Pedido	1582732013710	1582732060947	OK	 
REQUEST	15		Pedido	1582732020691	1582732061432	KO	status.find.is(200), but actually found 500
REQUEST	8		Pedido	1582732051201	1582732061994	OK	 
REQUEST	7		Pedido	1582732039831	1582732062486	KO	status.find.is(200), but actually found 500
REQUEST	19		Pedido	1582732054611	1582732062903	OK	 
REQUEST	9		Pedido	1582732049901	1582732063690	OK	 
REQUEST	5		Pedido	1582732032411	1582732066263	OK	 
REQUEST	18		Pedido	1582732043601	1582732066745	KO	status.find.is(200), but actually found 500
REQUEST	6		Pedido	1582732056941	1582732067285	OK	 
REQUEST	2		Pedido	1582732025470	1582732068160	OK	 
REQUEST	1		Pedido	1582732060022	1582732068391	KO	status.find.is(200), but actually found 500
REQUEST	12		Pedido	1582732047990	1582732069230	OK	 
REQUEST	3		Pedido	1582732014682	1582732070336	OK	 
REQUEST	14		Pedido	1582732059161	1582732071176	OK	 
REQUEST	20		Pedido	1582732047501	1582732074033	OK	 
REQUEST	18		Pedido	1582732067761	1582732074779	KO	status.find.is(200), but actually found 500
REQUEST	4		Pedido	1582732025961	1582732075260	OK	 
REQUEST	16		Pedido	1582732020211	1582732076279	OK	 
REQUEST	15		Pedido	1582732062431	1582732077254	OK	 
REQUEST	17		Pedido	1582732057861	1582732078228	OK	 
REQUEST	11		Pedido	1582732061021	1582732079350	OK	 
REQUEST	13		Pedido	1582732055662	1582732080293	OK	 
REQUEST	7		Pedido	1582732063491	1582732081479	OK	 
REQUEST	10		Pedido	1582732061940	1582732082256	OK	 
REQUEST	19		Pedido	1582732063901	1582732082830	KO	status.find.is(200), but actually found 500
REQUEST	8		Pedido	1582732062990	1582732085093	OK	 
REQUEST	3		Pedido	1582732071331	1582732086115	OK	 
REQUEST	20		Pedido	1582732075030	1582732086974	OK	 
REQUEST	12		Pedido	1582732070231	1582732087920	OK	 
REQUEST	18		Pedido	1582732075770	1582732090769	OK	 
REQUEST	11		Pedido	1582732080351	1582732091256	KO	status.find.is(200), but actually found 500
REQUEST	5		Pedido	1582732067270	1582732091716	OK	 
REQUEST	2		Pedido	1582732069171	1582732094313	OK	 
REQUEST	15		Pedido	1582732078251	1582732095092	OK	 
REQUEST	6		Pedido	1582732068281	1582732095552	KO	status.find.is(200), but actually found 500
REQUEST	14		Pedido	1582732072180	1582732096027	OK	 
REQUEST	17		Pedido	1582732079231	1582732096056	KO	status.find.is(200), but actually found 500
REQUEST	7		Pedido	1582732082490	1582732096953	OK	 
REQUEST	4		Pedido	1582732076260	1582732097828	OK	 
REQUEST	9		Pedido	1582732064692	1582732100977	OK	 
REQUEST	1		Pedido	1582732069401	1582732102034	OK	 
REQUEST	16		Pedido	1582732077282	1582732103136	OK	 
REQUEST	11		Pedido	1582732092261	1582732103616	KO	status.find.is(200), but actually found 500
REQUEST	8		Pedido	1582732086101	1582732104238	OK	 
REQUEST	13		Pedido	1582732081292	1582732106859	OK	 
REQUEST	20		Pedido	1582732087980	1582732107542	OK	 
REQUEST	19		Pedido	1582732083831	1582732108051	KO	status.find.is(200), but actually found 500
REQUEST	10		Pedido	1582732083261	1582732108375	OK	 
REQUEST	18		Pedido	1582732091780	1582732109301	OK	 
REQUEST	3		Pedido	1582732087120	1582732110343	OK	 
REQUEST	6		Pedido	1582732096550	1582732111312	OK	 
REQUEST	14		Pedido	1582732097021	1582732112414	OK	 
REQUEST	2		Pedido	1582732095310	1582732113397	OK	 
REQUEST	17		Pedido	1582732097051	1582732114729	OK	 
REQUEST	12		Pedido	1582732088922	1582732115703	OK	 
REQUEST	4		Pedido	1582732098820	1582732116562	OK	 
REQUEST	15		Pedido	1582732096101	1582732117711	OK	 
REQUEST	1		Pedido	1582732103030	1582732118699	OK	 
REQUEST	15		Pedido	1582732118711	1582732118761	OK	 
REQUEST	11		Pedido	1582732104610	1582732119811	OK	 
REQUEST	13		Pedido	1582732107860	1582732120518	OK	 
REQUEST	19		Pedido	1582732109050	1582732121349	OK	 
REQUEST	20		Pedido	1582732108540	1582732122388	OK	 
REQUEST	18		Pedido	1582732110300	1582732122878	KO	status.find.is(200), but actually found 500
REQUEST	5		Pedido	1582732092721	1582732123396	OK	 
REQUEST	10		Pedido	1582732109370	1582732123893	KO	status.find.is(200), but actually found 500
REQUEST	8		Pedido	1582732105230	1582732124276	OK	 
REQUEST	14		Pedido	1582732113420	1582732125218	OK	 
REQUEST	6		Pedido	1582732112321	1582732126071	OK	 
REQUEST	9		Pedido	1582732101970	1582732127217	OK	 
REQUEST	3		Pedido	1582732111341	1582732128060	OK	 
REQUEST	4		Pedido	1582732117570	1582732129010	OK	 
REQUEST	12		Pedido	1582732116701	1582732130061	OK	 
REQUEST	2		Pedido	1582732114403	1582732130916	OK	 
REQUEST	7		Pedido	1582732097950	1582732133741	OK	 
REQUEST	1		Pedido	1582732119700	1582732134706	OK	 
REQUEST	15		Pedido	1582732119760	1582732135754	OK	 
REQUEST	16		Pedido	1582732104130	1582732136623	OK	 
REQUEST	8		Pedido	1582732125280	1582732137450	OK	 
REQUEST	5		Pedido	1582732124391	1582732138362	OK	 
REQUEST	11		Pedido	1582732120820	1582732139250	OK	 
REQUEST	3		Pedido	1582732129070	1582732140301	OK	 
REQUEST	9		Pedido	1582732128220	1582732141488	OK	 
REQUEST	12		Pedido	1582732131072	1582732142738	OK	 
REQUEST	4		Pedido	1582732130010	1582732143792	OK	 
REQUEST	17		Pedido	1582732115740	1582732144487	OK	 
REQUEST	10		Pedido	1582732124901	1582732145644	OK	 
REQUEST	13		Pedido	1582732121511	1582732146626	OK	 
REQUEST	20		Pedido	1582732123390	1582732147105	KO	status.find.is(200), but actually found 500
REQUEST	14		Pedido	1582732126230	1582732147767	OK	 
REQUEST	8		Pedido	1582732138461	1582732148825	OK	 
REQUEST	19		Pedido	1582732122360	1582732149902	OK	 
REQUEST	11		Pedido	1582732140250	1582732151428	OK	 
REQUEST	7		Pedido	1582732134741	1582732152516	OK	 
REQUEST	18		Pedido	1582732123880	1582732153476	OK	 
REQUEST	7		Pedido	1582732153511	1582732153571	OK	 
REQUEST	1		Pedido	1582732135701	1582732154656	OK	 
REQUEST	15		Pedido	1582732136761	1582732155990	OK	 
REQUEST	9		Pedido	1582732142500	1582732156838	OK	 
REQUEST	16		Pedido	1582732137630	1582732157975	OK	 
REQUEST	12		Pedido	1582732143741	1582732158922	OK	 
REQUEST	10		Pedido	1582732146641	1582732159856	OK	 
REQUEST	5		Pedido	1582732139370	1582732160813	OK	 
REQUEST	4		Pedido	1582732144801	1582732163727	OK	 
REQUEST	4		Pedido	1582732164721	1582732164778	OK	 
REQUEST	6		Pedido	1582732127071	1582732166535	OK	 
REQUEST	17		Pedido	1582732145480	1582732169321	OK	 
REQUEST	3		Pedido	1582732141301	1582732172233	OK	 
REQUEST	8		Pedido	1582732149821	1582732172699	KO	status.find.is(200), but actually found 500
REQUEST	9		Pedido	1582732157831	1582732173135	OK	 
REQUEST	15		Pedido	1582732156991	1582732176746	OK	 
REQUEST	7		Pedido	1582732154581	1582732177952	OK	 
REQUEST	1		Pedido	1582732155660	1582732178880	OK	 
REQUEST	2		Pedido	1582732131911	1582732181883	OK	 
REQUEST	5		Pedido	1582732161811	1582732183087	OK	 
REQUEST	13		Pedido	1582732147630	1582732184073	OK	 
REQUEST	6		Pedido	1582732167531	1582732185115	OK	 
REQUEST	16		Pedido	1582732158971	1582732186250	OK	 
REQUEST	11		Pedido	1582732152421	1582732187029	OK	 
REQUEST	3		Pedido	1582732173230	1582732187515	KO	status.find.is(200), but actually found 500
REQUEST	19		Pedido	1582732150900	1582732190094	OK	 
REQUEST	9		Pedido	1582732174140	1582732190951	OK	 
REQUEST	18		Pedido	1582732154471	1582732191929	OK	 
REQUEST	10		Pedido	1582732160860	1582732192728	OK	 
REQUEST	7		Pedido	1582732178950	1582732194032	OK	 
REQUEST	4		Pedido	1582732165791	1582732197205	OK	 
REQUEST	13		Pedido	1582732185080	1582732198008	OK	 
REQUEST	8		Pedido	1582732173701	1582732199189	OK	 
REQUEST	20		Pedido	1582732148121	1582732200091	OK	 
REQUEST	11		Pedido	1582732188040	1582732200582	KO	status.find.is(200), but actually found 500
REQUEST	16		Pedido	1582732187260	1582732201013	OK	 
REQUEST	9		Pedido	1582732191960	1582732201080	KO	status.find.is(200), but actually found 500
REQUEST	14		Pedido	1582732148760	1582732201597	KO	status.find.is(200), but actually found 500
REQUEST	5		Pedido	1582732184090	1582732201762	OK	 
REQUEST	16		Pedido	1582732202011	1582732202145	OK	 
REQUEST	17		Pedido	1582732170330	1582732202145	KO	status.find.is(200), but actually found 500
REQUEST	15		Pedido	1582732177741	1582732202784	OK	 
REQUEST	2		Pedido	1582732182890	1582732203881	OK	 
REQUEST	7		Pedido	1582732195031	1582732204795	OK	 
REQUEST	6		Pedido	1582732186121	1582732205999	OK	 
REQUEST	6		Pedido	1582732207000	1582732207100	OK	 
REQUEST	19		Pedido	1582732191090	1582732207313	OK	 
REQUEST	10		Pedido	1582732193741	1582732208674	OK	 
REQUEST	1		Pedido	1582732179891	1582732210038	OK	 
REQUEST	9		Pedido	1582732202080	1582732211159	OK	 
REQUEST	3		Pedido	1582732188510	1582732212255	OK	 
REQUEST	18		Pedido	1582732192941	1582732213661	OK	 
REQUEST	8		Pedido	1582732200190	1582732214125	KO	status.find.is(200), but actually found 500
REQUEST	5		Pedido	1582732202770	1582732214965	OK	 
REQUEST	4		Pedido	1582732198200	1582732216053	OK	 
REQUEST	13		Pedido	1582732199021	1582732217228	OK	 
REQUEST	16		Pedido	1582732203140	1582732218353	OK	 
REQUEST	16		Pedido	1582732219360	1582732219430	OK	 
REQUEST	12		Pedido	1582732159921	1582732219922	KO	i.g.h.c.i.RequestTimeoutException: Request timeout to ws.resgasa.com.ec/190.12.0.158:89 after 60000 ms
REQUEST	12		Pedido	1582732220920	1582732220982	OK	 
REQUEST	20		Pedido	1582732201090	1582732222436	OK	 
REQUEST	6		Pedido	1582732208100	1582732225621	OK	 
REQUEST	17		Pedido	1582732203141	1582732226744	OK	 
REQUEST	9		Pedido	1582732212161	1582732227605	OK	 
REQUEST	19		Pedido	1582732208321	1582732228412	OK	 
REQUEST	10		Pedido	1582732209661	1582732229371	OK	 
REQUEST	14		Pedido	1582732202600	1582732230239	OK	 
REQUEST	7		Pedido	1582732205800	1582732231239	OK	 
REQUEST	8		Pedido	1582732215121	1582732231646	KO	status.find.is(200), but actually found 500
REQUEST	15		Pedido	1582732203791	1582732232464	OK	 
REQUEST	5		Pedido	1582732215961	1582732233768	OK	 
REQUEST	12		Pedido	1582732221990	1582732234813	OK	 
REQUEST	2		Pedido	1582732204880	1582732235805	OK	 
REQUEST	12		Pedido	1582732235810	1582732235882	OK	 
REQUEST	17		Pedido	1582732227750	1582732237199	OK	 
REQUEST	11		Pedido	1582732201580	1582732240939	OK	 
REQUEST	4		Pedido	1582732217050	1582732241881	OK	 
REQUEST	9		Pedido	1582732228601	1582732242929	OK	 
REQUEST	4		Pedido	1582732242890	1582732242948	OK	 
REQUEST	20		Pedido	1582732223430	1582732245912	OK	 
REQUEST	14		Pedido	1582732231252	1582732246749	OK	 
REQUEST	13		Pedido	1582732218220	1582732247946	OK	 
REQUEST	18		Pedido	1582732214661	1582732249643	OK	 
REQUEST	10		Pedido	1582732230381	1582732250510	OK	 
REQUEST	19		Pedido	1582732229411	1582732251522	OK	 
REQUEST	1		Pedido	1582732211031	1582732252960	OK	 
REQUEST	3		Pedido	1582732213261	1582732254050	OK	 
REQUEST	4		Pedido	1582732243950	1582732255497	OK	 
REQUEST	7		Pedido	1582732232241	1582732256560	OK	 
REQUEST	4		Pedido	1582732256490	1582732256597	OK	 
REQUEST	16		Pedido	1582732220440	1582732257600	OK	 
REQUEST	12		Pedido	1582732236890	1582732261591	OK	 
REQUEST	11		Pedido	1582732241950	1582732262088	KO	status.find.is(200), but actually found 500
REQUEST	5		Pedido	1582732234770	1582732262595	KO	status.find.is(200), but actually found 500
REQUEST	17		Pedido	1582732238210	1582732263000	OK	 
REQUEST	15		Pedido	1582732233470	1582732263090	KO	status.find.is(200), but actually found 500
REQUEST	2		Pedido	1582732236810	1582732264408	OK	 
REQUEST	6		Pedido	1582732226630	1582732265558	OK	 
REQUEST	20		Pedido	1582732246920	1582732267001	OK	 
REQUEST	8		Pedido	1582732232650	1582732268366	OK	 
REQUEST	14		Pedido	1582732247740	1582732269748	OK	 
REQUEST	13		Pedido	1582732248940	1582732271058	OK	 
REQUEST	9		Pedido	1582732243941	1582732272572	OK	 
REQUEST	1		Pedido	1582732253970	1582732276384	OK	 
REQUEST	19		Pedido	1582732252531	1582732277517	OK	 
REQUEST	7		Pedido	1582732257560	1582732278414	OK	 
REQUEST	16		Pedido	1582732258600	1582732279470	OK	 
REQUEST	4		Pedido	1582732257601	1582732280807	OK	 
REQUEST	11		Pedido	1582732263080	1582732281688	OK	 
REQUEST	18		Pedido	1582732250641	1582732282866	OK	 
REQUEST	3		Pedido	1582732255060	1582732283356	KO	status.find.is(200), but actually found 500
REQUEST	5		Pedido	1582732263600	1582732284638	OK	 
REQUEST	12		Pedido	1582732262590	1582732285718	OK	 
REQUEST	5		Pedido	1582732285640	1582732285764	OK	 
REQUEST	8		Pedido	1582732269371	1582732287213	OK	 
REQUEST	10		Pedido	1582732251510	1582732288351	OK	 
REQUEST	13		Pedido	1582732272061	1582732289722	OK	 
REQUEST	17		Pedido	1582732264000	1582732291236	OK	 
REQUEST	9		Pedido	1582732273570	1582732292569	OK	 
REQUEST	2		Pedido	1582732265400	1582732296570	OK	 
REQUEST	19		Pedido	1582732278510	1582732297808	OK	 
REQUEST	18		Pedido	1582732283861	1582732299051	OK	 
REQUEST	5		Pedido	1582732286760	1582732300093	OK	 
REQUEST	15		Pedido	1582732264091	1582732301911	OK	 
REQUEST	3		Pedido	1582732284350	1582732302936	OK	 
REQUEST	8		Pedido	1582732288210	1582732307132	OK	 
REQUEST	10		Pedido	1582732289350	1582732308248	OK	 
REQUEST	20		Pedido	1582732268000	1582732309313	OK	 
REQUEST	6		Pedido	1582732266550	1582732310568	OK	 
REQUEST	16		Pedido	1582732280470	1582732311064	KO	status.find.is(200), but actually found 500
REQUEST	4		Pedido	1582732281810	1582732311583	KO	status.find.is(200), but actually found 500
REQUEST	12		Pedido	1582732286720	1582732311650	OK	 
REQUEST	11		Pedido	1582732282701	1582732312070	KO	status.find.is(200), but actually found 500
REQUEST	13		Pedido	1582732290730	1582732315114	OK	 
REQUEST	17		Pedido	1582732292231	1582732317093	OK	 
REQUEST	17		Pedido	1582732318090	1582732318162	OK	 
REQUEST	19		Pedido	1582732298820	1582732318756	OK	 
REQUEST	10		Pedido	1582732309250	1582732320445	OK	 
REQUEST	5		Pedido	1582732301101	1582732322534	OK	 
REQUEST	9		Pedido	1582732293570	1582732324127	OK	 
REQUEST	14		Pedido	1582732270739	1582732325218	OK	 
REQUEST	4		Pedido	1582732312580	1582732326288	OK	 
REQUEST	3		Pedido	1582732303940	1582732327281	OK	 
REQUEST	11		Pedido	1582732313060	1582732328845	OK	 
REQUEST	13		Pedido	1582732316110	1582732330115	OK	 
REQUEST	15		Pedido	1582732302910	1582732334319	OK	 
REQUEST	6		Pedido	1582732311570	1582732335499	OK	 
REQUEST	2		Pedido	1582732297580	1582732336524	OK	 
REQUEST	6		Pedido	1582732336510	1582732336565	OK	 
REQUEST	1		Pedido	1582732277380	1582732337380	KO	i.g.h.c.i.RequestTimeoutException: Request timeout to ws.resgasa.com.ec/190.12.0.158:89 after 60000 ms
REQUEST	19		Pedido	1582732319751	1582732337388	OK	 
REQUEST	1		Pedido	1582732338390	1582732338448	OK	 
REQUEST	10		Pedido	1582732321451	1582732338602	OK	 
REQUEST	7		Pedido	1582732279411	1582732339411	KO	i.g.h.c.i.RequestTimeoutException: Request timeout to ws.resgasa.com.ec/190.12.0.158:89 after 60000 ms
REQUEST	4		Pedido	1582732327300	1582732339829	OK	 
REQUEST	9		Pedido	1582732325120	1582732342265	OK	 
REQUEST	17		Pedido	1582732319170	1582732343711	OK	 
REQUEST	16		Pedido	1582732312060	1582732345195	OK	 
REQUEST	14		Pedido	1582732326221	1582732345584	KO	status.find.is(200), but actually found 500
REQUEST	18		Pedido	1582732300060	1582732347260	KO	status.find.is(200), but actually found 500
REQUEST	8		Pedido	1582732308140	1582732347764	KO	status.find.is(200), but actually found 500
REQUEST	15		Pedido	1582732335320	1582732347850	OK	 
REQUEST	12		Pedido	1582732312650	1582732348268	KO	status.find.is(200), but actually found 500
REQUEST	20		Pedido	1582732310320	1582732348794	KO	status.find.is(200), but actually found 500
REQUEST	5		Pedido	1582732323530	1582732349277	KO	status.find.is(200), but actually found 500
REQUEST	19		Pedido	1582732338380	1582732349432	OK	 
REQUEST	2		Pedido	1582732337520	1582732353486	OK	 
REQUEST	7		Pedido	1582732340420	1582732354907	OK	 
REQUEST	13		Pedido	1582732331120	1582732355783	OK	 
REQUEST	11		Pedido	1582732329850	1582732356309	KO	status.find.is(200), but actually found 500
REQUEST	10		Pedido	1582732339600	1582732357107	OK	 
REQUEST	4		Pedido	1582732340831	1582732358584	OK	 
USER	Pedido	4	END	1582731957743	1582732359584
REQUEST	3		Pedido	1582732328280	1582732359676	OK	 
REQUEST	16		Pedido	1582732346200	1582732361313	OK	 
REQUEST	8		Pedido	1582732348760	1582732362493	OK	 
REQUEST	1		Pedido	1582732339451	1582732364079	OK	 
REQUEST	15		Pedido	1582732348851	1582732365397	OK	 
REQUEST	6		Pedido	1582732337560	1582732367050	OK	 
REQUEST	18		Pedido	1582732348260	1582732368454	OK	 
REQUEST	17		Pedido	1582732344710	1582732369731	OK	 
REQUEST	2		Pedido	1582732354490	1582732373734	OK	 
REQUEST	7		Pedido	1582732355900	1582732375037	OK	 
REQUEST	14		Pedido	1582732346591	1582732376239	OK	 
REQUEST	13		Pedido	1582732356780	1582732377276	OK	 
REQUEST	5		Pedido	1582732350280	1582732378668	OK	 
REQUEST	9		Pedido	1582732343271	1582732379946	OK	 
REQUEST	11		Pedido	1582732357311	1582732380433	KO	status.find.is(200), but actually found 500
REQUEST	3		Pedido	1582732360680	1582732381510	OK	 
REQUEST	1		Pedido	1582732365080	1582732382980	OK	 
REQUEST	19		Pedido	1582732350440	1582732384387	OK	 
REQUEST	12		Pedido	1582732349270	1582732384872	KO	status.find.is(200), but actually found 500
REQUEST	10		Pedido	1582732358100	1582732385358	OK	 
REQUEST	15		Pedido	1582732366390	1582732386445	OK	 
REQUEST	8		Pedido	1582732363500	1582732388084	OK	 
REQUEST	20		Pedido	1582732349790	1582732389592	OK	 
REQUEST	6		Pedido	1582732368050	1582732391312	OK	 
REQUEST	16		Pedido	1582732362311	1582732392618	OK	 
REQUEST	7		Pedido	1582732376041	1582732394261	OK	 
REQUEST	18		Pedido	1582732369451	1582732395662	OK	 
REQUEST	13		Pedido	1582732378280	1582732396976	OK	 
REQUEST	9		Pedido	1582732380949	1582732397962	OK	 
USER	Pedido	9	END	1582731957766	1582732398970
REQUEST	14		Pedido	1582732377250	1582732399102	OK	 
REQUEST	5		Pedido	1582732379661	1582732400324	OK	 
USER	Pedido	5	END	1582731957744	1582732401330
REQUEST	11		Pedido	1582732381430	1582732401761	OK	 
REQUEST	17		Pedido	1582732370739	1582732402898	OK	 
REQUEST	17		Pedido	1582732403900	1582732403971	OK	 
REQUEST	3		Pedido	1582732382510	1582732404067	OK	 
REQUEST	2		Pedido	1582732374740	1582732405505	OK	 
REQUEST	20		Pedido	1582732390590	1582732406903	OK	 
REQUEST	1		Pedido	1582732383979	1582732411189	OK	 
REQUEST	19		Pedido	1582732385390	1582732412262	OK	 
REQUEST	19		Pedido	1582732413260	1582732413317	OK	 
REQUEST	15		Pedido	1582732387450	1582732413372	OK	 
USER	Pedido	19	END	1582731957848	1582732414319
REQUEST	12		Pedido	1582732385870	1582732414370	OK	 
REQUEST	6		Pedido	1582732392311	1582732415625	OK	 
USER	Pedido	6	END	1582731957744	1582732416630
REQUEST	17		Pedido	1582732404970	1582732416793	OK	 
USER	Pedido	17	END	1582731957846	1582732417790
REQUEST	8		Pedido	1582732389080	1582732418168	OK	 
USER	Pedido	8	END	1582731957744	1582732419169
REQUEST	10		Pedido	1582732386361	1582732419310	OK	 
REQUEST	16		Pedido	1582732393621	1582732420567	OK	 
REQUEST	14		Pedido	1582732400100	1582732421896	OK	 
REQUEST	18		Pedido	1582732396670	1582732422936	OK	 
REQUEST	1		Pedido	1582732412190	1582732423900	OK	 
USER	Pedido	1	END	1582731957743	1582732424900
REQUEST	11		Pedido	1582732402770	1582732425053	OK	 
REQUEST	13		Pedido	1582732397980	1582732425914	OK	 
USER	Pedido	11	END	1582731957771	1582732426050
REQUEST	7		Pedido	1582732395271	1582732427095	OK	 
USER	Pedido	7	END	1582731957744	1582732428090
REQUEST	15		Pedido	1582732414380	1582732428604	OK	 
USER	Pedido	15	END	1582731957844	1582732429599
REQUEST	3		Pedido	1582732405071	1582732430053	OK	 
REQUEST	20		Pedido	1582732407910	1582732434109	OK	 
REQUEST	2		Pedido	1582732406500	1582732437692	OK	 
REQUEST	14		Pedido	1582732422891	1582732439084	OK	 
REQUEST	3		Pedido	1582732431050	1582732439557	KO	status.find.is(200), but actually found 500
REQUEST	18		Pedido	1582732423931	1582732440283	OK	 
REQUEST	10		Pedido	1582732420320	1582732441332	OK	 
REQUEST	18		Pedido	1582732441290	1582732441350	OK	 
USER	Pedido	10	END	1582731957764	1582732442329
REQUEST	13		Pedido	1582732426910	1582732442333	OK	 
USER	Pedido	13	END	1582731957840	1582732443340
REQUEST	12		Pedido	1582732415380	1582732443565	OK	 
USER	Pedido	12	END	1582731957779	1582732444559
REQUEST	20		Pedido	1582732435110	1582732444786	OK	 
REQUEST	16		Pedido	1582732421570	1582732445710	OK	 
REQUEST	2		Pedido	1582732438700	1582732446705	OK	 
USER	Pedido	16	END	1582731957846	1582732446719
REQUEST	3		Pedido	1582732440570	1582732450097	OK	 
USER	Pedido	3	END	1582731957743	1582732451089
REQUEST	14		Pedido	1582732440090	1582732451106	OK	 
REQUEST	18		Pedido	1582732442350	1582732452212	OK	 
USER	Pedido	18	END	1582731957847	1582732453209
REQUEST	20		Pedido	1582732445780	1582732453299	OK	 
REQUEST	2		Pedido	1582732447700	1582732457259	OK	 
REQUEST	14		Pedido	1582732452100	1582732459577	OK	 
REQUEST	20		Pedido	1582732454310	1582732462913	OK	 
REQUEST	2		Pedido	1582732458269	1582732464065	OK	 
REQUEST	14		Pedido	1582732460580	1582732466340	OK	 
USER	Pedido	14	END	1582731957843	1582732467350
REQUEST	2		Pedido	1582732465060	1582732473526	OK	 
REQUEST	20		Pedido	1582732463910	1582732474277	OK	 
USER	Pedido	2	END	1582731957743	1582732474520
USER	Pedido	20	END	1582731957849	1582732475270
