RUN	ResgasaSimulation	resgasasimulation	1582316765730	 	3.3.1
USER	Pedido	8	START	1582316768756	1582316768756
USER	Pedido	12	START	1582316768763	1582316768763
USER	Pedido	14	START	1582316768829	1582316768829
USER	Pedido	13	START	1582316768828	1582316768828
USER	Pedido	16	START	1582316768832	1582316768832
USER	Pedido	3	START	1582316768718	1582316768718
USER	Pedido	10	START	1582316768738	1582316768738
USER	Pedido	18	START	1582316768833	1582316768833
USER	Pedido	15	START	1582316768831	1582316768831
USER	Pedido	1	START	1582316768718	1582316768718
USER	Pedido	20	START	1582316768835	1582316768835
USER	Pedido	11	START	1582316768761	1582316768761
USER	Pedido	17	START	1582316768833	1582316768833
USER	Pedido	19	START	1582316768834	1582316768834
USER	Pedido	6	START	1582316768725	1582316768725
USER	Pedido	4	START	1582316768719	1582316768719
USER	Pedido	7	START	1582316768733	1582316768733
USER	Pedido	2	START	1582316768718	1582316768718
USER	Pedido	9	START	1582316768737	1582316768737
USER	Pedido	5	START	1582316768719	1582316768719
REQUEST	9		ResgasaToken	1582316768824	1582316769003	OK	 
REQUEST	11		ResgasaToken	1582316768822	1582316768988	OK	 
REQUEST	13		ResgasaToken	1582316768832	1582316769001	OK	 
REQUEST	2		ResgasaToken	1582316768823	1582316768991	OK	 
REQUEST	8		ResgasaToken	1582316768825	1582316768989	OK	 
REQUEST	15		ResgasaToken	1582316768833	1582316768987	OK	 
REQUEST	4		ResgasaToken	1582316768825	1582316769000	OK	 
REQUEST	6		ResgasaToken	1582316768825	1582316768987	OK	 
REQUEST	17		ResgasaToken	1582316768837	1582316769208	OK	 
REQUEST	5		ResgasaToken	1582316768823	1582316769208	OK	 
REQUEST	10		ResgasaToken	1582316768824	1582316769214	OK	 
REQUEST	7		ResgasaToken	1582316768823	1582316769217	OK	 
REQUEST	12		ResgasaToken	1582316768829	1582316769214	OK	 
REQUEST	16		ResgasaToken	1582316768833	1582316769227	OK	 
REQUEST	20		ResgasaToken	1582316768836	1582316769237	OK	 
REQUEST	14		ResgasaToken	1582316768831	1582316769235	OK	 
REQUEST	1		ResgasaToken	1582316768825	1582316769227	OK	 
REQUEST	3		ResgasaToken	1582316768822	1582316769229	OK	 
REQUEST	18		ResgasaToken	1582316768834	1582316769235	OK	 
REQUEST	19		ResgasaToken	1582316768845	1582316769247	OK	 
REQUEST	9		Pedido	1582316769261	1582316769427	KO	status.find.is(200), but actually found 500
REQUEST	10		Pedido	1582316769303	1582316769433	KO	status.find.is(200), but actually found 500
REQUEST	19		Pedido	1582316769331	1582316769463	KO	status.find.is(200), but actually found 500
REQUEST	7		Pedido	1582316769305	1582316769434	KO	status.find.is(200), but actually found 500
REQUEST	19		Pedido	1582316770507	1582316776832	OK	 
REQUEST	17		Pedido	1582316769273	1582316782192	OK	 
REQUEST	15		Pedido	1582316769247	1582316785776	OK	 
REQUEST	5		Pedido	1582316769276	1582316787301	OK	 
REQUEST	16		Pedido	1582316769310	1582316790785	OK	 
REQUEST	18		Pedido	1582316769330	1582316793426	OK	 
REQUEST	13		Pedido	1582316769268	1582316796386	OK	 
REQUEST	14		Pedido	1582316769326	1582316799081	OK	 
REQUEST	3		Pedido	1582316769328	1582316799576	KO	status.find.is(200), but actually found 500
REQUEST	9		Pedido	1582316770296	1582316800059	KO	status.find.is(200), but actually found 500
REQUEST	12		Pedido	1582316769307	1582316801961	OK	 
REQUEST	20		Pedido	1582316769312	1582316805416	OK	 
REQUEST	4		Pedido	1582316769281	1582316808433	OK	 
REQUEST	5		Pedido	1582316788318	1582316808602	KO	status.find.is(200), but actually found 500
REQUEST	11		Pedido	1582316769263	1582316809597	OK	 
REQUEST	6		Pedido	1582316769298	1582316811886	OK	 
REQUEST	1		Pedido	1582316769314	1582316814994	OK	 
REQUEST	8		Pedido	1582316769284	1582316818607	OK	 
REQUEST	17		Pedido	1582316783206	1582316821072	OK	 
REQUEST	13		Pedido	1582316797216	1582316821582	KO	status.find.is(200), but actually found 500
REQUEST	20		Pedido	1582316806426	1582316822208	OK	 
REQUEST	15		Pedido	1582316786586	1582316822567	OK	 
REQUEST	10		Pedido	1582316770456	1582316825252	OK	 
REQUEST	7		Pedido	1582316770457	1582316826488	OK	 
REQUEST	12		Pedido	1582316802956	1582316828198	OK	 
REQUEST	2		Pedido	1582316769291	1582316829291	KO	i.g.h.c.i.RequestTimeoutException: Request timeout to ws.resgasa.com.ec/190.12.0.158:90 after 60000 ms
REQUEST	16		Pedido	1582316791796	1582316832576	OK	 
REQUEST	6		Pedido	1582316812687	1582316834612	OK	 
REQUEST	5		Pedido	1582316809617	1582316835528	OK	 
REQUEST	20		Pedido	1582316823217	1582316836610	OK	 
REQUEST	19		Pedido	1582316777827	1582316837827	KO	i.g.h.c.i.RequestTimeoutException: Request timeout to ws.resgasa.com.ec/190.12.0.158:90 after 60000 ms
REQUEST	13		Pedido	1582316822576	1582316838986	OK	 
REQUEST	9		Pedido	1582316801056	1582316839176	OK	 
REQUEST	1		Pedido	1582316816007	1582316841630	OK	 
REQUEST	7		Pedido	1582316827476	1582316842542	OK	 
REQUEST	17		Pedido	1582316822077	1582316845884	OK	 
REQUEST	15		Pedido	1582316823566	1582316846271	KO	status.find.is(200), but actually found 500
REQUEST	11		Pedido	1582316810406	1582316846870	OK	 
REQUEST	10		Pedido	1582316826246	1582316852470	OK	 
REQUEST	18		Pedido	1582316794436	1582316854436	KO	i.g.h.c.i.RequestTimeoutException: Request timeout to ws.resgasa.com.ec/190.12.0.158:90 after 60000 ms
REQUEST	14		Pedido	1582316800088	1582316854955	OK	 
REQUEST	16		Pedido	1582316833577	1582316855888	OK	 
REQUEST	5		Pedido	1582316836526	1582316858262	OK	 
REQUEST	4		Pedido	1582316809258	1582316858262	KO	status.find.is(200), but actually found 500
REQUEST	3		Pedido	1582316800577	1582316860577	KO	i.g.h.c.i.RequestTimeoutException: Request timeout to ws.resgasa.com.ec/190.12.0.158:90 after 60000 ms
REQUEST	8		Pedido	1582316819416	1582316860894	OK	 
REQUEST	20		Pedido	1582316837606	1582316863890	OK	 
REQUEST	2		Pedido	1582316830126	1582316864575	OK	 
REQUEST	12		Pedido	1582316829206	1582316867636	OK	 
REQUEST	17		Pedido	1582316846887	1582316868224	OK	 
REQUEST	14		Pedido	1582316855967	1582316869165	OK	 
REQUEST	13		Pedido	1582316839996	1582316870186	OK	 
REQUEST	19		Pedido	1582316838827	1582316871116	OK	 
REQUEST	6		Pedido	1582316835616	1582316872171	OK	 
REQUEST	18		Pedido	1582316855436	1582316872889	OK	 
REQUEST	9		Pedido	1582316840188	1582316873966	OK	 
REQUEST	15		Pedido	1582316847278	1582316874149	KO	status.find.is(200), but actually found 500
REQUEST	7		Pedido	1582316843556	1582316875279	OK	 
REQUEST	4		Pedido	1582316859266	1582316877551	OK	 
REQUEST	20		Pedido	1582316864897	1582316877639	OK	 
REQUEST	3		Pedido	1582316861586	1582316878461	OK	 
REQUEST	16		Pedido	1582316856886	1582316878536	OK	 
REQUEST	5		Pedido	1582316859256	1582316879161	OK	 
REQUEST	11		Pedido	1582316847875	1582316881411	OK	 
REQUEST	12		Pedido	1582316868636	1582316882516	OK	 
REQUEST	8		Pedido	1582316861906	1582316883656	OK	 
REQUEST	10		Pedido	1582316853467	1582316884902	OK	 
REQUEST	2		Pedido	1582316865578	1582316885361	KO	status.find.is(200), but actually found 500
REQUEST	6		Pedido	1582316873167	1582316885985	OK	 
REQUEST	1		Pedido	1582316842627	1582316887516	OK	 
REQUEST	7		Pedido	1582316876287	1582316888549	OK	 
REQUEST	13		Pedido	1582316871187	1582316889566	OK	 
REQUEST	3		Pedido	1582316879458	1582316893030	OK	 
REQUEST	12		Pedido	1582316883516	1582316893475	KO	status.find.is(200), but actually found 500
REQUEST	14		Pedido	1582316870167	1582316894136	OK	 
REQUEST	17		Pedido	1582316869236	1582316895478	OK	 
REQUEST	20		Pedido	1582316878636	1582316896879	OK	 
REQUEST	16		Pedido	1582316879535	1582316898375	OK	 
REQUEST	9		Pedido	1582316874966	1582316901719	OK	 
REQUEST	15		Pedido	1582316875146	1582316902606	OK	 
REQUEST	18		Pedido	1582316873897	1582316904296	OK	 
REQUEST	14		Pedido	1582316895136	1582316907214	OK	 
REQUEST	11		Pedido	1582316882406	1582316908031	OK	 
REQUEST	19		Pedido	1582316872117	1582316910714	OK	 
REQUEST	3		Pedido	1582316894036	1582316911406	OK	 
REQUEST	5		Pedido	1582316880167	1582316911891	KO	status.find.is(200), but actually found 500
REQUEST	2		Pedido	1582316886367	1582316914408	OK	 
REQUEST	8		Pedido	1582316884656	1582316915758	OK	 
REQUEST	9		Pedido	1582316902716	1582316916881	OK	 
REQUEST	11		Pedido	1582316909036	1582316918016	OK	 
REQUEST	4		Pedido	1582316878546	1582316919216	OK	 
REQUEST	15		Pedido	1582316903607	1582316920558	OK	 
REQUEST	17		Pedido	1582316896476	1582316921533	OK	 
REQUEST	6		Pedido	1582316886997	1582316922456	OK	 
REQUEST	10		Pedido	1582316885896	1582316923841	OK	 
REQUEST	1		Pedido	1582316888517	1582316924741	OK	 
REQUEST	5		Pedido	1582316912887	1582316925759	OK	 
REQUEST	13		Pedido	1582316890566	1582316926946	OK	 
REQUEST	7		Pedido	1582316889546	1582316927110	KO	status.find.is(200), but actually found 500
REQUEST	20		Pedido	1582316897886	1582316927966	OK	 
REQUEST	9		Pedido	1582316917876	1582316928846	OK	 
REQUEST	18		Pedido	1582316905296	1582316930236	OK	 
REQUEST	2		Pedido	1582316915407	1582316931456	OK	 
REQUEST	8		Pedido	1582316916756	1582316932176	OK	 
REQUEST	19		Pedido	1582316911716	1582316933221	OK	 
REQUEST	17		Pedido	1582316922526	1582316934388	OK	 
REQUEST	12		Pedido	1582316894477	1582316935317	OK	 
REQUEST	14		Pedido	1582316908207	1582316936811	OK	 
REQUEST	10		Pedido	1582316924845	1582316937880	OK	 
REQUEST	16		Pedido	1582316899376	1582316938999	OK	 
REQUEST	3		Pedido	1582316912406	1582316940306	OK	 
REQUEST	11		Pedido	1582316919027	1582316941391	OK	 
REQUEST	2		Pedido	1582316932456	1582316942202	OK	 
REQUEST	5		Pedido	1582316926767	1582316942858	OK	 
REQUEST	6		Pedido	1582316923456	1582316943621	OK	 
REQUEST	1		Pedido	1582316925747	1582316944098	KO	status.find.is(200), but actually found 500
REQUEST	13		Pedido	1582316927947	1582316944536	OK	 
REQUEST	8		Pedido	1582316933176	1582316945476	OK	 
REQUEST	18		Pedido	1582316931238	1582316946380	OK	 
REQUEST	7		Pedido	1582316928106	1582316947466	OK	 
REQUEST	19		Pedido	1582316934216	1582316948486	OK	 
REQUEST	14		Pedido	1582316937816	1582316951878	OK	 
REQUEST	15		Pedido	1582316921567	1582316953129	OK	 
REQUEST	16		Pedido	1582316939996	1582316954202	OK	 
REQUEST	11		Pedido	1582316942387	1582316955255	OK	 
REQUEST	10		Pedido	1582316938886	1582316956256	OK	 
REQUEST	4		Pedido	1582316920227	1582316959261	OK	 
REQUEST	3		Pedido	1582316941316	1582316960864	OK	 
REQUEST	18		Pedido	1582316947377	1582316961728	OK	 
REQUEST	17		Pedido	1582316935396	1582316962900	OK	 
REQUEST	8		Pedido	1582316946486	1582316963876	OK	 
REQUEST	15		Pedido	1582316954128	1582316964846	OK	 
REQUEST	6		Pedido	1582316944616	1582316965705	OK	 
REQUEST	13		Pedido	1582316945536	1582316966166	KO	status.find.is(200), but actually found 500
REQUEST	19		Pedido	1582316949496	1582316966640	OK	 
REQUEST	7		Pedido	1582316948476	1582316970867	OK	 
REQUEST	16		Pedido	1582316955206	1582316971495	OK	 
REQUEST	9		Pedido	1582316929856	1582316972455	OK	 
REQUEST	14		Pedido	1582316952886	1582316973562	OK	 
REQUEST	17		Pedido	1582316963906	1582316974037	KO	status.find.is(200), but actually found 500
REQUEST	15		Pedido	1582316965856	1582316974785	OK	 
REQUEST	20		Pedido	1582316928966	1582316975800	OK	 
REQUEST	12		Pedido	1582316936326	1582316976257	KO	status.find.is(200), but actually found 500
REQUEST	2		Pedido	1582316943196	1582316976774	KO	status.find.is(200), but actually found 500
REQUEST	5		Pedido	1582316943866	1582316976836	OK	 
REQUEST	3		Pedido	1582316961856	1582316977270	KO	status.find.is(200), but actually found 500
REQUEST	4		Pedido	1582316960256	1582316977296	KO	status.find.is(200), but actually found 500
REQUEST	10		Pedido	1582316957257	1582316978051	OK	 
REQUEST	1		Pedido	1582316945096	1582316979096	OK	 
REQUEST	6		Pedido	1582316966716	1582316980310	OK	 
REQUEST	11		Pedido	1582316956266	1582316981297	OK	 
REQUEST	6		Pedido	1582316981306	1582316981405	OK	 
REQUEST	11		Pedido	1582316982297	1582316982378	OK	 
REQUEST	13		Pedido	1582316967166	1582316982418	OK	 
REQUEST	7		Pedido	1582316971865	1582316983818	OK	 
REQUEST	18		Pedido	1582316962736	1582316985070	OK	 
REQUEST	15		Pedido	1582316975786	1582316986129	OK	 
REQUEST	19		Pedido	1582316967636	1582316987170	OK	 
REQUEST	12		Pedido	1582316977256	1582316987605	KO	status.find.is(200), but actually found 500
REQUEST	8		Pedido	1582316964877	1582316988035	OK	 
REQUEST	5		Pedido	1582316977836	1582316988516	KO	status.find.is(200), but actually found 500
REQUEST	17		Pedido	1582316975036	1582316988918	OK	 
REQUEST	8		Pedido	1582316989036	1582316989126	OK	 
REQUEST	1		Pedido	1582316980106	1582316989808	OK	 
REQUEST	4		Pedido	1582316978305	1582316990720	OK	 
REQUEST	8		Pedido	1582316990126	1582316990731	OK	 
REQUEST	20		Pedido	1582316976796	1582316991215	KO	status.find.is(200), but actually found 500
REQUEST	4		Pedido	1582316991717	1582316991810	OK	 
REQUEST	9		Pedido	1582316973456	1582316994470	OK	 
REQUEST	3		Pedido	1582316978266	1582316995778	OK	 
REQUEST	10		Pedido	1582316979055	1582316996241	KO	status.find.is(200), but actually found 500
REQUEST	18		Pedido	1582316986065	1582316996725	OK	 
REQUEST	3		Pedido	1582316996786	1582316996857	OK	 
REQUEST	15		Pedido	1582316987126	1582316997860	OK	 
REQUEST	13		Pedido	1582316983426	1582316998840	OK	 
REQUEST	16		Pedido	1582316972506	1582317001838	OK	 
REQUEST	12		Pedido	1582316988606	1582317002721	OK	 
REQUEST	5		Pedido	1582316989515	1582317003555	OK	 
REQUEST	14		Pedido	1582316974557	1582317004535	OK	 
REQUEST	20		Pedido	1582316992226	1582317005545	OK	 
REQUEST	4		Pedido	1582316992806	1582317006508	OK	 
REQUEST	11		Pedido	1582316983376	1582317007415	OK	 
REQUEST	8		Pedido	1582316991725	1582317008240	OK	 
REQUEST	6		Pedido	1582316982406	1582317009069	OK	 
REQUEST	9		Pedido	1582316995466	1582317010000	OK	 
REQUEST	19		Pedido	1582316988176	1582317010856	OK	 
REQUEST	3		Pedido	1582316997866	1582317011690	OK	 
REQUEST	13		Pedido	1582316999836	1582317012390	OK	 
REQUEST	1		Pedido	1582316990806	1582317013354	OK	 
REQUEST	2		Pedido	1582316977786	1582317013370	KO	status.find.is(200), but actually found 500
REQUEST	16		Pedido	1582317002836	1582317014205	OK	 
REQUEST	7		Pedido	1582316984816	1582317014891	OK	 
REQUEST	18		Pedido	1582316997737	1582317015788	OK	 
REQUEST	17		Pedido	1582316989925	1582317016598	OK	 
REQUEST	5		Pedido	1582317004556	1582317019190	OK	 
REQUEST	10		Pedido	1582316997236	1582317020225	OK	 
REQUEST	15		Pedido	1582316998856	1582317023095	OK	 
REQUEST	8		Pedido	1582317009246	1582317024038	OK	 
REQUEST	14		Pedido	1582317005546	1582317024880	OK	 
REQUEST	20		Pedido	1582317006546	1582317025675	OK	 
REQUEST	16		Pedido	1582317015207	1582317026530	OK	 
REQUEST	9		Pedido	1582317011006	1582317027458	OK	 
REQUEST	19		Pedido	1582317011856	1582317028340	OK	 
REQUEST	12		Pedido	1582317003717	1582317029334	OK	 
REQUEST	5		Pedido	1582317020186	1582317030435	OK	 
REQUEST	13		Pedido	1582317013386	1582317031037	KO	status.find.is(200), but actually found 500
REQUEST	18		Pedido	1582317016786	1582317031390	OK	 
REQUEST	1		Pedido	1582317014346	1582317031965	OK	 
REQUEST	11		Pedido	1582317008416	1582317032315	OK	 
REQUEST	8		Pedido	1582317025036	1582317033225	OK	 
REQUEST	10		Pedido	1582317021237	1582317034105	OK	 
REQUEST	3		Pedido	1582317012686	1582317035231	OK	 
REQUEST	20		Pedido	1582317026676	1582317037420	OK	 
REQUEST	20		Pedido	1582317038416	1582317038485	OK	 
REQUEST	12		Pedido	1582317030335	1582317038820	OK	 
REQUEST	9		Pedido	1582317028456	1582317042428	OK	 
REQUEST	4		Pedido	1582317007516	1582317043945	KO	status.find.is(200), but actually found 500
REQUEST	5		Pedido	1582317031445	1582317044110	OK	 
REQUEST	2		Pedido	1582317014366	1582317044487	KO	status.find.is(200), but actually found 500
REQUEST	6		Pedido	1582317010076	1582317044527	KO	status.find.is(200), but actually found 500
REQUEST	7		Pedido	1582317015896	1582317045185	OK	 
REQUEST	3		Pedido	1582317036227	1582317046111	OK	 
REQUEST	10		Pedido	1582317035106	1582317047267	OK	 
REQUEST	15		Pedido	1582317024096	1582317048335	OK	 
REQUEST	15		Pedido	1582317049346	1582317049430	OK	 
REQUEST	18		Pedido	1582317032386	1582317050010	OK	 
REQUEST	8		Pedido	1582317034226	1582317050497	KO	status.find.is(200), but actually found 500
REQUEST	14		Pedido	1582317025876	1582317051150	OK	 
REQUEST	12		Pedido	1582317039826	1582317052255	OK	 
REQUEST	9		Pedido	1582317043436	1582317053120	OK	 
REQUEST	17		Pedido	1582317017597	1582317054675	OK	 
REQUEST	16		Pedido	1582317027526	1582317055730	OK	 
REQUEST	16		Pedido	1582317056726	1582317056819	OK	 
REQUEST	2		Pedido	1582317045485	1582317057058	OK	 
REQUEST	6		Pedido	1582317045526	1582317058346	OK	 
REQUEST	10		Pedido	1582317048265	1582317059275	OK	 
REQUEST	5		Pedido	1582317045106	1582317060666	OK	 
REQUEST	20		Pedido	1582317039496	1582317061175	KO	status.find.is(200), but actually found 500
REQUEST	15		Pedido	1582317050426	1582317061654	OK	 
REQUEST	5		Pedido	1582317061666	1582317062757	OK	 
REQUEST	8		Pedido	1582317051497	1582317063125	OK	 
REQUEST	1		Pedido	1582317032975	1582317064334	OK	 
REQUEST	18		Pedido	1582317051015	1582317065421	OK	 
REQUEST	3		Pedido	1582317047122	1582317066845	OK	 
REQUEST	19		Pedido	1582317029336	1582317067760	OK	 
REQUEST	11		Pedido	1582317033316	1582317070715	OK	 
REQUEST	7		Pedido	1582317046196	1582317073705	OK	 
REQUEST	12		Pedido	1582317053256	1582317074545	OK	 
REQUEST	6		Pedido	1582317059346	1582317075385	OK	 
REQUEST	13		Pedido	1582317032046	1582317076300	OK	 
REQUEST	1		Pedido	1582317065325	1582317076983	OK	 
REQUEST	14		Pedido	1582317052155	1582317077769	OK	 
REQUEST	17		Pedido	1582317055676	1582317080628	OK	 
REQUEST	16		Pedido	1582317057826	1582317081072	KO	status.find.is(200), but actually found 500
REQUEST	17		Pedido	1582317081626	1582317082725	OK	 
REQUEST	4		Pedido	1582317044946	1582317083438	OK	 
REQUEST	20		Pedido	1582317062165	1582317084385	OK	 
REQUEST	9		Pedido	1582317054116	1582317087335	OK	 
REQUEST	2		Pedido	1582317058066	1582317087975	OK	 
REQUEST	10		Pedido	1582317060277	1582317088968	OK	 
REQUEST	8		Pedido	1582317064136	1582317089443	KO	status.find.is(200), but actually found 500
REQUEST	15		Pedido	1582317062656	1582317089955	KO	status.find.is(200), but actually found 500
REQUEST	6		Pedido	1582317076395	1582317091938	OK	 
REQUEST	18		Pedido	1582317066416	1582317094830	OK	 
REQUEST	12		Pedido	1582317075546	1582317095575	OK	 
REQUEST	3		Pedido	1582317067845	1582317096625	OK	 
REQUEST	5		Pedido	1582317063757	1582317097127	KO	status.find.is(200), but actually found 500
REQUEST	17		Pedido	1582317083735	1582317097730	OK	 
REQUEST	2		Pedido	1582317088976	1582317101566	OK	 
REQUEST	20		Pedido	1582317085396	1582317102055	KO	status.find.is(200), but actually found 500
REQUEST	19		Pedido	1582317068765	1582317102430	OK	 
REQUEST	7		Pedido	1582317074705	1582317104050	OK	 
REQUEST	11		Pedido	1582317071715	1582317105287	OK	 
REQUEST	14		Pedido	1582317078766	1582317106248	OK	 
REQUEST	8		Pedido	1582317090445	1582317110615	OK	 
REQUEST	9		Pedido	1582317088346	1582317110634	OK	 
REQUEST	3		Pedido	1582317097626	1582317111470	OK	 
REQUEST	10		Pedido	1582317089966	1582317112565	OK	 
REQUEST	15		Pedido	1582317090955	1582317113275	OK	 
REQUEST	4		Pedido	1582317084446	1582317114178	OK	 
REQUEST	2		Pedido	1582317102566	1582317114919	KO	status.find.is(200), but actually found 500
REQUEST	12		Pedido	1582317096577	1582317115105	OK	 
REQUEST	7		Pedido	1582317105046	1582317118228	OK	 
REQUEST	17		Pedido	1582317098726	1582317118998	OK	 
REQUEST	1		Pedido	1582317077986	1582317120261	OK	 
REQUEST	19		Pedido	1582317103436	1582317120554	KO	status.find.is(200), but actually found 500
REQUEST	5		Pedido	1582317098125	1582317120948	KO	status.find.is(200), but actually found 500
REQUEST	13		Pedido	1582317077295	1582317122995	OK	 
REQUEST	16		Pedido	1582317082066	1582317123510	KO	status.find.is(200), but actually found 500
REQUEST	9		Pedido	1582317111625	1582317126154	OK	 
REQUEST	20		Pedido	1582317103055	1582317127104	OK	 
REQUEST	9		Pedido	1582317127166	1582317127265	OK	 
REQUEST	14		Pedido	1582317107256	1582317128201	OK	 
REQUEST	18		Pedido	1582317095836	1582317129106	OK	 
REQUEST	10		Pedido	1582317113566	1582317130925	OK	 
REQUEST	11		Pedido	1582317106286	1582317131000	OK	 
REQUEST	6		Pedido	1582317092936	1582317133906	OK	 
REQUEST	8		Pedido	1582317111615	1582317135110	OK	 
REQUEST	5		Pedido	1582317121956	1582317137570	OK	 
REQUEST	4		Pedido	1582317115176	1582317141165	OK	 
REQUEST	3		Pedido	1582317112466	1582317141325	OK	 
REQUEST	15		Pedido	1582317114286	1582317142526	OK	 
REQUEST	20		Pedido	1582317128096	1582317145558	OK	 
REQUEST	14		Pedido	1582317129195	1582317146600	OK	 
REQUEST	1		Pedido	1582317121266	1582317148530	OK	 
REQUEST	2		Pedido	1582317115916	1582317149614	OK	 
REQUEST	8		Pedido	1582317136108	1582317150228	OK	 
REQUEST	12		Pedido	1582317116106	1582317150277	OK	 
REQUEST	5		Pedido	1582317138565	1582317151498	OK	 
USER	Pedido	5	END	1582316768719	1582317152516
REQUEST	13		Pedido	1582317124006	1582317153900	OK	 
REQUEST	16		Pedido	1582317124515	1582317154546	OK	 
REQUEST	7		Pedido	1582317119226	1582317154585	OK	 
REQUEST	15		Pedido	1582317143526	1582317155591	OK	 
REQUEST	3		Pedido	1582317142326	1582317157260	OK	 
REQUEST	11		Pedido	1582317132006	1582317157603	OK	 
REQUEST	17		Pedido	1582317119996	1582317158595	OK	 
REQUEST	14		Pedido	1582317147605	1582317159586	OK	 
REQUEST	20		Pedido	1582317146566	1582317160526	OK	 
REQUEST	9		Pedido	1582317128256	1582317161554	OK	 
REQUEST	6		Pedido	1582317134906	1582317161928	KO	status.find.is(200), but actually found 500
REQUEST	1		Pedido	1582317149535	1582317162553	OK	 
REQUEST	18		Pedido	1582317130116	1582317164094	OK	 
REQUEST	12		Pedido	1582317151275	1582317164536	KO	status.find.is(200), but actually found 500
REQUEST	19		Pedido	1582317121556	1582317165900	OK	 
REQUEST	8		Pedido	1582317151226	1582317166570	OK	 
USER	Pedido	8	END	1582316768756	1582317167566
REQUEST	16		Pedido	1582317155556	1582317167900	OK	 
REQUEST	15		Pedido	1582317156585	1582317168618	KO	status.find.is(200), but actually found 500
USER	Pedido	15	END	1582316768831	1582317169615
REQUEST	10		Pedido	1582317131926	1582317169986	OK	 
REQUEST	4		Pedido	1582317142166	1582317169986	OK	 
REQUEST	7		Pedido	1582317155596	1582317170468	KO	status.find.is(200), but actually found 500
REQUEST	3		Pedido	1582317158265	1582317171154	OK	 
REQUEST	2		Pedido	1582317150615	1582317172147	OK	 
REQUEST	20		Pedido	1582317161526	1582317174580	OK	 
REQUEST	6		Pedido	1582317162926	1582317175566	OK	 
USER	Pedido	20	END	1582316768835	1582317175576
REQUEST	17		Pedido	1582317159606	1582317176015	OK	 
REQUEST	1		Pedido	1582317163546	1582317177546	OK	 
REQUEST	12		Pedido	1582317165536	1582317177940	KO	status.find.is(200), but actually found 500
REQUEST	9		Pedido	1582317162566	1582317178890	OK	 
REQUEST	11		Pedido	1582317158595	1582317179243	OK	 
REQUEST	18		Pedido	1582317165086	1582317180245	OK	 
REQUEST	14		Pedido	1582317160597	1582317180342	OK	 
REQUEST	13		Pedido	1582317154895	1582317181310	OK	 
REQUEST	19		Pedido	1582317166896	1582317182545	OK	 
REQUEST	7		Pedido	1582317171456	1582317183535	OK	 
REQUEST	10		Pedido	1582317170986	1582317184680	OK	 
REQUEST	3		Pedido	1582317172145	1582317185940	OK	 
USER	Pedido	3	END	1582316768718	1582317186945
REQUEST	4		Pedido	1582317170986	1582317187190	OK	 
REQUEST	2		Pedido	1582317173155	1582317188240	OK	 
REQUEST	16		Pedido	1582317168896	1582317189571	OK	 
REQUEST	11		Pedido	1582317180246	1582317190815	OK	 
REQUEST	12		Pedido	1582317178936	1582317191950	OK	 
REQUEST	17		Pedido	1582317177016	1582317192797	OK	 
REQUEST	9		Pedido	1582317179886	1582317194073	OK	 
USER	Pedido	9	END	1582316768737	1582317195065
REQUEST	6		Pedido	1582317176576	1582317197625	OK	 
REQUEST	13		Pedido	1582317182316	1582317198505	OK	 
REQUEST	1		Pedido	1582317178557	1582317199367	OK	 
REQUEST	7		Pedido	1582317184545	1582317200094	OK	 
REQUEST	16		Pedido	1582317190565	1582317200895	OK	 
REQUEST	19		Pedido	1582317183556	1582317201757	OK	 
REQUEST	18		Pedido	1582317181256	1582317202245	KO	status.find.is(200), but actually found 500
REQUEST	19		Pedido	1582317202755	1582317202825	OK	 
REQUEST	14		Pedido	1582317181335	1582317203326	OK	 
REQUEST	2		Pedido	1582317189236	1582317204410	OK	 
REQUEST	17		Pedido	1582317193796	1582317205499	OK	 
USER	Pedido	17	END	1582316768833	1582317206496
REQUEST	4		Pedido	1582317188186	1582317209425	OK	 
REQUEST	11		Pedido	1582317191826	1582317210725	OK	 
REQUEST	10		Pedido	1582317185686	1582317211770	OK	 
REQUEST	13		Pedido	1582317199505	1582317212995	OK	 
REQUEST	13		Pedido	1582317213996	1582317214085	OK	 
REQUEST	7		Pedido	1582317201096	1582317214277	OK	 
REQUEST	1		Pedido	1582317200365	1582317215275	OK	 
REQUEST	7		Pedido	1582317215276	1582317215365	OK	 
REQUEST	2		Pedido	1582317205405	1582317216135	OK	 
USER	Pedido	7	END	1582316768733	1582317216365
REQUEST	16		Pedido	1582317201906	1582317217195	OK	 
USER	Pedido	16	END	1582316768832	1582317218186
REQUEST	6		Pedido	1582317198616	1582317218680	OK	 
REQUEST	4		Pedido	1582317210436	1582317220065	OK	 
REQUEST	12		Pedido	1582317192955	1582317220977	OK	 
USER	Pedido	12	END	1582316768763	1582317221985
REQUEST	18		Pedido	1582317203236	1582317222055	OK	 
REQUEST	10		Pedido	1582317212766	1582317223277	OK	 
USER	Pedido	10	END	1582316768738	1582317224285
REQUEST	19		Pedido	1582317203826	1582317224750	OK	 
REQUEST	19		Pedido	1582317225746	1582317225825	OK	 
USER	Pedido	19	END	1582316768834	1582317226835
REQUEST	14		Pedido	1582317204326	1582317227765	OK	 
REQUEST	13		Pedido	1582317215086	1582317228895	OK	 
USER	Pedido	13	END	1582316768828	1582317229895
REQUEST	11		Pedido	1582317211725	1582317229940	OK	 
REQUEST	1		Pedido	1582317216277	1582317230856	OK	 
REQUEST	18		Pedido	1582317223066	1582317231850	OK	 
USER	Pedido	18	END	1582316768833	1582317232845
REQUEST	2		Pedido	1582317217146	1582317233327	OK	 
REQUEST	6		Pedido	1582317219686	1582317234440	OK	 
USER	Pedido	6	END	1582316768725	1582317235435
REQUEST	4		Pedido	1582317221065	1582317235620	OK	 
REQUEST	4		Pedido	1582317236616	1582317236687	OK	 
REQUEST	14		Pedido	1582317228776	1582317237310	OK	 
USER	Pedido	14	END	1582316768829	1582317238306
REQUEST	11		Pedido	1582317230935	1582317239350	OK	 
USER	Pedido	11	END	1582316768761	1582317240345
REQUEST	1		Pedido	1582317231856	1582317243035	OK	 
REQUEST	2		Pedido	1582317234326	1582317244305	OK	 
USER	Pedido	2	END	1582316768718	1582317245306
REQUEST	4		Pedido	1582317237685	1582317246037	OK	 
USER	Pedido	4	END	1582316768719	1582317247045
REQUEST	1		Pedido	1582317244036	1582317253050	OK	 
USER	Pedido	1	END	1582316768718	1582317254045
