RUN	ResgasaSimulation	resgasasimulation	1582740667700	 	3.3.1
USER	Entregas	9	START	1582740670097	1582740670097
USER	Entregas	7	START	1582740670093	1582740670093
USER	Entregas	4	START	1582740670061	1582740670061
USER	Entregas	8	START	1582740670101	1582740670101
USER	Entregas	2	START	1582740670060	1582740670060
USER	Entregas	1	START	1582740670060	1582740670060
USER	Entregas	10	START	1582740670093	1582740670093
USER	Entregas	5	START	1582740670085	1582740670085
USER	Entregas	6	START	1582740670091	1582740670091
USER	Entregas	3	START	1582740670060	1582740670060
REQUEST	7		ResgasaToken	1582740670157	1582740670208	OK	 
REQUEST	3		ResgasaToken	1582740670157	1582740670212	OK	 
REQUEST	4		ResgasaToken	1582740670162	1582740670212	OK	 
REQUEST	6		ResgasaToken	1582740670162	1582740670242	OK	 
REQUEST	2		ResgasaToken	1582740670171	1582740670208	OK	 
REQUEST	9		ResgasaToken	1582740670161	1582740670208	OK	 
REQUEST	5		ResgasaToken	1582740670171	1582740670212	OK	 
REQUEST	8		ResgasaToken	1582740670157	1582740670208	OK	 
REQUEST	1		ResgasaToken	1582740670157	1582740670390	OK	 
REQUEST	10		ResgasaToken	1582740670157	1582740670392	OK	 
REQUEST	9		Entrega	1582740670419	1582740705652	OK	 
REQUEST	1		Entrega	1582740670423	1582740711706	OK	 
REQUEST	1		Entrega	1582740712729	1582740726250	OK	 
REQUEST	5		Entrega	1582740670415	1582740730415	KO	i.g.h.c.i.RequestTimeoutException: Request timeout to ws.resgasa.com.ec/190.12.0.158:89 after 60000 ms
REQUEST	7		Entrega	1582740670417	1582740730417	KO	i.g.h.c.i.RequestTimeoutException: Request timeout to ws.resgasa.com.ec/190.12.0.158:89 after 60000 ms
REQUEST	6		Entrega	1582740670409	1582740730410	KO	i.g.h.c.i.RequestTimeoutException: Request timeout to ws.resgasa.com.ec/190.12.0.158:89 after 60000 ms
REQUEST	8		Entrega	1582740670411	1582740730412	KO	i.g.h.c.i.RequestTimeoutException: Request timeout to ws.resgasa.com.ec/190.12.0.158:89 after 60000 ms
REQUEST	4		Entrega	1582740670414	1582740730414	KO	i.g.h.c.i.RequestTimeoutException: Request timeout to ws.resgasa.com.ec/190.12.0.158:89 after 60000 ms
REQUEST	2		Entrega	1582740670420	1582740730421	KO	i.g.h.c.i.RequestTimeoutException: Request timeout to ws.resgasa.com.ec/190.12.0.158:89 after 60000 ms
REQUEST	10		Entrega	1582740670424	1582740730440	KO	i.g.h.c.i.RequestTimeoutException: Request timeout to ws.resgasa.com.ec/190.12.0.158:89 after 60000 ms
REQUEST	3		Entrega	1582740670404	1582740730404	KO	i.g.h.c.i.RequestTimeoutException: Request timeout to ws.resgasa.com.ec/190.12.0.158:89 after 60000 ms
REQUEST	4		Entrega	1582740731270	1582740762329	OK	 
REQUEST	9		Entrega	1582740706519	1582740766520	KO	i.g.h.c.i.RequestTimeoutException: Request timeout to ws.resgasa.com.ec/190.12.0.158:89 after 60000 ms
REQUEST	1		Entrega	1582740727249	1582740770333	OK	 
REQUEST	8		Entrega	1582740731259	1582740770463	OK	 
REQUEST	1		Entrega	1582740771348	1582740789788	OK	 
REQUEST	2		Entrega	1582740731268	1582740791269	KO	i.g.h.c.i.RequestTimeoutException: Request timeout to ws.resgasa.com.ec/190.12.0.158:89 after 60000 ms
REQUEST	7		Entrega	1582740731271	1582740791273	KO	i.g.h.c.i.RequestTimeoutException: Request timeout to ws.resgasa.com.ec/190.12.0.158:89 after 60000 ms
REQUEST	5		Entrega	1582740731278	1582740791281	KO	i.g.h.c.i.RequestTimeoutException: Request timeout to ws.resgasa.com.ec/190.12.0.158:89 after 60000 ms
REQUEST	3		Entrega	1582740731299	1582740791299	KO	i.g.h.c.i.RequestTimeoutException: Request timeout to ws.resgasa.com.ec/190.12.0.158:89 after 60000 ms
REQUEST	6		Entrega	1582740731328	1582740791329	KO	i.g.h.c.i.RequestTimeoutException: Request timeout to ws.resgasa.com.ec/190.12.0.158:89 after 60000 ms
REQUEST	10		Entrega	1582740731468	1582740791469	KO	i.g.h.c.i.RequestTimeoutException: Request timeout to ws.resgasa.com.ec/190.12.0.158:89 after 60000 ms
REQUEST	4		Entrega	1582740763329	1582740823329	KO	i.g.h.c.i.RequestTimeoutException: Request timeout to ws.resgasa.com.ec/190.12.0.158:89 after 60000 ms
REQUEST	10		Entrega	1582740792458	1582740824348	OK	 
REQUEST	3		Entrega	1582740792298	1582740826319	OK	 
REQUEST	9		Entrega	1582740767518	1582740827519	KO	i.g.h.c.i.RequestTimeoutException: Request timeout to ws.resgasa.com.ec/190.12.0.158:89 after 60000 ms
REQUEST	8		Entrega	1582740771468	1582740831469	KO	i.g.h.c.i.RequestTimeoutException: Request timeout to ws.resgasa.com.ec/190.12.0.158:89 after 60000 ms
REQUEST	10		Entrega	1582740825358	1582740849600	OK	 
REQUEST	1		Entrega	1582740790789	1582740850789	KO	i.g.h.c.i.RequestTimeoutException: Request timeout to ws.resgasa.com.ec/190.12.0.158:89 after 60000 ms
REQUEST	5		Entrega	1582740792278	1582740852280	KO	i.g.h.c.i.RequestTimeoutException: Request timeout to ws.resgasa.com.ec/190.12.0.158:89 after 60000 ms
REQUEST	2		Entrega	1582740792279	1582740852281	KO	i.g.h.c.i.RequestTimeoutException: Request timeout to ws.resgasa.com.ec/190.12.0.158:89 after 60000 ms
REQUEST	7		Entrega	1582740792281	1582740852281	KO	i.g.h.c.i.RequestTimeoutException: Request timeout to ws.resgasa.com.ec/190.12.0.158:89 after 60000 ms
REQUEST	6		Entrega	1582740792328	1582740852329	KO	i.g.h.c.i.RequestTimeoutException: Request timeout to ws.resgasa.com.ec/190.12.0.158:89 after 60000 ms
REQUEST	10		Entrega	1582740850599	1582740867023	OK	 
REQUEST	2		Entrega	1582740853280	1582740872945	OK	 
REQUEST	5		Entrega	1582740853308	1582740878105	OK	 
REQUEST	4		Entrega	1582740824338	1582740884340	KO	i.g.h.c.i.RequestTimeoutException: Request timeout to ws.resgasa.com.ec/190.12.0.158:89 after 60000 ms
REQUEST	3		Entrega	1582740827328	1582740887329	KO	i.g.h.c.i.RequestTimeoutException: Request timeout to ws.resgasa.com.ec/190.12.0.158:89 after 60000 ms
REQUEST	10		Entrega	1582740868028	1582740887397	OK	 
REQUEST	9		Entrega	1582740828518	1582740888519	KO	i.g.h.c.i.RequestTimeoutException: Request timeout to ws.resgasa.com.ec/190.12.0.158:89 after 60000 ms
REQUEST	8		Entrega	1582740832468	1582740892469	KO	i.g.h.c.i.RequestTimeoutException: Request timeout to ws.resgasa.com.ec/190.12.0.158:89 after 60000 ms
REQUEST	5		Entrega	1582740879108	1582740899967	OK	 
REQUEST	1		Entrega	1582740851788	1582740911789	KO	i.g.h.c.i.RequestTimeoutException: Request timeout to ws.resgasa.com.ec/190.12.0.158:89 after 60000 ms
REQUEST	7		Entrega	1582740853279	1582740913279	KO	i.g.h.c.i.RequestTimeoutException: Request timeout to ws.resgasa.com.ec/190.12.0.158:89 after 60000 ms
REQUEST	6		Entrega	1582740853338	1582740913339	KO	i.g.h.c.i.RequestTimeoutException: Request timeout to ws.resgasa.com.ec/190.12.0.158:89 after 60000 ms
REQUEST	1		Entrega	1582740912788	1582740926493	OK	 
REQUEST	4		Entrega	1582740885337	1582740929011	OK	 
REQUEST	7		Entrega	1582740914287	1582740931380	OK	 
REQUEST	2		Entrega	1582740873948	1582740933949	KO	i.g.h.c.i.RequestTimeoutException: Request timeout to ws.resgasa.com.ec/190.12.0.158:89 after 60000 ms
REQUEST	3		Entrega	1582740888328	1582740948328	KO	i.g.h.c.i.RequestTimeoutException: Request timeout to ws.resgasa.com.ec/190.12.0.158:89 after 60000 ms
REQUEST	10		Entrega	1582740888408	1582740948409	KO	i.g.h.c.i.RequestTimeoutException: Request timeout to ws.resgasa.com.ec/190.12.0.158:89 after 60000 ms
REQUEST	9		Entrega	1582740889528	1582740949529	KO	i.g.h.c.i.RequestTimeoutException: Request timeout to ws.resgasa.com.ec/190.12.0.158:89 after 60000 ms
REQUEST	8		Entrega	1582740893468	1582740953468	KO	i.g.h.c.i.RequestTimeoutException: Request timeout to ws.resgasa.com.ec/190.12.0.158:89 after 60000 ms
REQUEST	6		Entrega	1582740914338	1582740957628	OK	 
REQUEST	5		Entrega	1582740900957	1582740960958	KO	i.g.h.c.i.RequestTimeoutException: Request timeout to ws.resgasa.com.ec/190.12.0.158:89 after 60000 ms
REQUEST	7		Entrega	1582740932378	1582740964459	OK	 
REQUEST	8		Entrega	1582740954478	1582740968023	OK	 
REQUEST	10		Entrega	1582740949398	1582740974797	OK	 
REQUEST	1		Entrega	1582740927507	1582740987508	KO	i.g.h.c.i.RequestTimeoutException: Request timeout to ws.resgasa.com.ec/190.12.0.158:89 after 60000 ms
REQUEST	4		Entrega	1582740930017	1582740990017	KO	i.g.h.c.i.RequestTimeoutException: Request timeout to ws.resgasa.com.ec/190.12.0.158:89 after 60000 ms
REQUEST	2		Entrega	1582740934949	1582740994950	KO	i.g.h.c.i.RequestTimeoutException: Request timeout to ws.resgasa.com.ec/190.12.0.158:89 after 60000 ms
REQUEST	3		Entrega	1582740949328	1582741009329	KO	i.g.h.c.i.RequestTimeoutException: Request timeout to ws.resgasa.com.ec/190.12.0.158:89 after 60000 ms
REQUEST	9		Entrega	1582740950528	1582741010529	KO	i.g.h.c.i.RequestTimeoutException: Request timeout to ws.resgasa.com.ec/190.12.0.158:89 after 60000 ms
REQUEST	6		Entrega	1582740958638	1582741018638	KO	i.g.h.c.i.RequestTimeoutException: Request timeout to ws.resgasa.com.ec/190.12.0.158:89 after 60000 ms
REQUEST	5		Entrega	1582740961968	1582741021969	KO	i.g.h.c.i.RequestTimeoutException: Request timeout to ws.resgasa.com.ec/190.12.0.158:89 after 60000 ms
REQUEST	7		Entrega	1582740965468	1582741025469	KO	i.g.h.c.i.RequestTimeoutException: Request timeout to ws.resgasa.com.ec/190.12.0.158:89 after 60000 ms
REQUEST	8		Entrega	1582740969028	1582741029029	KO	i.g.h.c.i.RequestTimeoutException: Request timeout to ws.resgasa.com.ec/190.12.0.158:89 after 60000 ms
REQUEST	10		Entrega	1582740975808	1582741035809	KO	i.g.h.c.i.RequestTimeoutException: Request timeout to ws.resgasa.com.ec/190.12.0.158:89 after 60000 ms
REQUEST	1		Entrega	1582740988508	1582741048508	KO	i.g.h.c.i.RequestTimeoutException: Request timeout to ws.resgasa.com.ec/190.12.0.158:89 after 60000 ms
REQUEST	4		Entrega	1582740991017	1582741051018	KO	i.g.h.c.i.RequestTimeoutException: Request timeout to ws.resgasa.com.ec/190.12.0.158:89 after 60000 ms
REQUEST	2		Entrega	1582740995958	1582741055958	KO	i.g.h.c.i.RequestTimeoutException: Request timeout to ws.resgasa.com.ec/190.12.0.158:89 after 60000 ms
REQUEST	2		Entrega	1582741056958	1582741065360	OK	 
REQUEST	3		Entrega	1582741010328	1582741070329	KO	i.g.h.c.i.RequestTimeoutException: Request timeout to ws.resgasa.com.ec/190.12.0.158:89 after 60000 ms
REQUEST	9		Entrega	1582741011548	1582741071549	KO	i.g.h.c.i.RequestTimeoutException: Request timeout to ws.resgasa.com.ec/190.12.0.158:89 after 60000 ms
REQUEST	6		Entrega	1582741019638	1582741076293	OK	 
REQUEST	8		Entrega	1582741030027	1582741078236	OK	 
REQUEST	5		Entrega	1582741022968	1582741080180	OK	 
REQUEST	10		Entrega	1582741036808	1582741083856	OK	 
REQUEST	4		Entrega	1582741052018	1582741085322	OK	 
REQUEST	7		Entrega	1582741026467	1582741086469	KO	i.g.h.c.i.RequestTimeoutException: Request timeout to ws.resgasa.com.ec/190.12.0.158:89 after 60000 ms
REQUEST	2		Entrega	1582741066358	1582741087578	OK	 
REQUEST	1		Entrega	1582741049507	1582741088464	KO	status.find.is(200), but actually found 500
REQUEST	9		Entrega	1582741072557	1582741089547	OK	 
REQUEST	3		Entrega	1582741071338	1582741092569	OK	 
REQUEST	5		Entrega	1582741081188	1582741096137	OK	 
REQUEST	8		Entrega	1582741079238	1582741099398	OK	 
REQUEST	10		Entrega	1582741084868	1582741100819	OK	 
REQUEST	6		Entrega	1582741077287	1582741102783	OK	 
REQUEST	7		Entrega	1582741087478	1582741104559	OK	 
REQUEST	4		Entrega	1582741086327	1582741105988	OK	 
REQUEST	2		Entrega	1582741088588	1582741107555	OK	 
REQUEST	1		Entrega	1582741089467	1582741111283	OK	 
REQUEST	9		Entrega	1582741090558	1582741112730	KO	status.find.is(200), but actually found 500
REQUEST	3		Entrega	1582741093567	1582741114885	OK	 
REQUEST	5		Entrega	1582741097138	1582741116809	KO	status.find.is(200), but actually found 500
REQUEST	8		Entrega	1582741100398	1582741117468	OK	 
REQUEST	7		Entrega	1582741105557	1582741120835	OK	 
REQUEST	6		Entrega	1582741103787	1582741125011	OK	 
REQUEST	10		Entrega	1582741101818	1582741125252	OK	 
REQUEST	4		Entrega	1582741106987	1582741129335	OK	 
REQUEST	3		Entrega	1582741115898	1582741130087	OK	 
REQUEST	1		Entrega	1582741112288	1582741133198	OK	 
REQUEST	2		Entrega	1582741108558	1582741133826	OK	 
REQUEST	8		Entrega	1582741118478	1582741134406	KO	status.find.is(200), but actually found 500
REQUEST	9		Entrega	1582741113727	1582741135463	KO	status.find.is(200), but actually found 500
REQUEST	5		Entrega	1582741117808	1582741136666	OK	 
REQUEST	7		Entrega	1582741121838	1582741141287	OK	 
REQUEST	10		Entrega	1582741126249	1582741145102	OK	 
REQUEST	4		Entrega	1582741130348	1582741149201	OK	 
REQUEST	3		Entrega	1582741131088	1582741151312	OK	 
REQUEST	2		Entrega	1582741134827	1582741151745	OK	 
REQUEST	1		Entrega	1582741134198	1582741152102	OK	 
REQUEST	5		Entrega	1582741137678	1582741152851	OK	 
REQUEST	6		Entrega	1582741126018	1582741153214	KO	status.find.is(200), but actually found 500
REQUEST	8		Entrega	1582741135408	1582741156037	OK	 
REQUEST	7		Entrega	1582741142288	1582741159852	OK	 
REQUEST	9		Entrega	1582741136468	1582741160694	OK	 
REQUEST	10		Entrega	1582741146119	1582741163158	OK	 
REQUEST	5		Entrega	1582741153847	1582741168715	OK	 
REQUEST	4		Entrega	1582741150198	1582741171841	OK	 
REQUEST	1		Entrega	1582741153098	1582741171842	KO	status.find.is(200), but actually found 500
REQUEST	6		Entrega	1582741154217	1582741175191	OK	 
REQUEST	2		Entrega	1582741152747	1582741177260	OK	 
REQUEST	8		Entrega	1582741157037	1582741178789	KO	status.find.is(200), but actually found 500
REQUEST	3		Entrega	1582741152308	1582741179410	OK	 
REQUEST	7		Entrega	1582741160848	1582741181057	OK	 
REQUEST	5		Entrega	1582741169728	1582741184575	OK	 
REQUEST	9		Entrega	1582741161697	1582741186401	OK	 
REQUEST	10		Entrega	1582741164157	1582741186428	KO	status.find.is(200), but actually found 500
REQUEST	7		Entrega	1582741182068	1582741193102	OK	 
REQUEST	6		Entrega	1582741176187	1582741194208	OK	 
REQUEST	4		Entrega	1582741172838	1582741195130	KO	status.find.is(200), but actually found 500
REQUEST	8		Entrega	1582741179787	1582741196855	OK	 
REQUEST	1		Entrega	1582741172847	1582741197487	OK	 
REQUEST	2		Entrega	1582741178258	1582741197972	OK	 
REQUEST	9		Entrega	1582741187397	1582741198708	OK	 
REQUEST	5		Entrega	1582741185577	1582741202790	OK	 
REQUEST	3		Entrega	1582741180418	1582741203667	OK	 
REQUEST	7		Entrega	1582741194097	1582741208520	OK	 
REQUEST	1		Entrega	1582741198498	1582741212148	OK	 
REQUEST	8		Entrega	1582741197858	1582741216619	OK	 
REQUEST	6		Entrega	1582741195218	1582741217436	OK	 
REQUEST	9		Entrega	1582741199708	1582741224656	OK	 
REQUEST	4		Entrega	1582741196138	1582741225646	OK	 
REQUEST	10		Entrega	1582741187427	1582741229923	OK	 
REQUEST	2		Entrega	1582741198977	1582741230791	KO	status.find.is(200), but actually found 500
REQUEST	5		Entrega	1582741203787	1582741234807	OK	 
REQUEST	1		Entrega	1582741213148	1582741236299	OK	 
REQUEST	7		Entrega	1582741209528	1582741240291	OK	 
REQUEST	8		Entrega	1582741217618	1582741246828	OK	 
REQUEST	10		Entrega	1582741230917	1582741252265	OK	 
REQUEST	4		Entrega	1582741226648	1582741253168	OK	 
REQUEST	3		Entrega	1582741204667	1582741255789	OK	 
REQUEST	9		Entrega	1582741225667	1582741260665	OK	 
REQUEST	1		Entrega	1582741237298	1582741264041	OK	 
REQUEST	2		Entrega	1582741231788	1582741265360	OK	 
REQUEST	5		Entrega	1582741235817	1582741265793	OK	 
REQUEST	7		Entrega	1582741241288	1582741266165	KO	status.find.is(200), but actually found 500
REQUEST	6		Entrega	1582741218437	1582741267557	OK	 
REQUEST	8		Entrega	1582741247838	1582741270285	OK	 
REQUEST	10		Entrega	1582741253277	1582741272094	OK	 
REQUEST	4		Entrega	1582741254167	1582741276292	OK	 
REQUEST	3		Entrega	1582741256788	1582741277520	KO	status.find.is(200), but actually found 500
REQUEST	9		Entrega	1582741261668	1582741279090	OK	 
REQUEST	8		Entrega	1582741271287	1582741280184	OK	 
REQUEST	7		Entrega	1582741267167	1582741281690	OK	 
REQUEST	5		Entrega	1582741266788	1582741283559	OK	 
REQUEST	6		Entrega	1582741268558	1582741285445	OK	 
REQUEST	2		Entrega	1582741266368	1582741286654	OK	 
REQUEST	10		Entrega	1582741273088	1582741290149	OK	 
REQUEST	8		Entrega	1582741281188	1582741295521	OK	 
REQUEST	1		Entrega	1582741265038	1582741295813	OK	 
REQUEST	9		Entrega	1582741280088	1582741298890	OK	 
REQUEST	4		Entrega	1582741277287	1582741303544	OK	 
REQUEST	6		Entrega	1582741286447	1582741303709	OK	 
REQUEST	5		Entrega	1582741284567	1582741305774	KO	status.find.is(200), but actually found 500
REQUEST	2		Entrega	1582741287647	1582741309425	OK	 
REQUEST	1		Entrega	1582741296828	1582741314353	OK	 
REQUEST	7		Entrega	1582741282688	1582741315710	KO	status.find.is(200), but actually found 500
REQUEST	3		Entrega	1582741278517	1582741316515	OK	 
REQUEST	10		Entrega	1582741291158	1582741318712	OK	 
REQUEST	9		Entrega	1582741299888	1582741322359	OK	 
REQUEST	6		Entrega	1582741304708	1582741322567	OK	 
REQUEST	4		Entrega	1582741304558	1582741326783	OK	 
REQUEST	5		Entrega	1582741306778	1582741328703	OK	 
REQUEST	2		Entrega	1582741310438	1582741333325	OK	 
REQUEST	1		Entrega	1582741315347	1582741333332	KO	status.find.is(200), but actually found 500
REQUEST	7		Entrega	1582741316718	1582741336039	OK	 
REQUEST	8		Entrega	1582741296517	1582741339705	KO	status.find.is(200), but actually found 500
REQUEST	3		Entrega	1582741317518	1582741340644	OK	 
REQUEST	5		Entrega	1582741329697	1582741342545	OK	 
REQUEST	9		Entrega	1582741323367	1582741343906	OK	 
REQUEST	10		Entrega	1582741319708	1582741346254	OK	 
REQUEST	1		Entrega	1582741334328	1582741349108	OK	 
REQUEST	6		Entrega	1582741323567	1582741349355	OK	 
REQUEST	2		Entrega	1582741334329	1582741352872	OK	 
REQUEST	4		Entrega	1582741327778	1582741353602	OK	 
REQUEST	3		Entrega	1582741341648	1582741358271	OK	 
REQUEST	5		Entrega	1582741343557	1582741361272	OK	 
REQUEST	7		Entrega	1582741337038	1582741362635	OK	 
REQUEST	8		Entrega	1582741340708	1582741362761	OK	 
REQUEST	10		Entrega	1582741347257	1582741364520	OK	 
REQUEST	1		Entrega	1582741350118	1582741367141	OK	 
REQUEST	4		Entrega	1582741354608	1582741368786	KO	status.find.is(200), but actually found 500
REQUEST	9		Entrega	1582741344907	1582741371444	OK	 
REQUEST	2		Entrega	1582741353867	1582741371909	OK	 
REQUEST	3		Entrega	1582741359277	1582741373811	OK	 
REQUEST	7		Entrega	1582741363647	1582741384459	OK	 
REQUEST	10		Entrega	1582741365527	1582741385573	OK	 
REQUEST	8		Entrega	1582741363757	1582741388791	OK	 
REQUEST	5		Entrega	1582741362268	1582741391382	KO	status.find.is(200), but actually found 500
REQUEST	4		Entrega	1582741369787	1582741391652	KO	status.find.is(200), but actually found 500
REQUEST	6		Entrega	1582741350358	1582741391717	OK	 
REQUEST	9		Entrega	1582741372447	1582741396317	OK	 
REQUEST	1		Entrega	1582741368137	1582741398034	KO	status.find.is(200), but actually found 500
REQUEST	2		Entrega	1582741372918	1582741398742	OK	 
REQUEST	3		Entrega	1582741374818	1582741399071	KO	status.find.is(200), but actually found 500
REQUEST	10		Entrega	1582741386567	1582741403171	OK	 
REQUEST	8		Entrega	1582741389797	1582741410293	OK	 
REQUEST	5		Entrega	1582741392378	1582741411551	OK	 
REQUEST	4		Entrega	1582741392647	1582741411712	OK	 
REQUEST	7		Entrega	1582741385457	1582741412172	KO	status.find.is(200), but actually found 500
REQUEST	6		Entrega	1582741392728	1582741413626	OK	 
REQUEST	2		Entrega	1582741399738	1582741417154	OK	 
REQUEST	9		Entrega	1582741397317	1582741417977	KO	status.find.is(200), but actually found 500
REQUEST	1		Entrega	1582741399047	1582741418182	OK	 
REQUEST	10		Entrega	1582741404178	1582741420579	OK	 
REQUEST	3		Entrega	1582741400067	1582741427350	OK	 
REQUEST	5		Entrega	1582741412557	1582741428045	OK	 
REQUEST	7		Entrega	1582741413168	1582741428860	OK	 
REQUEST	4		Entrega	1582741412717	1582741428860	KO	status.find.is(200), but actually found 500
REQUEST	8		Entrega	1582741411297	1582741429985	OK	 
REQUEST	6		Entrega	1582741414627	1582741432483	OK	 
REQUEST	2		Entrega	1582741418158	1582741433641	OK	 
REQUEST	10		Entrega	1582741421578	1582741439112	OK	 
REQUEST	1		Entrega	1582741419178	1582741443423	OK	 
REQUEST	5		Entrega	1582741429057	1582741445807	OK	 
REQUEST	9		Entrega	1582741418978	1582741451478	OK	 
REQUEST	2		Entrega	1582741434647	1582741452580	OK	 
REQUEST	7		Entrega	1582741429858	1582741454348	OK	 
REQUEST	3		Entrega	1582741428357	1582741455312	OK	 
REQUEST	4		Entrega	1582741429858	1582741455618	OK	 
REQUEST	6		Entrega	1582741433477	1582741460490	OK	 
REQUEST	10		Entrega	1582741440127	1582741461500	OK	 
REQUEST	8		Entrega	1582741430987	1582741465519	OK	 
REQUEST	1		Entrega	1582741444418	1582741469045	OK	 
REQUEST	9		Entrega	1582741452477	1582741469582	OK	 
REQUEST	5		Entrega	1582741446808	1582741470737	OK	 
REQUEST	7		Entrega	1582741455357	1582741471527	OK	 
REQUEST	3		Entrega	1582741456317	1582741474106	OK	 
REQUEST	2		Entrega	1582741453577	1582741475908	OK	 
REQUEST	10		Entrega	1582741462497	1582741477942	OK	 
REQUEST	4		Entrega	1582741456628	1582741479596	OK	 
REQUEST	8		Entrega	1582741466527	1582741484225	OK	 
REQUEST	6		Entrega	1582741461497	1582741488903	OK	 
REQUEST	7		Entrega	1582741472527	1582741489202	KO	status.find.is(200), but actually found 500
REQUEST	1		Entrega	1582741470048	1582741490887	OK	 
REQUEST	10		Entrega	1582741478937	1582741493197	OK	 
REQUEST	9		Entrega	1582741470577	1582741493671	OK	 
REQUEST	5		Entrega	1582741471737	1582741495291	OK	 
REQUEST	2		Entrega	1582741476917	1582741499159	OK	 
REQUEST	4		Entrega	1582741480598	1582741499803	OK	 
REQUEST	8		Entrega	1582741485228	1582741504984	OK	 
REQUEST	9		Entrega	1582741494677	1582741508435	OK	 
REQUEST	1		Entrega	1582741491897	1582741510707	OK	 
REQUEST	6		Entrega	1582741489897	1582741511324	KO	status.find.is(200), but actually found 500
REQUEST	10		Entrega	1582741494207	1582741511950	KO	status.find.is(200), but actually found 500
REQUEST	3		Entrega	1582741475107	1582741514663	OK	 
REQUEST	5		Entrega	1582741496288	1582741519486	OK	 
REQUEST	8		Entrega	1582741505977	1582741520554	OK	 
REQUEST	7		Entrega	1582741490197	1582741522781	KO	status.find.is(200), but actually found 500
REQUEST	4		Entrega	1582741500797	1582741524824	OK	 
REQUEST	2		Entrega	1582741500158	1582741525411	KO	status.find.is(200), but actually found 500
REQUEST	9		Entrega	1582741509447	1582741528505	OK	 
REQUEST	1		Entrega	1582741511707	1582741530116	OK	 
REQUEST	6		Entrega	1582741512337	1582741532437	OK	 
REQUEST	10		Entrega	1582741512947	1582741536592	OK	 
REQUEST	8		Entrega	1582741521557	1582741537731	OK	 
REQUEST	5		Entrega	1582741520497	1582741539590	OK	 
REQUEST	3		Entrega	1582741515657	1582741542459	OK	 
REQUEST	7		Entrega	1582741523786	1582741543671	KO	status.find.is(200), but actually found 500
REQUEST	2		Entrega	1582741526407	1582741544296	KO	status.find.is(200), but actually found 500
REQUEST	4		Entrega	1582741525827	1582741545285	OK	 
REQUEST	9		Entrega	1582741529497	1582741548095	OK	 
REQUEST	1		Entrega	1582741531118	1582741548923	OK	 
REQUEST	6		Entrega	1582741533437	1582741551730	KO	status.find.is(200), but actually found 500
REQUEST	8		Entrega	1582741538728	1582741552686	OK	 
REQUEST	10		Entrega	1582741537597	1582741553814	OK	 
REQUEST	7		Entrega	1582741544678	1582741558061	OK	 
REQUEST	3		Entrega	1582741543468	1582741559830	OK	 
REQUEST	4		Entrega	1582741546297	1582741560766	OK	 
REQUEST	5		Entrega	1582741540597	1582741561739	OK	 
REQUEST	9		Entrega	1582741549097	1582741561854	KO	status.find.is(200), but actually found 500
REQUEST	2		Entrega	1582741545307	1582741563298	OK	 
REQUEST	8		Entrega	1582741553697	1582741568197	OK	 
REQUEST	6		Entrega	1582741552727	1582741570113	OK	 
REQUEST	1		Entrega	1582741549917	1582741571355	OK	 
REQUEST	10		Entrega	1582741554807	1582741571740	OK	 
REQUEST	5		Entrega	1582741562738	1582741576282	OK	 
REQUEST	4		Entrega	1582741561768	1582741578202	OK	 
REQUEST	9		Entrega	1582741562847	1582741579939	KO	status.find.is(200), but actually found 500
REQUEST	2		Entrega	1582741564297	1582741580780	OK	 
REQUEST	3		Entrega	1582741560827	1582741582021	OK	 
REQUEST	6		Entrega	1582741571108	1582741584062	OK	 
REQUEST	8		Entrega	1582741569198	1582741585028	OK	 
REQUEST	4		Entrega	1582741579198	1582741587470	OK	 
REQUEST	1		Entrega	1582741572367	1582741589094	KO	status.find.is(200), but actually found 500
REQUEST	10		Entrega	1582741572747	1582741591771	OK	 
REQUEST	7		Entrega	1582741559057	1582741598761	OK	 
REQUEST	2		Entrega	1582741581777	1582741599904	OK	 
REQUEST	5		Entrega	1582741577277	1582741600825	OK	 
REQUEST	9		Entrega	1582741580948	1582741604070	OK	 
REQUEST	4		Entrega	1582741588477	1582741604678	KO	status.find.is(200), but actually found 500
REQUEST	3		Entrega	1582741583027	1582741604962	OK	 
REQUEST	6		Entrega	1582741585067	1582741608179	OK	 
REQUEST	1		Entrega	1582741590097	1582741609537	KO	status.find.is(200), but actually found 500
REQUEST	7		Entrega	1582741599768	1582741613155	OK	 
REQUEST	8		Entrega	1582741586027	1582741613995	KO	status.find.is(200), but actually found 500
REQUEST	3		Entrega	1582741605958	1582741616972	OK	 
REQUEST	2		Entrega	1582741600907	1582741620019	OK	 
REQUEST	6		Entrega	1582741609188	1582741623002	OK	 
REQUEST	10		Entrega	1582741592778	1582741625181	OK	 
REQUEST	4		Entrega	1582741605677	1582741626155	OK	 
REQUEST	9		Entrega	1582741605078	1582741626445	KO	status.find.is(200), but actually found 500
REQUEST	1		Entrega	1582741610537	1582741626684	OK	 
REQUEST	8		Entrega	1582741614997	1582741629007	OK	 
REQUEST	7		Entrega	1582741614157	1582741630067	KO	status.find.is(200), but actually found 500
REQUEST	5		Entrega	1582741601827	1582741632938	OK	 
REQUEST	8		Entrega	1582741630007	1582741645725	OK	 
REQUEST	3		Entrega	1582741617977	1582741646630	OK	 
REQUEST	10		Entrega	1582741626177	1582741647913	OK	 
REQUEST	9		Entrega	1582741627447	1582741648134	OK	 
REQUEST	4		Entrega	1582741627158	1582741649571	OK	 
REQUEST	1		Entrega	1582741627677	1582741651029	OK	 
REQUEST	7		Entrega	1582741631067	1582741652683	OK	 
REQUEST	6		Entrega	1582741623998	1582741653451	KO	status.find.is(200), but actually found 500
REQUEST	2		Entrega	1582741621027	1582741654148	OK	 
REQUEST	5		Entrega	1582741633947	1582741658120	OK	 
REQUEST	1		Entrega	1582741652037	1582741661959	OK	 
REQUEST	3		Entrega	1582741647638	1582741662001	KO	status.find.is(200), but actually found 500
REQUEST	7		Entrega	1582741653677	1582741665457	OK	 
REQUEST	9		Entrega	1582741649127	1582741666133	OK	 
REQUEST	4		Entrega	1582741650567	1582741667171	OK	 
REQUEST	2		Entrega	1582741655147	1582741669466	OK	 
REQUEST	6		Entrega	1582741654447	1582741671067	OK	 
REQUEST	10		Entrega	1582741648918	1582741674176	OK	 
REQUEST	3		Entrega	1582741662998	1582741675101	OK	 
REQUEST	5		Entrega	1582741659118	1582741676002	OK	 
REQUEST	1		Entrega	1582741662957	1582741682153	OK	 
REQUEST	8		Entrega	1582741646737	1582741684144	OK	 
REQUEST	9		Entrega	1582741667137	1582741686950	OK	 
REQUEST	10		Entrega	1582741675177	1582741689550	OK	 
REQUEST	4		Entrega	1582741668178	1582741689721	KO	status.find.is(200), but actually found 500
REQUEST	2		Entrega	1582741670467	1582741690444	OK	 
REQUEST	6		Entrega	1582741672078	1582741690625	OK	 
REQUEST	5		Entrega	1582741677007	1582741692176	OK	 
REQUEST	1		Entrega	1582741683158	1582741692512	OK	 
REQUEST	3		Entrega	1582741676107	1582741693735	OK	 
REQUEST	7		Entrega	1582741666467	1582741697422	KO	status.find.is(200), but actually found 500
REQUEST	9		Entrega	1582741687947	1582741699616	OK	 
REQUEST	8		Entrega	1582741685137	1582741702073	OK	 
REQUEST	1		Entrega	1582741693507	1582741703232	OK	 
REQUEST	6		Entrega	1582741691628	1582741703919	OK	 
REQUEST	10		Entrega	1582741690548	1582741705036	OK	 
REQUEST	2		Entrega	1582741691448	1582741706245	OK	 
REQUEST	4		Entrega	1582741690717	1582741707226	OK	 
REQUEST	5		Entrega	1582741693177	1582741711232	OK	 
REQUEST	3		Entrega	1582741694737	1582741712328	OK	 
REQUEST	7		Entrega	1582741698418	1582741713730	OK	 
REQUEST	9		Entrega	1582741700627	1582741715772	OK	 
REQUEST	2		Entrega	1582741707248	1582741716905	OK	 
REQUEST	1		Entrega	1582741704237	1582741717208	OK	 
REQUEST	8		Entrega	1582741703067	1582741717731	OK	 
REQUEST	6		Entrega	1582741704918	1582741725599	OK	 
REQUEST	4		Entrega	1582741708238	1582741727698	OK	 
REQUEST	3		Entrega	1582741713326	1582741729807	OK	 
REQUEST	5		Entrega	1582741712237	1582741730461	OK	 
REQUEST	7		Entrega	1582741714737	1582741731250	KO	status.find.is(200), but actually found 500
REQUEST	10		Entrega	1582741706048	1582741731281	OK	 
REQUEST	2		Entrega	1582741717907	1582741732543	OK	 
REQUEST	9		Entrega	1582741716767	1582741733771	KO	status.find.is(200), but actually found 500
REQUEST	8		Entrega	1582741718737	1582741738882	OK	 
REQUEST	4		Entrega	1582741728697	1582741745635	OK	 
REQUEST	5		Entrega	1582741731457	1582741748110	OK	 
REQUEST	3		Entrega	1582741730807	1582741748855	KO	status.find.is(200), but actually found 500
REQUEST	6		Entrega	1582741726607	1582741749446	OK	 
REQUEST	9		Entrega	1582741734767	1582741750916	OK	 
REQUEST	2		Entrega	1582741733537	1582741751141	OK	 
REQUEST	7		Entrega	1582741732247	1582741751365	KO	status.find.is(200), but actually found 500
REQUEST	10		Entrega	1582741732277	1582741751837	OK	 
REQUEST	8		Entrega	1582741739887	1582741752224	OK	 
REQUEST	4		Entrega	1582741746637	1582741758990	OK	 
REQUEST	1		Entrega	1582741718218	1582741761843	OK	 
REQUEST	5		Entrega	1582741749117	1582741762566	OK	 
REQUEST	3		Entrega	1582741749857	1582741764078	OK	 
REQUEST	7		Entrega	1582741752377	1582741765304	OK	 
REQUEST	8		Entrega	1582741753218	1582741766886	OK	 
REQUEST	2		Entrega	1582741752147	1582741770145	OK	 
REQUEST	6		Entrega	1582741750447	1582741770419	KO	status.find.is(200), but actually found 500
REQUEST	10		Entrega	1582741752837	1582741775366	OK	 
REQUEST	9		Entrega	1582741751927	1582741775783	OK	 
REQUEST	1		Entrega	1582741762837	1582741777768	OK	 
REQUEST	3		Entrega	1582741765077	1582741781611	OK	 
REQUEST	5		Entrega	1582741763567	1582741781949	OK	 
REQUEST	7		Entrega	1582741766288	1582741783061	KO	status.find.is(200), but actually found 500
REQUEST	4		Entrega	1582741759987	1582741785044	OK	 
REQUEST	2		Entrega	1582741771147	1582741785801	OK	 
REQUEST	6		Entrega	1582741771417	1582741786665	KO	status.find.is(200), but actually found 500
REQUEST	8		Entrega	1582741767897	1582741789062	OK	 
REQUEST	10		Entrega	1582741776377	1582741791432	OK	 
REQUEST	9		Entrega	1582741776777	1582741792052	OK	 
REQUEST	7		Entrega	1582741784067	1582741793586	OK	 
REQUEST	5		Entrega	1582741782947	1582741794247	OK	 
REQUEST	1		Entrega	1582741778767	1582741797116	OK	 
REQUEST	4		Entrega	1582741786047	1582741802909	OK	 
REQUEST	3		Entrega	1582741782617	1582741803117	KO	status.find.is(200), but actually found 500
REQUEST	6		Entrega	1582741787667	1582741803784	OK	 
REQUEST	7		Entrega	1582741794598	1582741805104	OK	 
REQUEST	10		Entrega	1582741792427	1582741806703	OK	 
REQUEST	2		Entrega	1582741786797	1582741808228	OK	 
REQUEST	1		Entrega	1582741798127	1582741810568	OK	 
REQUEST	9		Entrega	1582741793057	1582741812135	OK	 
REQUEST	6		Entrega	1582741804777	1582741815384	OK	 
REQUEST	4		Entrega	1582741803908	1582741816368	OK	 
REQUEST	3		Entrega	1582741804118	1582741817269	OK	 
REQUEST	8		Entrega	1582741790057	1582741820415	OK	 
REQUEST	10		Entrega	1582741807697	1582741821861	OK	 
REQUEST	9		Entrega	1582741813138	1582741822687	OK	 
REQUEST	1		Entrega	1582741811567	1582741824851	OK	 
REQUEST	7		Entrega	1582741806097	1582741826099	OK	 
REQUEST	5		Entrega	1582741795257	1582741827387	KO	status.find.is(200), but actually found 500
REQUEST	4		Entrega	1582741817377	1582741827764	KO	status.find.is(200), but actually found 500
REQUEST	2		Entrega	1582741809237	1582741828189	KO	status.find.is(200), but actually found 500
REQUEST	6		Entrega	1582741816387	1582741828592	OK	 
REQUEST	3		Entrega	1582741818267	1582741834679	OK	 
REQUEST	8		Entrega	1582741821427	1582741836626	OK	 
REQUEST	10		Entrega	1582741822867	1582741836823	KO	status.find.is(200), but actually found 500
REQUEST	9		Entrega	1582741823687	1582741838528	OK	 
REQUEST	1		Entrega	1582741825847	1582741838779	KO	status.find.is(200), but actually found 500
REQUEST	5		Entrega	1582741828387	1582741842704	OK	 
REQUEST	2		Entrega	1582741829186	1582741844902	OK	 
REQUEST	7		Entrega	1582741827097	1582741847353	OK	 
REQUEST	6		Entrega	1582741829597	1582741849938	OK	 
REQUEST	10		Entrega	1582741837817	1582741850868	OK	 
REQUEST	9		Entrega	1582741839537	1582741853317	OK	 
REQUEST	3		Entrega	1582741835687	1582741853441	KO	status.find.is(200), but actually found 500
REQUEST	8		Entrega	1582741837627	1582741853679	OK	 
REQUEST	1		Entrega	1582741839787	1582741854189	KO	status.find.is(200), but actually found 500
REQUEST	4		Entrega	1582741828767	1582741859079	OK	 
REQUEST	7		Entrega	1582741848357	1582741862219	OK	 
REQUEST	10		Entrega	1582741851877	1582741862728	KO	status.find.is(200), but actually found 500
REQUEST	2		Entrega	1582741845897	1582741862823	OK	 
REQUEST	5		Entrega	1582741843697	1582741863417	KO	status.find.is(200), but actually found 500
REQUEST	9		Entrega	1582741854317	1582741863429	KO	status.find.is(200), but actually found 500
REQUEST	1		Entrega	1582741855187	1582741864994	OK	 
REQUEST	6		Entrega	1582741850958	1582741865368	OK	 
REQUEST	3		Entrega	1582741854438	1582741868661	OK	 
REQUEST	4		Entrega	1582741860077	1582741870740	OK	 
REQUEST	8		Entrega	1582741854677	1582741874276	OK	 
REQUEST	7		Entrega	1582741863227	1582741875666	OK	 
REQUEST	5		Entrega	1582741864428	1582741876967	OK	 
REQUEST	2		Entrega	1582741863827	1582741878264	OK	 
REQUEST	9		Entrega	1582741864427	1582741879281	KO	status.find.is(200), but actually found 500
REQUEST	10		Entrega	1582741863728	1582741881535	OK	 
REQUEST	6		Entrega	1582741866358	1582741883419	OK	 
REQUEST	1		Entrega	1582741865987	1582741890699	OK	 
REQUEST	7		Entrega	1582741876667	1582741893054	OK	 
REQUEST	4		Entrega	1582741871737	1582741895273	OK	 
REQUEST	8		Entrega	1582741875277	1582741896472	OK	 
REQUEST	5		Entrega	1582741877967	1582741897028	OK	 
REQUEST	2		Entrega	1582741879267	1582741897774	KO	status.find.is(200), but actually found 500
REQUEST	10		Entrega	1582741882548	1582741898083	OK	 
REQUEST	9		Entrega	1582741880277	1582741899617	OK	 
REQUEST	3		Entrega	1582741869657	1582741901401	KO	status.find.is(200), but actually found 500
REQUEST	6		Entrega	1582741884427	1582741902241	OK	 
REQUEST	1		Entrega	1582741891707	1582741902665	OK	 
REQUEST	7		Entrega	1582741894047	1582741905851	OK	 
REQUEST	2		Entrega	1582741898767	1582741908789	OK	 
REQUEST	4		Entrega	1582741896268	1582741910050	OK	 
REQUEST	8		Entrega	1582741897467	1582741912237	KO	status.find.is(200), but actually found 500
REQUEST	5		Entrega	1582741898027	1582741912281	OK	 
REQUEST	10		Entrega	1582741899077	1582741912580	OK	 
REQUEST	9		Entrega	1582741900627	1582741914672	OK	 
REQUEST	6		Entrega	1582741903237	1582741916381	OK	 
REQUEST	1		Entrega	1582741903667	1582741916598	OK	 
REQUEST	3		Entrega	1582741902407	1582741916805	OK	 
REQUEST	4		Entrega	1582741911057	1582741918544	OK	 
REQUEST	2		Entrega	1582741909797	1582741919217	OK	 
REQUEST	7		Entrega	1582741906857	1582741920181	OK	 
REQUEST	5		Entrega	1582741913278	1582741922200	OK	 
REQUEST	10		Entrega	1582741913577	1582741925600	OK	 
REQUEST	9		Entrega	1582741915667	1582741926047	OK	 
REQUEST	1		Entrega	1582741917597	1582741928176	OK	 
REQUEST	3		Entrega	1582741917808	1582741929259	OK	 
REQUEST	4		Entrega	1582741919547	1582741929595	OK	 
REQUEST	6		Entrega	1582741917387	1582741930076	KO	status.find.is(200), but actually found 500
REQUEST	2		Entrega	1582741920227	1582741932894	OK	 
REQUEST	5		Entrega	1582741923207	1582741933418	OK	 
REQUEST	7		Entrega	1582741921177	1582741937937	OK	 
REQUEST	8		Entrega	1582741913247	1582741938559	KO	status.find.is(200), but actually found 500
REQUEST	4		Entrega	1582741930587	1582741939093	OK	 
REQUEST	1		Entrega	1582741929188	1582741940589	OK	 
REQUEST	10		Entrega	1582741926607	1582741941204	KO	status.find.is(200), but actually found 500
REQUEST	9		Entrega	1582741927048	1582741941491	OK	 
REQUEST	3		Entrega	1582741930257	1582741945950	OK	 
REQUEST	2		Entrega	1582741933887	1582741948471	OK	 
REQUEST	5		Entrega	1582741934417	1582741948652	KO	status.find.is(200), but actually found 500
REQUEST	6		Entrega	1582741931078	1582741949219	KO	status.find.is(200), but actually found 500
REQUEST	7		Entrega	1582741938948	1582741950376	OK	 
REQUEST	9		Entrega	1582741942497	1582741951307	OK	 
REQUEST	4		Entrega	1582741940097	1582741952037	KO	status.find.is(200), but actually found 500
REQUEST	8		Entrega	1582741939557	1582741952227	OK	 
REQUEST	1		Entrega	1582741941578	1582741953006	OK	 
REQUEST	10		Entrega	1582741942197	1582741953854	OK	 
REQUEST	3		Entrega	1582741946957	1582741958517	OK	 
REQUEST	6		Entrega	1582741950217	1582741958530	KO	status.find.is(200), but actually found 500
REQUEST	5		Entrega	1582741949647	1582741959370	OK	 
REQUEST	4		Entrega	1582741953047	1582741961131	OK	 
REQUEST	2		Entrega	1582741949477	1582741962070	OK	 
REQUEST	10		Entrega	1582741954856	1582741964172	OK	 
REQUEST	8		Entrega	1582741953226	1582741964882	OK	 
REQUEST	1		Entrega	1582741954017	1582741966075	OK	 
REQUEST	7		Entrega	1582741951378	1582741966174	KO	status.find.is(200), but actually found 500
REQUEST	9		Entrega	1582741952307	1582741966196	OK	 
REQUEST	3		Entrega	1582741959517	1582741967907	OK	 
REQUEST	6		Entrega	1582741959527	1582741969002	OK	 
REQUEST	5		Entrega	1582741960377	1582741969891	KO	status.find.is(200), but actually found 500
REQUEST	2		Entrega	1582741963067	1582741971246	OK	 
REQUEST	7		Entrega	1582741967178	1582741975103	OK	 
REQUEST	10		Entrega	1582741965177	1582741976137	KO	status.find.is(200), but actually found 500
REQUEST	4		Entrega	1582741962127	1582741977276	OK	 
REQUEST	1		Entrega	1582741967077	1582741977548	OK	 
REQUEST	8		Entrega	1582741965886	1582741977991	OK	 
REQUEST	6		Entrega	1582741970007	1582741979442	OK	 
REQUEST	9		Entrega	1582741967197	1582741980343	KO	status.find.is(200), but actually found 500
REQUEST	5		Entrega	1582741970886	1582741981754	OK	 
REQUEST	3		Entrega	1582741968908	1582741982018	OK	 
REQUEST	7		Entrega	1582741976097	1582741986832	OK	 
REQUEST	10		Entrega	1582741977137	1582741987074	OK	 
REQUEST	4		Entrega	1582741978287	1582741989071	OK	 
REQUEST	6		Entrega	1582741980447	1582741990709	OK	 
REQUEST	1		Entrega	1582741978547	1582741991078	OK	 
REQUEST	8		Entrega	1582741978987	1582741991543	OK	 
REQUEST	3		Entrega	1582741983017	1582741994510	KO	status.find.is(200), but actually found 500
REQUEST	5		Entrega	1582741982757	1582741994661	OK	 
REQUEST	4		Entrega	1582741990067	1582741994932	OK	 
REQUEST	2		Entrega	1582741972247	1582741995333	KO	status.find.is(200), but actually found 500
REQUEST	9		Entrega	1582741981339	1582741997607	OK	 
REQUEST	10		Entrega	1582741988077	1582741999052	OK	 
REQUEST	7		Entrega	1582741987827	1582742001638	OK	 
REQUEST	8		Entrega	1582741992547	1582742001643	OK	 
REQUEST	1		Entrega	1582741992077	1582742002749	OK	 
REQUEST	6		Entrega	1582741991708	1582742003276	KO	status.find.is(200), but actually found 500
REQUEST	5		Entrega	1582741995667	1582742005048	OK	 
REQUEST	3		Entrega	1582741995507	1582742005367	OK	 
REQUEST	4		Entrega	1582741995927	1582742007342	OK	 
REQUEST	10		Entrega	1582742000057	1582742007773	OK	 
REQUEST	7		Entrega	1582742002647	1582742010285	OK	 
REQUEST	2		Entrega	1582741996328	1582742011650	KO	status.find.is(200), but actually found 500
REQUEST	9		Entrega	1582741998617	1582742012699	OK	 
REQUEST	1		Entrega	1582742003747	1582742013285	KO	status.find.is(200), but actually found 500
REQUEST	6		Entrega	1582742004277	1582742016730	OK	 
REQUEST	8		Entrega	1582742002637	1582742016730	KO	status.find.is(200), but actually found 500
REQUEST	4		Entrega	1582742008347	1582742019471	OK	 
REQUEST	10		Entrega	1582742008767	1582742019856	OK	 
REQUEST	3		Entrega	1582742006377	1582742020295	KO	status.find.is(200), but actually found 500
REQUEST	7		Entrega	1582742011287	1582742020337	OK	 
REQUEST	1		Entrega	1582742014296	1582742022402	OK	 
REQUEST	5		Entrega	1582742006047	1582742022583	KO	status.find.is(200), but actually found 500
REQUEST	9		Entrega	1582742013696	1582742025573	OK	 
REQUEST	6		Entrega	1582742017727	1582742026628	OK	 
REQUEST	2		Entrega	1582742012658	1582742027795	OK	 
REQUEST	3		Entrega	1582742021297	1582742031451	OK	 
REQUEST	7		Entrega	1582742021337	1582742031613	KO	status.find.is(200), but actually found 500
REQUEST	4		Entrega	1582742020477	1582742032565	OK	 
REQUEST	8		Entrega	1582742017737	1582742032904	OK	 
REQUEST	9		Entrega	1582742026567	1582742033622	OK	 
REQUEST	1		Entrega	1582742023397	1582742034415	KO	status.find.is(200), but actually found 500
REQUEST	6		Entrega	1582742027637	1582742035980	OK	 
REQUEST	5		Entrega	1582742023587	1582742038450	OK	 
REQUEST	10		Entrega	1582742020867	1582742038862	OK	 
REQUEST	8		Entrega	1582742033897	1582742039874	OK	 
REQUEST	2		Entrega	1582742028797	1582742040706	OK	 
REQUEST	3		Entrega	1582742032447	1582742042728	OK	 
REQUEST	1		Entrega	1582742035407	1582742043308	OK	 
REQUEST	9		Entrega	1582742034627	1582742043475	OK	 
REQUEST	4		Entrega	1582742033557	1582742045424	OK	 
REQUEST	7		Entrega	1582742032607	1582742046569	KO	status.find.is(200), but actually found 500
REQUEST	6		Entrega	1582742036977	1582742049005	OK	 
REQUEST	2		Entrega	1582742041716	1582742051146	OK	 
REQUEST	10		Entrega	1582742039857	1582742051330	OK	 
REQUEST	8		Entrega	1582742040877	1582742051459	KO	status.find.is(200), but actually found 500
REQUEST	3		Entrega	1582742043727	1582742052973	OK	 
REQUEST	7		Entrega	1582742047578	1582742055232	OK	 
REQUEST	1		Entrega	1582742044317	1582742056128	OK	 
REQUEST	5		Entrega	1582742039447	1582742056801	OK	 
REQUEST	4		Entrega	1582742046427	1582742058360	OK	 
REQUEST	9		Entrega	1582742044477	1582742058877	KO	status.find.is(200), but actually found 500
REQUEST	10		Entrega	1582742052337	1582742061422	OK	 
REQUEST	6		Entrega	1582742049997	1582742061555	OK	 
REQUEST	3		Entrega	1582742053967	1582742061744	OK	 
REQUEST	8		Entrega	1582742052467	1582742066865	OK	 
REQUEST	5		Entrega	1582742057807	1582742067315	KO	status.find.is(200), but actually found 500
REQUEST	7		Entrega	1582742056227	1582742067767	KO	status.find.is(200), but actually found 500
REQUEST	2		Entrega	1582742052147	1582742067896	KO	status.find.is(200), but actually found 500
REQUEST	4		Entrega	1582742059367	1582742069183	OK	 
REQUEST	1		Entrega	1582742057127	1582742069417	KO	status.find.is(200), but actually found 500
REQUEST	6		Entrega	1582742062567	1582742071776	OK	 
REQUEST	3		Entrega	1582742062747	1582742073117	OK	 
REQUEST	10		Entrega	1582742062417	1582742073117	KO	status.find.is(200), but actually found 500
REQUEST	2		Entrega	1582742068897	1582742073494	KO	status.find.is(200), but actually found 500
REQUEST	4		Entrega	1582742070177	1582742078093	OK	 
REQUEST	5		Entrega	1582742068317	1582742078648	OK	 
REQUEST	8		Entrega	1582742067867	1582742081549	OK	 
REQUEST	2		Entrega	1582742074488	1582742082173	OK	 
REQUEST	6		Entrega	1582742072777	1582742082939	OK	 
REQUEST	10		Entrega	1582742074127	1582742083803	KO	status.find.is(200), but actually found 500
REQUEST	9		Entrega	1582742059888	1582742083814	OK	 
REQUEST	1		Entrega	1582742070427	1582742083816	KO	status.find.is(200), but actually found 500
REQUEST	7		Entrega	1582742068777	1582742084763	OK	 
REQUEST	4		Entrega	1582742079097	1582742086216	OK	 
REQUEST	3		Entrega	1582742074127	1582742086742	KO	status.find.is(200), but actually found 500
REQUEST	5		Entrega	1582742079647	1582742088601	OK	 
REQUEST	2		Entrega	1582742083167	1582742089749	OK	 
REQUEST	8		Entrega	1582742082557	1582742090674	OK	 
REQUEST	10		Entrega	1582742084797	1582742094340	OK	 
REQUEST	7		Entrega	1582742085757	1582742095887	OK	 
REQUEST	1		Entrega	1582742084817	1582742097625	OK	 
REQUEST	3		Entrega	1582742087737	1582742099152	OK	 
REQUEST	9		Entrega	1582742084807	1582742099945	OK	 
REQUEST	4		Entrega	1582742087228	1582742100055	KO	status.find.is(200), but actually found 500
REQUEST	6		Entrega	1582742083937	1582742101053	OK	 
REQUEST	5		Entrega	1582742089597	1582742102028	OK	 
REQUEST	8		Entrega	1582742091667	1582742103276	OK	 
REQUEST	2		Entrega	1582742090757	1582742103285	KO	status.find.is(200), but actually found 500
REQUEST	10		Entrega	1582742095347	1582742106424	OK	 
REQUEST	7		Entrega	1582742096897	1582742108569	OK	 
REQUEST	9		Entrega	1582742100947	1582742109476	OK	 
REQUEST	1		Entrega	1582742098618	1582742110250	OK	 
REQUEST	2		Entrega	1582742104277	1582742111535	OK	 
REQUEST	6		Entrega	1582742102057	1582742112577	OK	 
REQUEST	5		Entrega	1582742103037	1582742113235	KO	status.find.is(200), but actually found 500
REQUEST	4		Entrega	1582742101048	1582742113473	KO	status.find.is(200), but actually found 500
REQUEST	8		Entrega	1582742104288	1582742113604	OK	 
REQUEST	3		Entrega	1582742100157	1582742115823	OK	 
REQUEST	9		Entrega	1582742110486	1582742120062	OK	 
REQUEST	1		Entrega	1582742111247	1582742121524	OK	 
REQUEST	7		Entrega	1582742109567	1582742122781	KO	status.find.is(200), but actually found 500
REQUEST	2		Entrega	1582742112547	1582742123137	KO	status.find.is(200), but actually found 500
REQUEST	10		Entrega	1582742107417	1582742124148	OK	 
REQUEST	4		Entrega	1582742114477	1582742125711	OK	 
REQUEST	6		Entrega	1582742113577	1582742125716	KO	status.find.is(200), but actually found 500
REQUEST	5		Entrega	1582742114237	1582742126607	KO	status.find.is(200), but actually found 500
REQUEST	3		Entrega	1582742116817	1582742127156	OK	 
REQUEST	8		Entrega	1582742114597	1582742130666	OK	 
REQUEST	9		Entrega	1582742121057	1582742130962	KO	status.find.is(200), but actually found 500
REQUEST	7		Entrega	1582742123777	1582742131493	OK	 
REQUEST	1		Entrega	1582742122527	1582742133483	OK	 
REQUEST	2		Entrega	1582742124137	1582742133723	OK	 
REQUEST	10		Entrega	1582742125157	1582742134366	KO	status.find.is(200), but actually found 500
REQUEST	6		Entrega	1582742126718	1582742135995	OK	 
REQUEST	5		Entrega	1582742127607	1582742136038	KO	status.find.is(200), but actually found 500
REQUEST	4		Entrega	1582742126718	1582742136904	OK	 
REQUEST	9		Entrega	1582742131957	1582742138550	OK	 
REQUEST	3		Entrega	1582742128167	1582742138828	KO	status.find.is(200), but actually found 500
REQUEST	7		Entrega	1582742132497	1582742140778	OK	 
REQUEST	8		Entrega	1582742131668	1582742142765	OK	 
REQUEST	5		Entrega	1582742137037	1582742145606	OK	 
REQUEST	1		Entrega	1582742134487	1582742145622	KO	status.find.is(200), but actually found 500
REQUEST	4		Entrega	1582742137897	1582742146034	KO	status.find.is(200), but actually found 500
REQUEST	6		Entrega	1582742136997	1582742146076	KO	status.find.is(200), but actually found 500
REQUEST	2		Entrega	1582742134717	1582742147071	OK	 
REQUEST	9		Entrega	1582742139558	1582742147515	OK	 
REQUEST	10		Entrega	1582742135367	1582742148710	KO	status.find.is(200), but actually found 500
REQUEST	7		Entrega	1582742141787	1582742150958	OK	 
REQUEST	8		Entrega	1582742143757	1582742151777	OK	 
REQUEST	3		Entrega	1582742139827	1582742155508	OK	 
REQUEST	5		Entrega	1582742146607	1582742158578	OK	 
REQUEST	4		Entrega	1582742147037	1582742158782	OK	 
REQUEST	1		Entrega	1582742146617	1582742159211	KO	status.find.is(200), but actually found 500
REQUEST	2		Entrega	1582742148077	1582742159638	OK	 
REQUEST	9		Entrega	1582742148517	1582742160932	OK	 
REQUEST	10		Entrega	1582742149707	1582742161647	OK	 
REQUEST	8		Entrega	1582742152787	1582742161864	KO	status.find.is(200), but actually found 500
REQUEST	7		Entrega	1582742151957	1582742163209	OK	 
REQUEST	6		Entrega	1582742147076	1582742165399	OK	 
REQUEST	3		Entrega	1582742156506	1582742165424	OK	 
REQUEST	4		Entrega	1582742159787	1582742167572	OK	 
REQUEST	1		Entrega	1582742160217	1582742167714	OK	 
REQUEST	5		Entrega	1582742159587	1582742169952	OK	 
REQUEST	9		Entrega	1582742161928	1582742170633	OK	 
REQUEST	2		Entrega	1582742160637	1582742170672	KO	status.find.is(200), but actually found 500
REQUEST	7		Entrega	1582742164207	1582742171708	OK	 
REQUEST	10		Entrega	1582742162647	1582742172322	OK	 
REQUEST	8		Entrega	1582742162867	1582742175754	OK	 
REQUEST	6		Entrega	1582742166397	1582742176757	OK	 
REQUEST	4		Entrega	1582742168567	1582742177117	OK	 
REQUEST	3		Entrega	1582742166427	1582742178667	OK	 
REQUEST	5		Entrega	1582742170948	1582742179264	KO	status.find.is(200), but actually found 500
REQUEST	2		Entrega	1582742171677	1582742180410	OK	 
REQUEST	9		Entrega	1582742171637	1582742181071	KO	status.find.is(200), but actually found 500
REQUEST	1		Entrega	1582742168717	1582742181095	KO	status.find.is(200), but actually found 500
REQUEST	7		Entrega	1582742172717	1582742181558	KO	status.find.is(200), but actually found 500
REQUEST	8		Entrega	1582742176747	1582742185906	OK	 
REQUEST	10		Entrega	1582742173327	1582742186440	KO	status.find.is(200), but actually found 500
REQUEST	4		Entrega	1582742178128	1582742187134	KO	status.find.is(200), but actually found 500
REQUEST	5		Entrega	1582742180257	1582742187574	OK	 
REQUEST	9		Entrega	1582742182067	1582742188989	OK	 
REQUEST	6		Entrega	1582742177767	1582742189621	OK	 
REQUEST	1		Entrega	1582742182097	1582742190750	KO	status.find.is(200), but actually found 500
REQUEST	3		Entrega	1582742179667	1582742191509	OK	 
REQUEST	7		Entrega	1582742182557	1582742193680	OK	 
REQUEST	2		Entrega	1582742181406	1582742194050	KO	status.find.is(200), but actually found 500
REQUEST	4		Entrega	1582742188137	1582742197422	OK	 
REQUEST	10		Entrega	1582742187436	1582742197876	OK	 
REQUEST	8		Entrega	1582742186918	1582742198925	KO	status.find.is(200), but actually found 500
REQUEST	5		Entrega	1582742188577	1582742200716	OK	 
REQUEST	6		Entrega	1582742190617	1582742201351	OK	 
REQUEST	9		Entrega	1582742190007	1582742203024	OK	 
REQUEST	1		Entrega	1582742191747	1582742203025	OK	 
REQUEST	3		Entrega	1582742192517	1582742203051	KO	status.find.is(200), but actually found 500
REQUEST	7		Entrega	1582742194677	1582742204120	OK	 
REQUEST	8		Entrega	1582742199927	1582742206008	OK	 
REQUEST	2		Entrega	1582742195058	1582742206861	KO	status.find.is(200), but actually found 500
REQUEST	4		Entrega	1582742198417	1582742208838	OK	 
REQUEST	5		Entrega	1582742201727	1582742210351	OK	 
REQUEST	10		Entrega	1582742198888	1582742210570	KO	status.find.is(200), but actually found 500
REQUEST	1		Entrega	1582742204027	1582742212360	OK	 
REQUEST	7		Entrega	1582742205127	1582742212511	OK	 
REQUEST	3		Entrega	1582742204047	1582742212734	OK	 
REQUEST	9		Entrega	1582742204017	1582742213751	OK	 
REQUEST	6		Entrega	1582742202348	1582742214558	OK	 
REQUEST	8		Entrega	1582742207008	1582742215909	OK	 
REQUEST	2		Entrega	1582742207857	1582742218156	OK	 
REQUEST	10		Entrega	1582742211557	1582742218592	KO	status.find.is(200), but actually found 500
REQUEST	4		Entrega	1582742209847	1582742220654	OK	 
REQUEST	7		Entrega	1582742213508	1582742222133	OK	 
REQUEST	9		Entrega	1582742214757	1582742222878	KO	status.find.is(200), but actually found 500
REQUEST	1		Entrega	1582742213367	1582742223357	OK	 
REQUEST	8		Entrega	1582742216907	1582742223760	KO	status.find.is(200), but actually found 500
REQUEST	3		Entrega	1582742213726	1582742224015	OK	 
REQUEST	5		Entrega	1582742211348	1582742224283	KO	status.find.is(200), but actually found 500
REQUEST	6		Entrega	1582742215567	1582742225560	OK	 
REQUEST	4		Entrega	1582742221647	1582742228986	OK	 
REQUEST	2		Entrega	1582742219158	1582742229671	KO	status.find.is(200), but actually found 500
REQUEST	8		Entrega	1582742224758	1582742230857	OK	 
REQUEST	10		Entrega	1582742219597	1582742231011	KO	status.find.is(200), but actually found 500
REQUEST	1		Entrega	1582742224357	1582742231497	OK	 
REQUEST	6		Entrega	1582742226557	1582742232748	OK	 
REQUEST	9		Entrega	1582742223877	1582742233148	KO	status.find.is(200), but actually found 500
REQUEST	7		Entrega	1582742223137	1582742233977	KO	status.find.is(200), but actually found 500
REQUEST	5		Entrega	1582742225277	1582742234502	OK	 
REQUEST	3		Entrega	1582742225017	1582742234532	KO	status.find.is(200), but actually found 500
REQUEST	4		Entrega	1582742229997	1582742237328	OK	 
REQUEST	2		Entrega	1582742230667	1582742239201	OK	 
REQUEST	1		Entrega	1582742232497	1582742240927	KO	status.find.is(200), but actually found 500
REQUEST	8		Entrega	1582742231867	1582742241017	OK	 
REQUEST	9		Entrega	1582742234157	1582742241291	OK	 
REQUEST	10		Entrega	1582742232007	1582742242135	OK	 
REQUEST	7		Entrega	1582742234977	1582742243973	OK	 
REQUEST	6		Entrega	1582742233747	1582742244118	KO	status.find.is(200), but actually found 500
REQUEST	5		Entrega	1582742235507	1582742244249	KO	status.find.is(200), but actually found 500
REQUEST	4		Entrega	1582742238327	1582742246237	OK	 
REQUEST	3		Entrega	1582742235536	1582742246245	KO	status.find.is(200), but actually found 500
REQUEST	10		Entrega	1582742243138	1582742252471	OK	 
REQUEST	9		Entrega	1582742242288	1582742252547	KO	status.find.is(200), but actually found 500
REQUEST	1		Entrega	1582742241927	1582742252624	KO	status.find.is(200), but actually found 500
REQUEST	6		Entrega	1582742245128	1582742252831	KO	status.find.is(200), but actually found 500
REQUEST	5		Entrega	1582742245257	1582742255396	OK	 
REQUEST	7		Entrega	1582742244968	1582742255842	OK	 
REQUEST	4		Entrega	1582742247237	1582742258369	OK	 
REQUEST	2		Entrega	1582742240207	1582742258383	OK	 
REQUEST	3		Entrega	1582742247247	1582742258875	OK	 
REQUEST	8		Entrega	1582742242017	1582742259231	OK	 
REQUEST	1		Entrega	1582742253617	1582742260397	OK	 
REQUEST	6		Entrega	1582742253827	1582742261894	OK	 
REQUEST	9		Entrega	1582742253547	1582742261896	OK	 
REQUEST	10		Entrega	1582742253477	1582742263901	OK	 
REQUEST	7		Entrega	1582742256847	1582742264116	KO	status.find.is(200), but actually found 500
REQUEST	5		Entrega	1582742256397	1582742266803	OK	 
REQUEST	3		Entrega	1582742259877	1582742268379	OK	 
REQUEST	9		Entrega	1582742262896	1582742268911	OK	 
REQUEST	1		Entrega	1582742261407	1582742269791	KO	status.find.is(200), but actually found 500
REQUEST	2		Entrega	1582742259377	1582742270142	KO	status.find.is(200), but actually found 500
REQUEST	8		Entrega	1582742260227	1582742270388	OK	 
REQUEST	6		Entrega	1582742262886	1582742273336	OK	 
REQUEST	10		Entrega	1582742264898	1582742273550	KO	status.find.is(200), but actually found 500
REQUEST	4		Entrega	1582742259367	1582742276538	OK	 
REQUEST	5		Entrega	1582742267797	1582742279196	OK	 
REQUEST	2		Entrega	1582742271147	1582742279556	OK	 
REQUEST	8		Entrega	1582742271397	1582742280971	OK	 
REQUEST	7		Entrega	1582742265127	1582742280991	KO	status.find.is(200), but actually found 500
REQUEST	1		Entrega	1582742270787	1582742281381	KO	status.find.is(200), but actually found 500
REQUEST	9		Entrega	1582742269907	1582742283968	OK	 
REQUEST	10		Entrega	1582742274557	1582742284661	OK	 
REQUEST	4		Entrega	1582742277546	1582742286123	OK	 
REQUEST	3		Entrega	1582742269377	1582742286437	OK	 
REQUEST	6		Entrega	1582742274347	1582742286473	KO	status.find.is(200), but actually found 500
REQUEST	2		Entrega	1582742280567	1582742287151	OK	 
REQUEST	8		Entrega	1582742281967	1582742287845	KO	status.find.is(200), but actually found 500
REQUEST	5		Entrega	1582742280207	1582742288097	KO	status.find.is(200), but actually found 500
REQUEST	7		Entrega	1582742281977	1582742288804	OK	 
REQUEST	1		Entrega	1582742282387	1582742289338	OK	 
REQUEST	9		Entrega	1582742284977	1582742293013	OK	 
REQUEST	10		Entrega	1582742285657	1582742294075	OK	 
REQUEST	8		Entrega	1582742288847	1582742294357	OK	 
REQUEST	3		Entrega	1582742287447	1582742296174	OK	 
REQUEST	6		Entrega	1582742287467	1582742296576	KO	status.find.is(200), but actually found 500
REQUEST	4		Entrega	1582742287117	1582742297041	OK	 
REQUEST	7		Entrega	1582742289817	1582742297439	OK	 
REQUEST	2		Entrega	1582742288147	1582742297747	KO	status.find.is(200), but actually found 500
REQUEST	1		Entrega	1582742290337	1582742299106	OK	 
REQUEST	5		Entrega	1582742289096	1582742299701	OK	 
REQUEST	10		Entrega	1582742295086	1582742302480	OK	 
REQUEST	8		Entrega	1582742295357	1582742304823	OK	 
REQUEST	9		Entrega	1582742294007	1582742304953	KO	status.find.is(200), but actually found 500
REQUEST	3		Entrega	1582742297167	1582742305112	OK	 
REQUEST	6		Entrega	1582742297586	1582742306510	OK	 
REQUEST	7		Entrega	1582742298437	1582742306886	KO	status.find.is(200), but actually found 500
REQUEST	4		Entrega	1582742298047	1582742307069	OK	 
REQUEST	2		Entrega	1582742298747	1582742307566	KO	status.find.is(200), but actually found 500
REQUEST	5		Entrega	1582742300697	1582742308845	OK	 
REQUEST	1		Entrega	1582742300107	1582742309837	KO	status.find.is(200), but actually found 500
REQUEST	10		Entrega	1582742303476	1582742311719	OK	 
REQUEST	8		Entrega	1582742305817	1582742312215	OK	 
REQUEST	9		Entrega	1582742305957	1582742314350	OK	 
REQUEST	7		Entrega	1582742307897	1582742314904	OK	 
REQUEST	6		Entrega	1582742307507	1582742315827	OK	 
REQUEST	4		Entrega	1582742308067	1582742316502	OK	 
REQUEST	5		Entrega	1582742309837	1582742317486	KO	status.find.is(200), but actually found 500
REQUEST	3		Entrega	1582742306117	1582742318119	OK	 
REQUEST	2		Entrega	1582742308567	1582742318866	OK	 
REQUEST	1		Entrega	1582742310837	1582742319577	KO	status.find.is(200), but actually found 500
REQUEST	10		Entrega	1582742312717	1582742320324	OK	 
REQUEST	8		Entrega	1582742313217	1582742323048	OK	 
REQUEST	7		Entrega	1582742315897	1582742325400	OK	 
REQUEST	4		Entrega	1582742317497	1582742326245	OK	 
REQUEST	9		Entrega	1582742315356	1582742327143	KO	status.find.is(200), but actually found 500
REQUEST	3		Entrega	1582742319117	1582742328339	OK	 
REQUEST	5		Entrega	1582742318497	1582742328674	KO	status.find.is(200), but actually found 500
REQUEST	1		Entrega	1582742320586	1582742328932	KO	status.find.is(200), but actually found 500
REQUEST	2		Entrega	1582742319867	1582742329140	KO	status.find.is(200), but actually found 500
REQUEST	8		Entrega	1582742324057	1582742330117	OK	 
REQUEST	10		Entrega	1582742321317	1582742331050	KO	status.find.is(200), but actually found 500
REQUEST	6		Entrega	1582742316837	1582742333085	KO	status.find.is(200), but actually found 500
REQUEST	9		Entrega	1582742328137	1582742335961	OK	 
REQUEST	7		Entrega	1582742326407	1582742336124	KO	status.find.is(200), but actually found 500
REQUEST	4		Entrega	1582742327247	1582742337818	OK	 
REQUEST	3		Entrega	1582742329347	1582742338522	KO	status.find.is(200), but actually found 500
REQUEST	10		Entrega	1582742332057	1582742339927	OK	 
REQUEST	2		Entrega	1582742330137	1582742341711	OK	 
REQUEST	8		Entrega	1582742331117	1582742342592	KO	status.find.is(200), but actually found 500
REQUEST	9		Entrega	1582742336967	1582742344628	OK	 
REQUEST	6		Entrega	1582742334077	1582742344822	KO	status.find.is(200), but actually found 500
REQUEST	3		Entrega	1582742339517	1582742346300	OK	 
REQUEST	7		Entrega	1582742337117	1582742346946	OK	 
REQUEST	10		Entrega	1582742340937	1582742347697	OK	 
REQUEST	8		Entrega	1582742343587	1582742349987	OK	 
REQUEST	6		Entrega	1582742345827	1582742351177	OK	 
REQUEST	2		Entrega	1582742342717	1582742351181	KO	status.find.is(200), but actually found 500
REQUEST	5		Entrega	1582742329667	1582742353041	KO	status.find.is(200), but actually found 500
REQUEST	1		Entrega	1582742329927	1582742353045	KO	status.find.is(200), but actually found 500
REQUEST	3		Entrega	1582742347307	1582742353385	OK	 
REQUEST	9		Entrega	1582742345627	1582742353763	OK	 
REQUEST	7		Entrega	1582742347957	1582742356728	OK	 
REQUEST	10		Entrega	1582742348697	1582742357406	KO	status.find.is(200), but actually found 500
REQUEST	6		Entrega	1582742352177	1582742358848	OK	 
REQUEST	8		Entrega	1582742350998	1582742360638	OK	 
REQUEST	3		Entrega	1582742354387	1582742362283	OK	 
REQUEST	5		Entrega	1582742354047	1582742363124	KO	status.find.is(200), but actually found 500
REQUEST	7		Entrega	1582742357727	1582742363706	OK	 
REQUEST	4		Entrega	1582742338827	1582742363765	KO	status.find.is(200), but actually found 500
REQUEST	1		Entrega	1582742354037	1582742363946	OK	 
REQUEST	2		Entrega	1582742352177	1582742365156	KO	status.find.is(200), but actually found 500
REQUEST	6		Entrega	1582742359857	1582742365487	OK	 
REQUEST	9		Entrega	1582742354767	1582742366861	OK	 
REQUEST	10		Entrega	1582742358407	1582742369507	OK	 
REQUEST	5		Entrega	1582742364127	1582742371167	OK	 
REQUEST	8		Entrega	1582742361637	1582742371601	OK	 
REQUEST	1		Entrega	1582742364957	1582742371710	KO	status.find.is(200), but actually found 500
REQUEST	7		Entrega	1582742364707	1582742372966	OK	 
REQUEST	2		Entrega	1582742366167	1582742373986	OK	 
REQUEST	4		Entrega	1582742364757	1582742374384	KO	status.find.is(200), but actually found 500
REQUEST	6		Entrega	1582742366487	1582742374743	OK	 
REQUEST	9		Entrega	1582742367857	1582742375329	OK	 
REQUEST	3		Entrega	1582742363277	1582742376068	OK	 
REQUEST	8		Entrega	1582742372597	1582742378956	OK	 
REQUEST	10		Entrega	1582742370507	1582742380230	OK	 
REQUEST	5		Entrega	1582742372167	1582742380770	OK	 
REQUEST	1		Entrega	1582742372707	1582742381490	OK	 
REQUEST	9		Entrega	1582742376337	1582742385444	OK	 
REQUEST	3		Entrega	1582742377077	1582742385722	KO	status.find.is(200), but actually found 500
REQUEST	4		Entrega	1582742375387	1582742385742	KO	status.find.is(200), but actually found 500
REQUEST	2		Entrega	1582742374987	1582742385882	KO	status.find.is(200), but actually found 500
REQUEST	7		Entrega	1582742373967	1582742385891	OK	 
REQUEST	10		Entrega	1582742381227	1582742387543	OK	 
REQUEST	8		Entrega	1582742379967	1582742388399	OK	 
REQUEST	5		Entrega	1582742381767	1582742391615	OK	 
REQUEST	3		Entrega	1582742386717	1582742392166	OK	 
REQUEST	1		Entrega	1582742382496	1582742394490	OK	 
REQUEST	7		Entrega	1582742386898	1582742394769	KO	status.find.is(200), but actually found 500
REQUEST	9		Entrega	1582742386437	1582742395758	OK	 
REQUEST	6		Entrega	1582742375737	1582742397977	OK	 
REQUEST	4		Entrega	1582742386746	1582742398077	KO	status.find.is(200), but actually found 500
REQUEST	2		Entrega	1582742386877	1582742399023	KO	status.find.is(200), but actually found 500
REQUEST	7		Entrega	1582742395767	1582742399957	OK	 
REQUEST	8		Entrega	1582742389397	1582742400767	OK	 
REQUEST	5		Entrega	1582742392617	1582742401230	KO	status.find.is(200), but actually found 500
REQUEST	3		Entrega	1582742393177	1582742402677	OK	 
REQUEST	10		Entrega	1582742388547	1582742403002	KO	status.find.is(200), but actually found 500
REQUEST	4		Entrega	1582742399087	1582742405617	OK	 
REQUEST	1		Entrega	1582742395487	1582742406135	KO	status.find.is(200), but actually found 500
REQUEST	2		Entrega	1582742400017	1582742407910	OK	 
REQUEST	9		Entrega	1582742396767	1582742408209	KO	status.find.is(200), but actually found 500
REQUEST	5		Entrega	1582742402237	1582742408935	OK	 
REQUEST	6		Entrega	1582742398987	1582742410146	OK	 
REQUEST	7		Entrega	1582742400957	1582742412255	OK	 
REQUEST	3		Entrega	1582742403677	1582742412714	OK	 
REQUEST	8		Entrega	1582742401767	1582742414113	OK	 
REQUEST	10		Entrega	1582742403996	1582742414294	OK	 
REQUEST	4		Entrega	1582742406617	1582742466618	KO	i.g.h.c.i.RequestTimeoutException: Request timeout to ws.resgasa.com.ec/190.12.0.158:89 after 60000 ms
REQUEST	1		Entrega	1582742407127	1582742467128	KO	i.g.h.c.i.RequestTimeoutException: Request timeout to ws.resgasa.com.ec/190.12.0.158:89 after 60000 ms
REQUEST	2		Entrega	1582742408917	1582742468918	KO	i.g.h.c.i.RequestTimeoutException: Request timeout to ws.resgasa.com.ec/190.12.0.158:89 after 60000 ms
REQUEST	9		Entrega	1582742409207	1582742469208	KO	i.g.h.c.i.RequestTimeoutException: Request timeout to ws.resgasa.com.ec/190.12.0.158:89 after 60000 ms
REQUEST	5		Entrega	1582742409927	1582742469927	KO	i.g.h.c.i.RequestTimeoutException: Request timeout to ws.resgasa.com.ec/190.12.0.158:89 after 60000 ms
REQUEST	6		Entrega	1582742411147	1582742471148	KO	i.g.h.c.i.RequestTimeoutException: Request timeout to ws.resgasa.com.ec/190.12.0.158:89 after 60000 ms
REQUEST	7		Entrega	1582742413246	1582742473247	KO	i.g.h.c.i.RequestTimeoutException: Request timeout to ws.resgasa.com.ec/190.12.0.158:89 after 60000 ms
REQUEST	3		Entrega	1582742413707	1582742473707	KO	i.g.h.c.i.RequestTimeoutException: Request timeout to ws.resgasa.com.ec/190.12.0.158:89 after 60000 ms
REQUEST	8		Entrega	1582742415107	1582742475108	KO	i.g.h.c.i.RequestTimeoutException: Request timeout to ws.resgasa.com.ec/190.12.0.158:89 after 60000 ms
REQUEST	10		Entrega	1582742415297	1582742475298	KO	i.g.h.c.i.RequestTimeoutException: Request timeout to ws.resgasa.com.ec/190.12.0.158:89 after 60000 ms
REQUEST	4		Entrega	1582742467617	1582742527618	KO	i.g.h.c.i.RequestTimeoutException: Request timeout to ws.resgasa.com.ec/190.12.0.158:89 after 60000 ms
REQUEST	1		Entrega	1582742468138	1582742528138	KO	i.g.h.c.i.RequestTimeoutException: Request timeout to ws.resgasa.com.ec/190.12.0.158:89 after 60000 ms
REQUEST	2		Entrega	1582742469917	1582742529917	KO	i.g.h.c.i.RequestTimeoutException: Request timeout to ws.resgasa.com.ec/190.12.0.158:89 after 60000 ms
REQUEST	9		Entrega	1582742470207	1582742530207	KO	i.g.h.c.i.RequestTimeoutException: Request timeout to ws.resgasa.com.ec/190.12.0.158:89 after 60000 ms
REQUEST	5		Entrega	1582742470937	1582742530938	KO	i.g.h.c.i.RequestTimeoutException: Request timeout to ws.resgasa.com.ec/190.12.0.158:89 after 60000 ms
REQUEST	6		Entrega	1582742472147	1582742532147	KO	i.g.h.c.i.RequestTimeoutException: Request timeout to ws.resgasa.com.ec/190.12.0.158:89 after 60000 ms
REQUEST	7		Entrega	1582742474257	1582742534258	KO	i.g.h.c.i.RequestTimeoutException: Request timeout to ws.resgasa.com.ec/190.12.0.158:89 after 60000 ms
REQUEST	3		Entrega	1582742474717	1582742534718	KO	i.g.h.c.i.RequestTimeoutException: Request timeout to ws.resgasa.com.ec/190.12.0.158:89 after 60000 ms
REQUEST	8		Entrega	1582742476107	1582742536108	KO	i.g.h.c.i.RequestTimeoutException: Request timeout to ws.resgasa.com.ec/190.12.0.158:89 after 60000 ms
REQUEST	10		Entrega	1582742476307	1582742536308	KO	i.g.h.c.i.RequestTimeoutException: Request timeout to ws.resgasa.com.ec/190.12.0.158:89 after 60000 ms
REQUEST	4		Entrega	1582742528617	1582742588618	KO	i.g.h.c.i.RequestTimeoutException: Request timeout to ws.resgasa.com.ec/190.12.0.158:89 after 60000 ms
REQUEST	1		Entrega	1582742529137	1582742589137	KO	i.g.h.c.i.RequestTimeoutException: Request timeout to ws.resgasa.com.ec/190.12.0.158:89 after 60000 ms
REQUEST	2		Entrega	1582742530927	1582742590928	KO	i.g.h.c.i.RequestTimeoutException: Request timeout to ws.resgasa.com.ec/190.12.0.158:89 after 60000 ms
REQUEST	9		Entrega	1582742531217	1582742591217	KO	i.g.h.c.i.RequestTimeoutException: Request timeout to ws.resgasa.com.ec/190.12.0.158:89 after 60000 ms
REQUEST	5		Entrega	1582742531936	1582742591937	KO	i.g.h.c.i.RequestTimeoutException: Request timeout to ws.resgasa.com.ec/190.12.0.158:89 after 60000 ms
REQUEST	6		Entrega	1582742533147	1582742593148	KO	i.g.h.c.i.RequestTimeoutException: Request timeout to ws.resgasa.com.ec/190.12.0.158:89 after 60000 ms
REQUEST	7		Entrega	1582742535257	1582742595258	KO	i.g.h.c.i.RequestTimeoutException: Request timeout to ws.resgasa.com.ec/190.12.0.158:89 after 60000 ms
REQUEST	3		Entrega	1582742535717	1582742595717	KO	i.g.h.c.i.RequestTimeoutException: Request timeout to ws.resgasa.com.ec/190.12.0.158:89 after 60000 ms
REQUEST	8		Entrega	1582742537117	1582742597118	KO	i.g.h.c.i.RequestTimeoutException: Request timeout to ws.resgasa.com.ec/190.12.0.158:89 after 60000 ms
REQUEST	10		Entrega	1582742537307	1582742597308	KO	i.g.h.c.i.RequestTimeoutException: Request timeout to ws.resgasa.com.ec/190.12.0.158:89 after 60000 ms
REQUEST	4		Entrega	1582742589617	1582742649618	KO	i.g.h.c.i.RequestTimeoutException: Request timeout to ws.resgasa.com.ec/190.12.0.158:89 after 60000 ms
REQUEST	1		Entrega	1582742590147	1582742650148	KO	i.g.h.c.i.RequestTimeoutException: Request timeout to ws.resgasa.com.ec/190.12.0.158:89 after 60000 ms
REQUEST	2		Entrega	1582742591926	1582742651926	KO	i.g.h.c.i.RequestTimeoutException: Request timeout to ws.resgasa.com.ec/190.12.0.158:89 after 60000 ms
REQUEST	9		Entrega	1582742592217	1582742652218	KO	i.g.h.c.i.RequestTimeoutException: Request timeout to ws.resgasa.com.ec/190.12.0.158:89 after 60000 ms
REQUEST	5		Entrega	1582742592937	1582742652937	KO	i.g.h.c.i.RequestTimeoutException: Request timeout to ws.resgasa.com.ec/190.12.0.158:89 after 60000 ms
REQUEST	6		Entrega	1582742594147	1582742654148	KO	i.g.h.c.i.RequestTimeoutException: Request timeout to ws.resgasa.com.ec/190.12.0.158:89 after 60000 ms
REQUEST	7		Entrega	1582742596266	1582742656268	KO	i.g.h.c.i.RequestTimeoutException: Request timeout to ws.resgasa.com.ec/190.12.0.158:89 after 60000 ms
REQUEST	3		Entrega	1582742596717	1582742656717	KO	i.g.h.c.i.RequestTimeoutException: Request timeout to ws.resgasa.com.ec/190.12.0.158:89 after 60000 ms
REQUEST	8		Entrega	1582742598117	1582742658117	KO	i.g.h.c.i.RequestTimeoutException: Request timeout to ws.resgasa.com.ec/190.12.0.158:89 after 60000 ms
REQUEST	10		Entrega	1582742598307	1582742658307	KO	i.g.h.c.i.RequestTimeoutException: Request timeout to ws.resgasa.com.ec/190.12.0.158:89 after 60000 ms
REQUEST	4		Entrega	1582742650617	1582742710617	KO	i.g.h.c.i.RequestTimeoutException: Request timeout to ws.resgasa.com.ec/190.12.0.158:89 after 60000 ms
REQUEST	1		Entrega	1582742651147	1582742711147	KO	i.g.h.c.i.RequestTimeoutException: Request timeout to ws.resgasa.com.ec/190.12.0.158:89 after 60000 ms
USER	Entregas	1	END	1582740670060	1582742712152
REQUEST	2		Entrega	1582742652927	1582742712928	KO	i.g.h.c.i.RequestTimeoutException: Request timeout to ws.resgasa.com.ec/190.12.0.158:89 after 60000 ms
REQUEST	9		Entrega	1582742653216	1582742713217	KO	i.g.h.c.i.RequestTimeoutException: Request timeout to ws.resgasa.com.ec/190.12.0.158:89 after 60000 ms
REQUEST	5		Entrega	1582742653937	1582742713937	KO	i.g.h.c.i.RequestTimeoutException: Request timeout to ws.resgasa.com.ec/190.12.0.158:89 after 60000 ms
REQUEST	6		Entrega	1582742655147	1582742715148	KO	i.g.h.c.i.RequestTimeoutException: Request timeout to ws.resgasa.com.ec/190.12.0.158:89 after 60000 ms
REQUEST	7		Entrega	1582742657268	1582742717269	KO	i.g.h.c.i.RequestTimeoutException: Request timeout to ws.resgasa.com.ec/190.12.0.158:89 after 60000 ms
REQUEST	3		Entrega	1582742657717	1582742717717	KO	i.g.h.c.i.RequestTimeoutException: Request timeout to ws.resgasa.com.ec/190.12.0.158:89 after 60000 ms
USER	Entregas	7	END	1582740670093	1582742718267
REQUEST	8		Entrega	1582742659117	1582742719117	KO	i.g.h.c.i.RequestTimeoutException: Request timeout to ws.resgasa.com.ec/190.12.0.158:89 after 60000 ms
REQUEST	10		Entrega	1582742659317	1582742719317	KO	i.g.h.c.i.RequestTimeoutException: Request timeout to ws.resgasa.com.ec/190.12.0.158:89 after 60000 ms
USER	Entregas	10	END	1582740670093	1582742720317
REQUEST	8		Entrega	1582742720127	1582742770130	KO	j.i.IOException: Premature close
REQUEST	9		Entrega	1582742714217	1582742770130	KO	j.i.IOException: Premature close
REQUEST	5		Entrega	1582742714937	1582742770132	KO	j.i.IOException: Premature close
REQUEST	4		Entrega	1582742711627	1582742770132	KO	j.i.IOException: Premature close
REQUEST	6		Entrega	1582742716147	1582742770130	KO	j.i.IOException: Premature close
REQUEST	3		Entrega	1582742718717	1582742770131	KO	j.i.IOException: Premature close
REQUEST	2		Entrega	1582742713927	1582742770131	KO	j.i.IOException: Premature close
REQUEST	3		Entrega	1582742771137	1582742784256	OK	 
REQUEST	4		Entrega	1582742771126	1582742786389	OK	 
REQUEST	5		Entrega	1582742771137	1582742789151	OK	 
REQUEST	2		Entrega	1582742771127	1582742789663	KO	status.find.is(200), but actually found 500
REQUEST	6		Entrega	1582742771137	1582742792737	OK	 
REQUEST	3		Entrega	1582742785267	1582742794005	OK	 
REQUEST	9		Entrega	1582742771137	1582742795495	OK	 
REQUEST	8		Entrega	1582742771117	1582742796763	OK	 
REQUEST	4		Entrega	1582742787386	1582742799145	OK	 
USER	Entregas	4	END	1582740670061	1582742800157
REQUEST	6		Entrega	1582742793738	1582742801128	OK	 
REQUEST	5		Entrega	1582742790147	1582742801511	KO	status.find.is(200), but actually found 500
USER	Entregas	5	END	1582740670085	1582742802516
REQUEST	3		Entrega	1582742794997	1582742803024	OK	 
REQUEST	2		Entrega	1582742790667	1582742804150	OK	 
REQUEST	8		Entrega	1582742797767	1582742805633	OK	 
USER	Entregas	8	END	1582740670101	1582742806637
REQUEST	9		Entrega	1582742796506	1582742806883	OK	 
USER	Entregas	9	END	1582740670097	1582742807876
REQUEST	3		Entrega	1582742804027	1582742810075	OK	 
REQUEST	6		Entrega	1582742802126	1582742812614	OK	 
REQUEST	2		Entrega	1582742805157	1582742816639	OK	 
USER	Entregas	2	END	1582740670060	1582742817636
REQUEST	3		Entrega	1582742811077	1582742819409	OK	 
REQUEST	6		Entrega	1582742813607	1582742821783	OK	 
REQUEST	6		Entrega	1582742822787	1582742828059	OK	 
REQUEST	3		Entrega	1582742820417	1582742828632	OK	 
USER	Entregas	3	END	1582740670060	1582742829627
REQUEST	6		Entrega	1582742829067	1582742831889	OK	 
USER	Entregas	6	END	1582740670091	1582742832887
