RUN	ResgasaSimulation	resgasasimulation	1582735333766	 	3.3.1
USER	Pedido	10	START	1582735336384	1582735336384
USER	Pedido	6	START	1582735336378	1582735336378
USER	Pedido	2	START	1582735336377	1582735336377
USER	Pedido	9	START	1582735336383	1582735336383
USER	Pedido	3	START	1582735336377	1582735336377
USER	Pedido	8	START	1582735336386	1582735336386
USER	Pedido	1	START	1582735336377	1582735336377
USER	Pedido	4	START	1582735336377	1582735336377
USER	Pedido	7	START	1582735336384	1582735336384
USER	Pedido	5	START	1582735336377	1582735336377
REQUEST	8		ResgasaToken	1582735336484	1582735336811	OK	 
REQUEST	5		ResgasaToken	1582735336486	1582735336811	OK	 
REQUEST	7		ResgasaToken	1582735336483	1582735336811	OK	 
REQUEST	1		ResgasaToken	1582735336483	1582735336811	OK	 
REQUEST	6		ResgasaToken	1582735336484	1582735336811	OK	 
REQUEST	4		ResgasaToken	1582735336498	1582735336811	OK	 
REQUEST	9		ResgasaToken	1582735336486	1582735336963	OK	 
REQUEST	2		ResgasaToken	1582735336483	1582735336811	OK	 
REQUEST	3		ResgasaToken	1582735336485	1582735336811	OK	 
REQUEST	10		ResgasaToken	1582735336483	1582735336966	OK	 
REQUEST	6		Pedido	1582735336990	1582735337425	KO	status.find.is(200), but actually found 500
REQUEST	3		Pedido	1582735337009	1582735337553	OK	 
REQUEST	8		Pedido	1582735336994	1582735354622	OK	 
REQUEST	3		Pedido	1582735338421	1582735357205	OK	 
REQUEST	4		Pedido	1582735336991	1582735360096	OK	 
REQUEST	2		Pedido	1582735336998	1582735365750	OK	 
REQUEST	1		Pedido	1582735336984	1582735374768	OK	 
REQUEST	7		Pedido	1582735336988	1582735383078	OK	 
REQUEST	9		Pedido	1582735336996	1582735385661	OK	 
REQUEST	2		Pedido	1582735366623	1582735393242	OK	 
REQUEST	4		Pedido	1582735360963	1582735395708	OK	 
REQUEST	5		Pedido	1582735336982	1582735396983	KO	i.g.h.c.i.RequestTimeoutException: Request timeout to ws.resgasa.com.ec/190.12.0.158:89 after 60000 ms
REQUEST	10		Pedido	1582735337010	1582735397011	KO	i.g.h.c.i.RequestTimeoutException: Request timeout to ws.resgasa.com.ec/190.12.0.158:89 after 60000 ms
REQUEST	6		Pedido	1582735338313	1582735398314	KO	i.g.h.c.i.RequestTimeoutException: Request timeout to ws.resgasa.com.ec/190.12.0.158:89 after 60000 ms
REQUEST	1		Pedido	1582735375642	1582735407021	KO	status.find.is(200), but actually found 500
REQUEST	8		Pedido	1582735355492	1582735407021	KO	status.find.is(200), but actually found 500
REQUEST	3		Pedido	1582735358203	1582735413346	OK	 
REQUEST	9		Pedido	1582735386681	1582735414962	OK	 
REQUEST	5		Pedido	1582735397862	1582735417041	OK	 
REQUEST	4		Pedido	1582735396713	1582735424650	OK	 
REQUEST	2		Pedido	1582735394242	1582735427429	OK	 
REQUEST	7		Pedido	1582735383952	1582735429977	OK	 
REQUEST	8		Pedido	1582735408022	1582735437563	OK	 
REQUEST	3		Pedido	1582735414352	1582735440050	OK	 
REQUEST	3		Pedido	1582735441062	1582735441116	OK	 
REQUEST	6		Pedido	1582735399302	1582735441786	OK	 
REQUEST	5		Pedido	1582735418043	1582735443672	OK	 
REQUEST	2		Pedido	1582735428441	1582735446106	OK	 
REQUEST	10		Pedido	1582735398021	1582735447945	OK	 
REQUEST	7		Pedido	1582735430971	1582735450366	OK	 
REQUEST	9		Pedido	1582735415972	1582735452901	OK	 
REQUEST	4		Pedido	1582735425662	1582735455402	OK	 
REQUEST	1		Pedido	1582735408023	1582735457421	OK	 
REQUEST	8		Pedido	1582735438571	1582735459295	OK	 
REQUEST	2		Pedido	1582735447103	1582735461551	OK	 
REQUEST	5		Pedido	1582735444672	1582735463540	OK	 
REQUEST	6		Pedido	1582735442792	1582735465215	OK	 
REQUEST	3		Pedido	1582735442111	1582735467563	OK	 
REQUEST	7		Pedido	1582735451372	1582735469838	OK	 
REQUEST	4		Pedido	1582735456402	1582735472149	OK	 
REQUEST	10		Pedido	1582735448941	1582735474054	OK	 
REQUEST	1		Pedido	1582735458422	1582735476345	OK	 
REQUEST	2		Pedido	1582735462551	1582735478638	OK	 
REQUEST	6		Pedido	1582735466221	1582735488002	OK	 
REQUEST	9		Pedido	1582735453901	1582735493775	OK	 
REQUEST	8		Pedido	1582735460291	1582735495571	OK	 
REQUEST	5		Pedido	1582735464551	1582735497179	OK	 
REQUEST	3		Pedido	1582735468571	1582735499435	OK	 
REQUEST	2		Pedido	1582735479650	1582735501331	OK	 
REQUEST	4		Pedido	1582735473153	1582735502896	OK	 
REQUEST	10		Pedido	1582735475062	1582735504952	OK	 
REQUEST	7		Pedido	1582735470852	1582735506990	OK	 
REQUEST	9		Pedido	1582735494772	1582735508914	OK	 
REQUEST	6		Pedido	1582735489001	1582735510864	OK	 
REQUEST	1		Pedido	1582735477341	1582735512360	OK	 
REQUEST	5		Pedido	1582735498182	1582735514371	OK	 
REQUEST	8		Pedido	1582735496581	1582735516200	OK	 
REQUEST	3		Pedido	1582735500432	1582735517992	OK	 
REQUEST	2		Pedido	1582735502331	1582735520272	OK	 
REQUEST	4		Pedido	1582735503891	1582735521956	OK	 
REQUEST	10		Pedido	1582735505962	1582735565963	KO	i.g.h.c.i.RequestTimeoutException: Request timeout to ws.resgasa.com.ec/190.12.0.158:89 after 60000 ms
REQUEST	7		Pedido	1582735507991	1582735567991	KO	i.g.h.c.i.RequestTimeoutException: Request timeout to ws.resgasa.com.ec/190.12.0.158:89 after 60000 ms
REQUEST	9		Pedido	1582735509922	1582735569922	KO	i.g.h.c.i.RequestTimeoutException: Request timeout to ws.resgasa.com.ec/190.12.0.158:89 after 60000 ms
REQUEST	6		Pedido	1582735511871	1582735571872	KO	i.g.h.c.i.RequestTimeoutException: Request timeout to ws.resgasa.com.ec/190.12.0.158:89 after 60000 ms
REQUEST	1		Pedido	1582735513370	1582735573371	KO	i.g.h.c.i.RequestTimeoutException: Request timeout to ws.resgasa.com.ec/190.12.0.158:89 after 60000 ms
REQUEST	5		Pedido	1582735515371	1582735575373	KO	i.g.h.c.i.RequestTimeoutException: Request timeout to ws.resgasa.com.ec/190.12.0.158:89 after 60000 ms
REQUEST	10		Pedido	1582735566961	1582735577146	OK	 
REQUEST	8		Pedido	1582735517202	1582735577204	KO	i.g.h.c.i.RequestTimeoutException: Request timeout to ws.resgasa.com.ec/190.12.0.158:89 after 60000 ms
REQUEST	8		Pedido	1582735578201	1582735578263	OK	 
REQUEST	3		Pedido	1582735519001	1582735579002	KO	i.g.h.c.i.RequestTimeoutException: Request timeout to ws.resgasa.com.ec/190.12.0.158:89 after 60000 ms
REQUEST	7		Pedido	1582735568991	1582735579616	OK	 
REQUEST	2		Pedido	1582735521271	1582735581272	KO	i.g.h.c.i.RequestTimeoutException: Request timeout to ws.resgasa.com.ec/190.12.0.158:89 after 60000 ms
REQUEST	9		Pedido	1582735570921	1582735581932	OK	 
REQUEST	4		Pedido	1582735522962	1582735582962	KO	i.g.h.c.i.RequestTimeoutException: Request timeout to ws.resgasa.com.ec/190.12.0.158:89 after 60000 ms
REQUEST	6		Pedido	1582735572872	1582735586591	OK	 
REQUEST	1		Pedido	1582735574371	1582735588522	OK	 
REQUEST	5		Pedido	1582735576362	1582735590652	OK	 
REQUEST	3		Pedido	1582735580001	1582735592537	OK	 
USER	Pedido	3	END	1582735336377	1582735593533
REQUEST	8		Pedido	1582735579271	1582735594321	OK	 
REQUEST	2		Pedido	1582735582271	1582735595812	OK	 
USER	Pedido	2	END	1582735336377	1582735596811
REQUEST	9		Pedido	1582735582942	1582735597448	OK	 
REQUEST	7		Pedido	1582735580611	1582735605380	OK	 
REQUEST	4		Pedido	1582735583971	1582735607055	OK	 
REQUEST	5		Pedido	1582735591661	1582735608755	OK	 
REQUEST	10		Pedido	1582735578140	1582735610511	OK	 
REQUEST	1		Pedido	1582735589521	1582735617454	OK	 
REQUEST	1		Pedido	1582735618462	1582735618558	OK	 
REQUEST	6		Pedido	1582735587602	1582735619119	OK	 
REQUEST	8		Pedido	1582735595322	1582735620664	OK	 
USER	Pedido	8	END	1582735336386	1582735621661
REQUEST	7		Pedido	1582735606391	1582735622396	OK	 
REQUEST	9		Pedido	1582735598450	1582735624034	OK	 
REQUEST	4		Pedido	1582735608051	1582735625567	OK	 
USER	Pedido	4	END	1582735336377	1582735626571
REQUEST	5		Pedido	1582735609761	1582735627481	OK	 
USER	Pedido	5	END	1582735336377	1582735628480
REQUEST	10		Pedido	1582735611521	1582735629156	OK	 
REQUEST	7		Pedido	1582735623391	1582735636032	OK	 
USER	Pedido	7	END	1582735336384	1582735637040
REQUEST	9		Pedido	1582735625032	1582735644112	OK	 
USER	Pedido	9	END	1582735336383	1582735645110
REQUEST	1		Pedido	1582735619552	1582735649780	OK	 
USER	Pedido	1	END	1582735336377	1582735650790
REQUEST	6		Pedido	1582735620122	1582735651148	OK	 
USER	Pedido	6	END	1582735336378	1582735652140
REQUEST	10		Pedido	1582735630151	1582735652575	OK	 
REQUEST	10		Pedido	1582735653581	1582735653677	OK	 
USER	Pedido	10	END	1582735336384	1582735654680
